{"C:\\Users\\Fernando\\a42-app\\src\\components\\ui\\ConfirmModal.tsx": {"path":"C:\\Users\\Fernando\\a42-app\\src\\components\\ui\\ConfirmModal.tsx","statementMap":{"0":{"start":{"line":12,"column":57},"end":{"line":53,"column":null}},"1":{"start":{"line":20,"column":2},"end":{"line":20,"column":null}},"2":{"start":{"line":20,"column":15},"end":{"line":20,"column":null}},"3":{"start":{"line":22,"column":2},"end":{"line":51,"column":null}}},"fnMap":{"0":{"name":"(anonymous_0)","decl":{"start":{"line":12,"column":57},"end":{"line":12,"column":58}},"loc":{"start":{"line":19,"column":6},"end":{"line":53,"column":null}},"line":19}},"branchMap":{"0":{"loc":{"start":{"line":18,"column":2},"end":{"line":18,"column":null}},"type":"default-arg","locations":[{"start":{"line":18,"column":18},"end":{"line":18,"column":null}}],"line":18},"1":{"loc":{"start":{"line":20,"column":2},"end":{"line":20,"column":null}},"type":"if","locations":[{"start":{"line":20,"column":2},"end":{"line":20,"column":null}},{"start":{},"end":{}}],"line":20},"2":{"loc":{"start":{"line":42,"column":14},"end":{"line":44,"column":null}},"type":"cond-expr","locations":[{"start":{"line":43,"column":18},"end":{"line":43,"column":null}},{"start":{"line":44,"column":18},"end":{"line":44,"column":null}}],"line":42},"3":{"loc":{"start":{"line":47,"column":13},"end":{"line":47,"column":null}},"type":"cond-expr","locations":[{"start":{"line":47,"column":29},"end":{"line":47,"column":51}},{"start":{"line":47,"column":51},"end":{"line":47,"column":null}}],"line":47}},"s":{"0":1,"1":13,"2":2,"3":11},"f":{"0":13},"b":{"0":[13],"1":[2,11],"2":[2,9],"3":[2,9]},"meta":{"lastBranch":4,"lastFunction":1,"lastStatement":4,"seen":{"s:12:57:53:Infinity":0,"f:12:57:12:58":0,"b:18:18:18:Infinity":0,"b:20:2:20:Infinity:undefined:undefined:undefined:undefined":1,"s:20:2:20:Infinity":1,"s:20:15:20:Infinity":2,"s:22:2:51:Infinity":3,"b:43:18:43:Infinity:44:18:44:Infinity":2,"b:47:29:47:51:47:51:47:Infinity":3}}}
,"C:\\Users\\Fernando\\a42-app\\src\\features\\editor\\data\\fence_presets.ts": {"path":"C:\\Users\\Fernando\\a42-app\\src\\features\\editor\\data\\fence_presets.ts","statementMap":{"0":{"start":{"line":29,"column":58},"end":{"line":111,"column":null}}},"fnMap":{},"branchMap":{},"s":{"0":1},"f":{},"b":{},"meta":{"lastBranch":0,"lastFunction":0,"lastStatement":1,"seen":{"s:29:58:111:Infinity":0}}}
,"C:\\Users\\Fernando\\a42-app\\src\\stores\\auth\\useAuthStore.ts": {"path":"C:\\Users\\Fernando\\a42-app\\src\\stores\\auth\\useAuthStore.ts","statementMap":{"0":{"start":{"line":21,"column":13},"end":{"line":33,"column":null}},"1":{"start":{"line":21,"column":56},"end":{"line":33,"column":2}},"2":{"start":{"line":26,"column":21},"end":{"line":26,"column":null}},"3":{"start":{"line":27,"column":27},"end":{"line":27,"column":null}},"4":{"start":{"line":30,"column":4},"end":{"line":30,"column":null}},"5":{"start":{"line":31,"column":4},"end":{"line":31,"column":null}}},"fnMap":{"0":{"name":"(anonymous_0)","decl":{"start":{"line":21,"column":46},"end":{"line":21,"column":47}},"loc":{"start":{"line":21,"column":56},"end":{"line":33,"column":2}},"line":21},"1":{"name":"(anonymous_1)","decl":{"start":{"line":26,"column":11},"end":{"line":26,"column":12}},"loc":{"start":{"line":26,"column":21},"end":{"line":26,"column":null}},"line":26},"2":{"name":"(anonymous_2)","decl":{"start":{"line":27,"column":14},"end":{"line":27,"column":15}},"loc":{"start":{"line":27,"column":27},"end":{"line":27,"column":null}},"line":27},"3":{"name":"(anonymous_3)","decl":{"start":{"line":29,"column":10},"end":{"line":29,"column":22}},"loc":{"start":{"line":29,"column":22},"end":{"line":32,"column":null}},"line":29}},"branchMap":{},"s":{"0":1,"1":1,"2":12,"3":7,"4":1,"5":1},"f":{"0":1,"1":12,"2":7,"3":1},"b":{},"meta":{"lastBranch":0,"lastFunction":4,"lastStatement":6,"seen":{"s:21:13:33:Infinity":0,"f:21:46:21:47":0,"s:21:56:33:2":1,"f:26:11:26:12":1,"s:26:21:26:Infinity":2,"f:27:14:27:15":2,"s:27:27:27:Infinity":3,"f:29:10:29:22":3,"s:30:4:30:Infinity":4,"s:31:4:31:Infinity":5}}}
,"C:\\Users\\Fernando\\a42-app\\src\\stores\\scene\\useSceneStore.ts": {"path":"C:\\Users\\Fernando\\a42-app\\src\\stores\\scene\\useSceneStore.ts","statementMap":{"0":{"start":{"line":63,"column":13},"end":{"line":259,"column":null}},"1":{"start":{"line":63,"column":63},"end":{"line":259,"column":2}},"2":{"start":{"line":79,"column":21},"end":{"line":79,"column":null}},"3":{"start":{"line":80,"column":4},"end":{"line":83,"column":null}},"4":{"start":{"line":80,"column":20},"end":{"line":83,"column":6}},"5":{"start":{"line":90,"column":4},"end":{"line":90,"column":null}},"6":{"start":{"line":91,"column":4},"end":{"line":94,"column":null}},"7":{"start":{"line":91,"column":20},"end":{"line":94,"column":6}},"8":{"start":{"line":101,"column":4},"end":{"line":101,"column":null}},"9":{"start":{"line":102,"column":4},"end":{"line":108,"column":null}},"10":{"start":{"line":103,"column":23},"end":{"line":103,"column":null}},"11":{"start":{"line":103,"column":52},"end":{"line":103,"column":70}},"12":{"start":{"line":104,"column":6},"end":{"line":107,"column":null}},"13":{"start":{"line":106,"column":51},"end":{"line":106,"column":69}},"14":{"start":{"line":115,"column":4},"end":{"line":126,"column":null}},"15":{"start":{"line":115,"column":20},"end":{"line":126,"column":6}},"16":{"start":{"line":117,"column":8},"end":{"line":124,"column":null}},"17":{"start":{"line":132,"column":4},"end":{"line":138,"column":null}},"18":{"start":{"line":132,"column":20},"end":{"line":138,"column":6}},"19":{"start":{"line":134,"column":8},"end":{"line":136,"column":null}},"20":{"start":{"line":144,"column":4},"end":{"line":156,"column":null}},"21":{"start":{"line":144,"column":20},"end":{"line":156,"column":6}},"22":{"start":{"line":146,"column":8},"end":{"line":154,"column":null}},"23":{"start":{"line":162,"column":4},"end":{"line":166,"column":null}},"24":{"start":{"line":162,"column":20},"end":{"line":166,"column":6}},"25":{"start":{"line":164,"column":8},"end":{"line":164,"column":null}},"26":{"start":{"line":173,"column":4},"end":{"line":177,"column":null}},"27":{"start":{"line":173,"column":20},"end":{"line":177,"column":6}},"28":{"start":{"line":175,"column":8},"end":{"line":175,"column":null}},"29":{"start":{"line":184,"column":4},"end":{"line":186,"column":null}},"30":{"start":{"line":184,"column":20},"end":{"line":186,"column":6}},"31":{"start":{"line":192,"column":4},"end":{"line":192,"column":null}},"32":{"start":{"line":193,"column":4},"end":{"line":203,"column":null}},"33":{"start":{"line":193,"column":20},"end":{"line":203,"column":6}},"34":{"start":{"line":195,"column":8},"end":{"line":200,"column":null}},"35":{"start":{"line":196,"column":10},"end":{"line":199,"column":null}},"36":{"start":{"line":201,"column":8},"end":{"line":201,"column":null}},"37":{"start":{"line":210,"column":36},"end":{"line":210,"column":null}},"38":{"start":{"line":211,"column":4},"end":{"line":211,"column":null}},"39":{"start":{"line":211,"column":27},"end":{"line":211,"column":null}},"40":{"start":{"line":213,"column":21},"end":{"line":213,"column":null}},"41":{"start":{"line":214,"column":4},"end":{"line":219,"column":null}},"42":{"start":{"line":218,"column":49},"end":{"line":218,"column":67}},"43":{"start":{"line":226,"column":36},"end":{"line":226,"column":null}},"44":{"start":{"line":227,"column":4},"end":{"line":227,"column":null}},"45":{"start":{"line":227,"column":29},"end":{"line":227,"column":null}},"46":{"start":{"line":229,"column":17},"end":{"line":229,"column":null}},"47":{"start":{"line":230,"column":4},"end":{"line":235,"column":null}},"48":{"start":{"line":234,"column":45},"end":{"line":234,"column":63}},"49":{"start":{"line":242,"column":4},"end":{"line":247,"column":null}},"50":{"start":{"line":253,"column":4},"end":{"line":258,"column":null}},"51":{"start":{"line":255,"column":49},"end":{"line":255,"column":67}}},"fnMap":{"0":{"name":"(anonymous_0)","decl":{"start":{"line":63,"column":48},"end":{"line":63,"column":49}},"loc":{"start":{"line":63,"column":63},"end":{"line":259,"column":2}},"line":63},"1":{"name":"(anonymous_1)","decl":{"start":{"line":78,"column":16},"end":{"line":78,"column":22}},"loc":{"start":{"line":78,"column":22},"end":{"line":84,"column":null}},"line":78},"2":{"name":"(anonymous_2)","decl":{"start":{"line":80,"column":8},"end":{"line":80,"column":9}},"loc":{"start":{"line":80,"column":20},"end":{"line":83,"column":6}},"line":80},"3":{"name":"(anonymous_3)","decl":{"start":{"line":89,"column":11},"end":{"line":89,"column":12}},"loc":{"start":{"line":89,"column":21},"end":{"line":95,"column":null}},"line":89},"4":{"name":"(anonymous_4)","decl":{"start":{"line":91,"column":8},"end":{"line":91,"column":9}},"loc":{"start":{"line":91,"column":20},"end":{"line":94,"column":6}},"line":91},"5":{"name":"(anonymous_5)","decl":{"start":{"line":100,"column":14},"end":{"line":100,"column":15}},"loc":{"start":{"line":100,"column":24},"end":{"line":109,"column":null}},"line":100},"6":{"name":"(anonymous_6)","decl":{"start":{"line":102,"column":8},"end":{"line":102,"column":9}},"loc":{"start":{"line":102,"column":19},"end":{"line":108,"column":5}},"line":102},"7":{"name":"(anonymous_7)","decl":{"start":{"line":103,"column":42},"end":{"line":103,"column":43}},"loc":{"start":{"line":103,"column":52},"end":{"line":103,"column":70}},"line":103},"8":{"name":"(anonymous_8)","decl":{"start":{"line":106,"column":36},"end":{"line":106,"column":37}},"loc":{"start":{"line":106,"column":51},"end":{"line":106,"column":69}},"line":106},"9":{"name":"(anonymous_9)","decl":{"start":{"line":114,"column":23},"end":{"line":114,"column":24}},"loc":{"start":{"line":115,"column":4},"end":{"line":126,"column":null}},"line":115},"10":{"name":"(anonymous_10)","decl":{"start":{"line":115,"column":8},"end":{"line":115,"column":9}},"loc":{"start":{"line":115,"column":20},"end":{"line":126,"column":6}},"line":115},"11":{"name":"(anonymous_11)","decl":{"start":{"line":116,"column":29},"end":{"line":116,"column":30}},"loc":{"start":{"line":117,"column":8},"end":{"line":124,"column":null}},"line":117},"12":{"name":"(anonymous_12)","decl":{"start":{"line":131,"column":23},"end":{"line":131,"column":24}},"loc":{"start":{"line":132,"column":4},"end":{"line":138,"column":null}},"line":132},"13":{"name":"(anonymous_13)","decl":{"start":{"line":132,"column":8},"end":{"line":132,"column":9}},"loc":{"start":{"line":132,"column":20},"end":{"line":138,"column":6}},"line":132},"14":{"name":"(anonymous_14)","decl":{"start":{"line":133,"column":29},"end":{"line":133,"column":30}},"loc":{"start":{"line":134,"column":8},"end":{"line":136,"column":null}},"line":134},"15":{"name":"(anonymous_15)","decl":{"start":{"line":143,"column":22},"end":{"line":143,"column":23}},"loc":{"start":{"line":144,"column":4},"end":{"line":156,"column":null}},"line":144},"16":{"name":"(anonymous_16)","decl":{"start":{"line":144,"column":8},"end":{"line":144,"column":9}},"loc":{"start":{"line":144,"column":20},"end":{"line":156,"column":6}},"line":144},"17":{"name":"(anonymous_17)","decl":{"start":{"line":145,"column":29},"end":{"line":145,"column":30}},"loc":{"start":{"line":146,"column":8},"end":{"line":154,"column":null}},"line":146},"18":{"name":"(anonymous_18)","decl":{"start":{"line":161,"column":21},"end":{"line":161,"column":22}},"loc":{"start":{"line":161,"column":39},"end":{"line":167,"column":null}},"line":161},"19":{"name":"(anonymous_19)","decl":{"start":{"line":162,"column":8},"end":{"line":162,"column":9}},"loc":{"start":{"line":162,"column":20},"end":{"line":166,"column":6}},"line":162},"20":{"name":"(anonymous_20)","decl":{"start":{"line":163,"column":29},"end":{"line":163,"column":30}},"loc":{"start":{"line":164,"column":8},"end":{"line":164,"column":null}},"line":164},"21":{"name":"(anonymous_21)","decl":{"start":{"line":172,"column":21},"end":{"line":172,"column":22}},"loc":{"start":{"line":172,"column":39},"end":{"line":178,"column":null}},"line":172},"22":{"name":"(anonymous_22)","decl":{"start":{"line":173,"column":8},"end":{"line":173,"column":9}},"loc":{"start":{"line":173,"column":20},"end":{"line":177,"column":6}},"line":173},"23":{"name":"(anonymous_23)","decl":{"start":{"line":174,"column":29},"end":{"line":174,"column":30}},"loc":{"start":{"line":175,"column":8},"end":{"line":175,"column":null}},"line":175},"24":{"name":"(anonymous_24)","decl":{"start":{"line":183,"column":18},"end":{"line":183,"column":19}},"loc":{"start":{"line":184,"column":4},"end":{"line":186,"column":null}},"line":184},"25":{"name":"(anonymous_25)","decl":{"start":{"line":184,"column":8},"end":{"line":184,"column":9}},"loc":{"start":{"line":184,"column":20},"end":{"line":186,"column":6}},"line":184},"26":{"name":"(anonymous_26)","decl":{"start":{"line":191,"column":25},"end":{"line":191,"column":26}},"loc":{"start":{"line":191,"column":43},"end":{"line":204,"column":null}},"line":191},"27":{"name":"(anonymous_27)","decl":{"start":{"line":193,"column":8},"end":{"line":193,"column":9}},"loc":{"start":{"line":193,"column":20},"end":{"line":203,"column":6}},"line":193},"28":{"name":"(anonymous_28)","decl":{"start":{"line":194,"column":29},"end":{"line":194,"column":30}},"loc":{"start":{"line":194,"column":39},"end":{"line":202,"column":7}},"line":194},"29":{"name":"(anonymous_29)","decl":{"start":{"line":209,"column":8},"end":{"line":209,"column":14}},"loc":{"start":{"line":209,"column":14},"end":{"line":220,"column":null}},"line":209},"30":{"name":"(anonymous_30)","decl":{"start":{"line":218,"column":34},"end":{"line":218,"column":35}},"loc":{"start":{"line":218,"column":49},"end":{"line":218,"column":67}},"line":218},"31":{"name":"(anonymous_31)","decl":{"start":{"line":225,"column":8},"end":{"line":225,"column":14}},"loc":{"start":{"line":225,"column":14},"end":{"line":236,"column":null}},"line":225},"32":{"name":"(anonymous_32)","decl":{"start":{"line":234,"column":30},"end":{"line":234,"column":31}},"loc":{"start":{"line":234,"column":45},"end":{"line":234,"column":63}},"line":234},"33":{"name":"(anonymous_33)","decl":{"start":{"line":241,"column":14},"end":{"line":241,"column":null}},"loc":{"start":{"line":242,"column":4},"end":{"line":247,"column":null}},"line":242},"34":{"name":"(anonymous_34)","decl":{"start":{"line":252,"column":12},"end":{"line":252,"column":13}},"loc":{"start":{"line":253,"column":4},"end":{"line":258,"column":null}},"line":253},"35":{"name":"(anonymous_35)","decl":{"start":{"line":255,"column":34},"end":{"line":255,"column":35}},"loc":{"start":{"line":255,"column":49},"end":{"line":255,"column":67}},"line":255}},"branchMap":{"0":{"loc":{"start":{"line":93,"column":38},"end":{"line":93,"column":null}},"type":"binary-expr","locations":[{"start":{"line":93,"column":38},"end":{"line":93,"column":52}},{"start":{"line":93,"column":52},"end":{"line":93,"column":null}}],"line":93},"1":{"loc":{"start":{"line":117,"column":8},"end":{"line":124,"column":null}},"type":"cond-expr","locations":[{"start":{"line":118,"column":12},"end":{"line":123,"column":null}},{"start":{"line":124,"column":12},"end":{"line":124,"column":null}}],"line":117},"2":{"loc":{"start":{"line":134,"column":8},"end":{"line":136,"column":null}},"type":"cond-expr","locations":[{"start":{"line":135,"column":12},"end":{"line":135,"column":null}},{"start":{"line":136,"column":12},"end":{"line":136,"column":null}}],"line":134},"3":{"loc":{"start":{"line":134,"column":8},"end":{"line":134,"column":null}},"type":"binary-expr","locations":[{"start":{"line":134,"column":8},"end":{"line":134,"column":30}},{"start":{"line":134,"column":30},"end":{"line":134,"column":null}}],"line":134},"4":{"loc":{"start":{"line":146,"column":8},"end":{"line":154,"column":null}},"type":"cond-expr","locations":[{"start":{"line":147,"column":12},"end":{"line":153,"column":null}},{"start":{"line":154,"column":12},"end":{"line":154,"column":null}}],"line":146},"5":{"loc":{"start":{"line":146,"column":8},"end":{"line":146,"column":null}},"type":"binary-expr","locations":[{"start":{"line":146,"column":8},"end":{"line":146,"column":30}},{"start":{"line":146,"column":30},"end":{"line":146,"column":null}}],"line":146},"6":{"loc":{"start":{"line":164,"column":8},"end":{"line":164,"column":null}},"type":"cond-expr","locations":[{"start":{"line":164,"column":54},"end":{"line":164,"column":76}},{"start":{"line":164,"column":76},"end":{"line":164,"column":null}}],"line":164},"7":{"loc":{"start":{"line":164,"column":8},"end":{"line":164,"column":54}},"type":"binary-expr","locations":[{"start":{"line":164,"column":8},"end":{"line":164,"column":30}},{"start":{"line":164,"column":30},"end":{"line":164,"column":54}}],"line":164},"8":{"loc":{"start":{"line":175,"column":8},"end":{"line":175,"column":null}},"type":"cond-expr","locations":[{"start":{"line":175,"column":54},"end":{"line":175,"column":76}},{"start":{"line":175,"column":76},"end":{"line":175,"column":null}}],"line":175},"9":{"loc":{"start":{"line":175,"column":8},"end":{"line":175,"column":54}},"type":"binary-expr","locations":[{"start":{"line":175,"column":8},"end":{"line":175,"column":30}},{"start":{"line":175,"column":30},"end":{"line":175,"column":54}}],"line":175},"10":{"loc":{"start":{"line":195,"column":8},"end":{"line":200,"column":null}},"type":"if","locations":[{"start":{"line":195,"column":8},"end":{"line":200,"column":null}},{"start":{},"end":{}}],"line":195},"11":{"loc":{"start":{"line":195,"column":12},"end":{"line":195,"column":57}},"type":"binary-expr","locations":[{"start":{"line":195,"column":12},"end":{"line":195,"column":34}},{"start":{"line":195,"column":34},"end":{"line":195,"column":57}}],"line":195},"12":{"loc":{"start":{"line":211,"column":4},"end":{"line":211,"column":null}},"type":"if","locations":[{"start":{"line":211,"column":4},"end":{"line":211,"column":null}},{"start":{},"end":{}}],"line":211},"13":{"loc":{"start":{"line":227,"column":4},"end":{"line":227,"column":null}},"type":"if","locations":[{"start":{"line":227,"column":4},"end":{"line":227,"column":null}},{"start":{},"end":{}}],"line":227}},"s":{"0":1,"1":1,"2":32,"3":32,"4":32,"5":28,"6":28,"7":28,"8":4,"9":4,"10":4,"11":4,"12":4,"13":1,"14":4,"15":4,"16":5,"17":2,"18":2,"19":2,"20":0,"21":0,"22":0,"23":0,"24":0,"25":0,"26":0,"27":0,"28":0,"29":2,"30":2,"31":0,"32":0,"33":0,"34":0,"35":0,"36":0,"37":3,"38":3,"39":1,"40":2,"41":2,"42":0,"43":2,"44":2,"45":1,"46":1,"47":1,"48":1,"49":34,"50":2,"51":2},"f":{"0":1,"1":32,"2":32,"3":28,"4":28,"5":4,"6":4,"7":4,"8":1,"9":4,"10":4,"11":5,"12":2,"13":2,"14":2,"15":0,"16":0,"17":0,"18":0,"19":0,"20":0,"21":0,"22":0,"23":0,"24":2,"25":2,"26":0,"27":0,"28":0,"29":3,"30":0,"31":2,"32":1,"33":34,"34":2,"35":2},"b":{"0":[28,1],"1":[4,1],"2":[2,0],"3":[2,2],"4":[0,0],"5":[0,0],"6":[0,0],"7":[0,0],"8":[0,0],"9":[0,0],"10":[0,0],"11":[0,0],"12":[1,2],"13":[1,1]},"meta":{"lastBranch":14,"lastFunction":36,"lastStatement":52,"seen":{"s:63:13:259:Infinity":0,"f:63:48:63:49":0,"s:63:63:259:2":1,"f:78:16:78:22":1,"s:79:21:79:Infinity":2,"s:80:4:83:Infinity":3,"f:80:8:80:9":2,"s:80:20:83:6":4,"f:89:11:89:12":3,"s:90:4:90:Infinity":5,"s:91:4:94:Infinity":6,"f:91:8:91:9":4,"s:91:20:94:6":7,"b:93:38:93:52:93:52:93:Infinity":0,"f:100:14:100:15":5,"s:101:4:101:Infinity":8,"s:102:4:108:Infinity":9,"f:102:8:102:9":6,"s:103:23:103:Infinity":10,"f:103:42:103:43":7,"s:103:52:103:70":11,"s:104:6:107:Infinity":12,"f:106:36:106:37":8,"s:106:51:106:69":13,"f:114:23:114:24":9,"s:115:4:126:Infinity":14,"f:115:8:115:9":10,"s:115:20:126:6":15,"f:116:29:116:30":11,"s:117:8:124:Infinity":16,"b:118:12:123:Infinity:124:12:124:Infinity":1,"f:131:23:131:24":12,"s:132:4:138:Infinity":17,"f:132:8:132:9":13,"s:132:20:138:6":18,"f:133:29:133:30":14,"s:134:8:136:Infinity":19,"b:135:12:135:Infinity:136:12:136:Infinity":2,"b:134:8:134:30:134:30:134:Infinity":3,"f:143:22:143:23":15,"s:144:4:156:Infinity":20,"f:144:8:144:9":16,"s:144:20:156:6":21,"f:145:29:145:30":17,"s:146:8:154:Infinity":22,"b:147:12:153:Infinity:154:12:154:Infinity":4,"b:146:8:146:30:146:30:146:Infinity":5,"f:161:21:161:22":18,"s:162:4:166:Infinity":23,"f:162:8:162:9":19,"s:162:20:166:6":24,"f:163:29:163:30":20,"s:164:8:164:Infinity":25,"b:164:54:164:76:164:76:164:Infinity":6,"b:164:8:164:30:164:30:164:54":7,"f:172:21:172:22":21,"s:173:4:177:Infinity":26,"f:173:8:173:9":22,"s:173:20:177:6":27,"f:174:29:174:30":23,"s:175:8:175:Infinity":28,"b:175:54:175:76:175:76:175:Infinity":8,"b:175:8:175:30:175:30:175:54":9,"f:183:18:183:19":24,"s:184:4:186:Infinity":29,"f:184:8:184:9":25,"s:184:20:186:6":30,"f:191:25:191:26":26,"s:192:4:192:Infinity":31,"s:193:4:203:Infinity":32,"f:193:8:193:9":27,"s:193:20:203:6":33,"f:194:29:194:30":28,"b:195:8:200:Infinity:undefined:undefined:undefined:undefined":10,"s:195:8:200:Infinity":34,"b:195:12:195:34:195:34:195:57":11,"s:196:10:199:Infinity":35,"s:201:8:201:Infinity":36,"f:209:8:209:14":29,"s:210:36:210:Infinity":37,"b:211:4:211:Infinity:undefined:undefined:undefined:undefined":12,"s:211:4:211:Infinity":38,"s:211:27:211:Infinity":39,"s:213:21:213:Infinity":40,"s:214:4:219:Infinity":41,"f:218:34:218:35":30,"s:218:49:218:67":42,"f:225:8:225:14":31,"s:226:36:226:Infinity":43,"b:227:4:227:Infinity:undefined:undefined:undefined:undefined":13,"s:227:4:227:Infinity":44,"s:227:29:227:Infinity":45,"s:229:17:229:Infinity":46,"s:230:4:235:Infinity":47,"f:234:30:234:31":32,"s:234:45:234:63":48,"f:241:14:241:Infinity":33,"s:242:4:247:Infinity":49,"f:252:12:252:13":34,"s:253:4:258:Infinity":50,"f:255:34:255:35":35,"s:255:49:255:67":51}}}
,"C:\\Users\\Fernando\\a42-app\\src\\utils\\PriceCalculator.ts": {"path":"C:\\Users\\Fernando\\a42-app\\src\\utils\\PriceCalculator.ts","statementMap":{"0":{"start":{"line":6,"column":22},"end":{"line":9,"column":null}},"1":{"start":{"line":22,"column":4},"end":{"line":26,"column":null}},"2":{"start":{"line":23,"column":19},"end":{"line":23,"column":null}},"3":{"start":{"line":24,"column":24},"end":{"line":24,"column":null}},"4":{"start":{"line":25,"column":6},"end":{"line":25,"column":null}},"5":{"start":{"line":29,"column":4},"end":{"line":33,"column":null}},"6":{"start":{"line":30,"column":21},"end":{"line":30,"column":null}},"7":{"start":{"line":31,"column":24},"end":{"line":31,"column":null}},"8":{"start":{"line":32,"column":6},"end":{"line":32,"column":null}},"9":{"start":{"line":36,"column":4},"end":{"line":36,"column":null}},"10":{"start":{"line":45,"column":4},"end":{"line":48,"column":null}},"11":{"start":{"line":46,"column":19},"end":{"line":46,"column":null}},"12":{"start":{"line":47,"column":6},"end":{"line":47,"column":null}},"13":{"start":{"line":50,"column":4},"end":{"line":53,"column":null}},"14":{"start":{"line":51,"column":21},"end":{"line":51,"column":null}},"15":{"start":{"line":52,"column":6},"end":{"line":52,"column":null}},"16":{"start":{"line":55,"column":4},"end":{"line":55,"column":null}},"17":{"start":{"line":64,"column":4},"end":{"line":67,"column":null}},"18":{"start":{"line":65,"column":23},"end":{"line":65,"column":null}},"19":{"start":{"line":76,"column":4},"end":{"line":76,"column":null}},"20":{"start":{"line":76,"column":38},"end":{"line":76,"column":null}},"21":{"start":{"line":78,"column":15},"end":{"line":78,"column":null}},"22":{"start":{"line":79,"column":4},"end":{"line":83,"column":null}},"23":{"start":{"line":79,"column":17},"end":{"line":79,"column":20}},"24":{"start":{"line":80,"column":12},"end":{"line":80,"column":null}},"25":{"start":{"line":81,"column":6},"end":{"line":81,"column":null}},"26":{"start":{"line":82,"column":6},"end":{"line":82,"column":null}},"27":{"start":{"line":85,"column":4},"end":{"line":85,"column":null}},"28":{"start":{"line":94,"column":4},"end":{"line":94,"column":null}},"29":{"start":{"line":94,"column":38},"end":{"line":94,"column":null}},"30":{"start":{"line":96,"column":17},"end":{"line":96,"column":null}},"31":{"start":{"line":97,"column":4},"end":{"line":104,"column":null}},"32":{"start":{"line":97,"column":17},"end":{"line":97,"column":20}},"33":{"start":{"line":98,"column":17},"end":{"line":98,"column":null}},"34":{"start":{"line":99,"column":17},"end":{"line":99,"column":null}},"35":{"start":{"line":100,"column":23},"end":{"line":102,"column":null}},"36":{"start":{"line":103,"column":6},"end":{"line":103,"column":null}},"37":{"start":{"line":106,"column":4},"end":{"line":106,"column":null}}},"fnMap":{"0":{"name":"(anonymous_0)","decl":{"start":{"line":20,"column":9},"end":{"line":20,"column":22}},"loc":{"start":{"line":20,"column":47},"end":{"line":37,"column":null}},"line":20},"1":{"name":"(anonymous_1)","decl":{"start":{"line":44,"column":9},"end":{"line":44,"column":27}},"loc":{"start":{"line":44,"column":52},"end":{"line":56,"column":null}},"line":44},"2":{"name":"(anonymous_2)","decl":{"start":{"line":63,"column":9},"end":{"line":63,"column":31}},"loc":{"start":{"line":63,"column":59},"end":{"line":68,"column":null}},"line":63},"3":{"name":"(anonymous_3)","decl":{"start":{"line":65,"column":6},"end":{"line":65,"column":7}},"loc":{"start":{"line":65,"column":23},"end":{"line":65,"column":null}},"line":65},"4":{"name":"(anonymous_4)","decl":{"start":{"line":75,"column":17},"end":{"line":75,"column":31}},"loc":{"start":{"line":75,"column":75},"end":{"line":86,"column":null}},"line":75},"5":{"name":"(anonymous_5)","decl":{"start":{"line":93,"column":17},"end":{"line":93,"column":33}},"loc":{"start":{"line":93,"column":77},"end":{"line":107,"column":null}},"line":93}},"branchMap":{"0":{"loc":{"start":{"line":22,"column":4},"end":{"line":26,"column":null}},"type":"if","locations":[{"start":{"line":22,"column":4},"end":{"line":26,"column":null}},{"start":{},"end":{}}],"line":22},"1":{"loc":{"start":{"line":22,"column":8},"end":{"line":22,"column":46}},"type":"binary-expr","locations":[{"start":{"line":22,"column":8},"end":{"line":22,"column":33}},{"start":{"line":22,"column":33},"end":{"line":22,"column":46}}],"line":22},"2":{"loc":{"start":{"line":24,"column":24},"end":{"line":24,"column":null}},"type":"cond-expr","locations":[{"start":{"line":24,"column":41},"end":{"line":24,"column":54}},{"start":{"line":24,"column":54},"end":{"line":24,"column":null}}],"line":24},"3":{"loc":{"start":{"line":29,"column":4},"end":{"line":33,"column":null}},"type":"if","locations":[{"start":{"line":29,"column":4},"end":{"line":33,"column":null}},{"start":{},"end":{}}],"line":29},"4":{"loc":{"start":{"line":29,"column":8},"end":{"line":29,"column":46}},"type":"binary-expr","locations":[{"start":{"line":29,"column":8},"end":{"line":29,"column":33}},{"start":{"line":29,"column":33},"end":{"line":29,"column":46}}],"line":29},"5":{"loc":{"start":{"line":31,"column":24},"end":{"line":31,"column":null}},"type":"cond-expr","locations":[{"start":{"line":31,"column":41},"end":{"line":31,"column":54}},{"start":{"line":31,"column":54},"end":{"line":31,"column":null}}],"line":31},"6":{"loc":{"start":{"line":36,"column":11},"end":{"line":36,"column":null}},"type":"binary-expr","locations":[{"start":{"line":36,"column":11},"end":{"line":36,"column":25}},{"start":{"line":36,"column":25},"end":{"line":36,"column":null}}],"line":36},"7":{"loc":{"start":{"line":45,"column":4},"end":{"line":48,"column":null}},"type":"if","locations":[{"start":{"line":45,"column":4},"end":{"line":48,"column":null}},{"start":{},"end":{}}],"line":45},"8":{"loc":{"start":{"line":45,"column":8},"end":{"line":45,"column":46}},"type":"binary-expr","locations":[{"start":{"line":45,"column":8},"end":{"line":45,"column":33}},{"start":{"line":45,"column":33},"end":{"line":45,"column":46}}],"line":45},"9":{"loc":{"start":{"line":50,"column":4},"end":{"line":53,"column":null}},"type":"if","locations":[{"start":{"line":50,"column":4},"end":{"line":53,"column":null}},{"start":{},"end":{}}],"line":50},"10":{"loc":{"start":{"line":50,"column":8},"end":{"line":50,"column":46}},"type":"binary-expr","locations":[{"start":{"line":50,"column":8},"end":{"line":50,"column":33}},{"start":{"line":50,"column":33},"end":{"line":50,"column":46}}],"line":50},"11":{"loc":{"start":{"line":76,"column":4},"end":{"line":76,"column":null}},"type":"if","locations":[{"start":{"line":76,"column":4},"end":{"line":76,"column":null}},{"start":{},"end":{}}],"line":76},"12":{"loc":{"start":{"line":76,"column":8},"end":{"line":76,"column":38}},"type":"binary-expr","locations":[{"start":{"line":76,"column":8},"end":{"line":76,"column":19}},{"start":{"line":76,"column":19},"end":{"line":76,"column":38}}],"line":76},"13":{"loc":{"start":{"line":94,"column":4},"end":{"line":94,"column":null}},"type":"if","locations":[{"start":{"line":94,"column":4},"end":{"line":94,"column":null}},{"start":{},"end":{}}],"line":94},"14":{"loc":{"start":{"line":94,"column":8},"end":{"line":94,"column":38}},"type":"binary-expr","locations":[{"start":{"line":94,"column":8},"end":{"line":94,"column":19}},{"start":{"line":94,"column":19},"end":{"line":94,"column":38}}],"line":94}},"s":{"0":1,"1":14,"2":6,"3":6,"4":6,"5":8,"6":2,"7":2,"8":2,"9":6,"10":3,"11":1,"12":1,"13":2,"14":1,"15":1,"16":1,"17":3,"18":5,"19":7,"20":2,"21":5,"22":5,"23":5,"24":19,"25":19,"26":19,"27":5,"28":3,"29":1,"30":2,"31":2,"32":2,"33":3,"34":3,"35":3,"36":3,"37":2},"f":{"0":1,"1":1,"2":1,"3":5,"4":1,"5":1},"b":{"0":[6,8],"1":[14,6],"2":[1,5],"3":[2,6],"4":[8,2],"5":[0,2],"6":[6,1],"7":[1,2],"8":[3,1],"9":[1,1],"10":[2,1],"11":[2,5],"12":[7,7],"13":[1,2],"14":[3,3]},"meta":{"lastBranch":15,"lastFunction":6,"lastStatement":38,"seen":{"s:6:22:9:Infinity":0,"f:20:9:20:22":0,"b:22:4:26:Infinity:undefined:undefined:undefined:undefined":0,"s:22:4:26:Infinity":1,"b:22:8:22:33:22:33:22:46":1,"s:23:19:23:Infinity":2,"s:24:24:24:Infinity":3,"b:24:41:24:54:24:54:24:Infinity":2,"s:25:6:25:Infinity":4,"b:29:4:33:Infinity:undefined:undefined:undefined:undefined":3,"s:29:4:33:Infinity":5,"b:29:8:29:33:29:33:29:46":4,"s:30:21:30:Infinity":6,"s:31:24:31:Infinity":7,"b:31:41:31:54:31:54:31:Infinity":5,"s:32:6:32:Infinity":8,"s:36:4:36:Infinity":9,"b:36:11:36:25:36:25:36:Infinity":6,"f:44:9:44:27":1,"b:45:4:48:Infinity:undefined:undefined:undefined:undefined":7,"s:45:4:48:Infinity":10,"b:45:8:45:33:45:33:45:46":8,"s:46:19:46:Infinity":11,"s:47:6:47:Infinity":12,"b:50:4:53:Infinity:undefined:undefined:undefined:undefined":9,"s:50:4:53:Infinity":13,"b:50:8:50:33:50:33:50:46":10,"s:51:21:51:Infinity":14,"s:52:6:52:Infinity":15,"s:55:4:55:Infinity":16,"f:63:9:63:31":2,"s:64:4:67:Infinity":17,"f:65:6:65:7":3,"s:65:23:65:Infinity":18,"f:75:17:75:31":4,"b:76:4:76:Infinity:undefined:undefined:undefined:undefined":11,"s:76:4:76:Infinity":19,"b:76:8:76:19:76:19:76:38":12,"s:76:38:76:Infinity":20,"s:78:15:78:Infinity":21,"s:79:4:83:Infinity":22,"s:79:17:79:20":23,"s:80:12:80:Infinity":24,"s:81:6:81:Infinity":25,"s:82:6:82:Infinity":26,"s:85:4:85:Infinity":27,"f:93:17:93:33":5,"b:94:4:94:Infinity:undefined:undefined:undefined:undefined":13,"s:94:4:94:Infinity":28,"b:94:8:94:19:94:19:94:38":14,"s:94:38:94:Infinity":29,"s:96:17:96:Infinity":30,"s:97:4:104:Infinity":31,"s:97:17:97:20":32,"s:98:17:98:Infinity":33,"s:99:17:99:Infinity":34,"s:100:23:102:Infinity":35,"s:103:6:103:Infinity":36,"s:106:4:106:Infinity":37}}}
,"C:\\Users\\Fernando\\a42-app\\src\\utils\\budgetUtils.ts": {"path":"C:\\Users\\Fernando\\a42-app\\src\\utils\\budgetUtils.ts","statementMap":{"0":{"start":{"line":104,"column":25},"end":{"line":104,"column":null}},"1":{"start":{"line":105,"column":29},"end":{"line":105,"column":null}},"2":{"start":{"line":114,"column":24},"end":{"line":119,"column":null}},"3":{"start":{"line":115,"column":2},"end":{"line":117,"column":null}},"4":{"start":{"line":116,"column":4},"end":{"line":116,"column":null}},"5":{"start":{"line":118,"column":2},"end":{"line":118,"column":null}},"6":{"start":{"line":124,"column":26},"end":{"line":126,"column":null}},"7":{"start":{"line":125,"column":2},"end":{"line":125,"column":null}},"8":{"start":{"line":131,"column":24},"end":{"line":137,"column":null}},"9":{"start":{"line":132,"column":2},"end":{"line":136,"column":null}},"10":{"start":{"line":151,"column":39},"end":{"line":201,"column":null}},"11":{"start":{"line":159,"column":6},"end":{"line":159,"column":null}},"12":{"start":{"line":161,"column":2},"end":{"line":174,"column":null}},"13":{"start":{"line":163,"column":4},"end":{"line":173,"column":null}},"14":{"start":{"line":163,"column":39},"end":{"line":173,"column":6}},"15":{"start":{"line":177,"column":55},"end":{"line":177,"column":null}},"16":{"start":{"line":179,"column":2},"end":{"line":198,"column":null}},"17":{"start":{"line":180,"column":16},"end":{"line":180,"column":null}},"18":{"start":{"line":182,"column":4},"end":{"line":194,"column":null}},"19":{"start":{"line":183,"column":6},"end":{"line":193,"column":null}},"20":{"start":{"line":196,"column":4},"end":{"line":196,"column":null}},"21":{"start":{"line":197,"column":4},"end":{"line":197,"column":null}},"22":{"start":{"line":200,"column":2},"end":{"line":200,"column":null}},"23":{"start":{"line":209,"column":35},"end":{"line":211,"column":null}},"24":{"start":{"line":210,"column":2},"end":{"line":210,"column":null}},"25":{"start":{"line":210,"column":37},"end":{"line":210,"column":60}},"26":{"start":{"line":220,"column":28},"end":{"line":222,"column":null}},"27":{"start":{"line":221,"column":2},"end":{"line":221,"column":null}},"28":{"start":{"line":231,"column":33},"end":{"line":233,"column":null}},"29":{"start":{"line":232,"column":2},"end":{"line":232,"column":null}},"30":{"start":{"line":242,"column":37},"end":{"line":269,"column":null}},"31":{"start":{"line":250,"column":6},"end":{"line":250,"column":null}},"32":{"start":{"line":252,"column":20},"end":{"line":252,"column":null}},"33":{"start":{"line":253,"column":19},"end":{"line":253,"column":null}},"34":{"start":{"line":254,"column":19},"end":{"line":254,"column":null}},"35":{"start":{"line":255,"column":32},"end":{"line":255,"column":null}},"36":{"start":{"line":256,"column":14},"end":{"line":256,"column":null}},"37":{"start":{"line":257,"column":16},"end":{"line":257,"column":null}},"38":{"start":{"line":259,"column":2},"end":{"line":268,"column":null}},"39":{"start":{"line":278,"column":27},"end":{"line":285,"column":null}},"40":{"start":{"line":279,"column":2},"end":{"line":284,"column":null}},"41":{"start":{"line":293,"column":33},"end":{"line":315,"column":null}},"42":{"start":{"line":294,"column":18},"end":{"line":294,"column":null}},"43":{"start":{"line":295,"column":15},"end":{"line":302,"column":null}},"44":{"start":{"line":295,"column":41},"end":{"line":302,"column":3}},"45":{"start":{"line":304,"column":21},"end":{"line":312,"column":null}},"46":{"start":{"line":306,"column":23},"end":{"line":306,"column":36}},"47":{"start":{"line":314,"column":2},"end":{"line":314,"column":null}},"48":{"start":{"line":323,"column":31},"end":{"line":334,"column":null}},"49":{"start":{"line":326,"column":2},"end":{"line":333,"column":null}},"50":{"start":{"line":327,"column":21},"end":{"line":327,"column":null}},"51":{"start":{"line":328,"column":4},"end":{"line":330,"column":null}},"52":{"start":{"line":329,"column":6},"end":{"line":329,"column":null}},"53":{"start":{"line":331,"column":4},"end":{"line":331,"column":null}},"54":{"start":{"line":332,"column":4},"end":{"line":332,"column":null}},"55":{"start":{"line":342,"column":39},"end":{"line":350,"column":null}},"56":{"start":{"line":345,"column":18},"end":{"line":345,"column":null}},"57":{"start":{"line":346,"column":2},"end":{"line":349,"column":null}},"58":{"start":{"line":347,"column":4},"end":{"line":347,"column":null}},"59":{"start":{"line":348,"column":4},"end":{"line":348,"column":null}}},"fnMap":{"0":{"name":"(anonymous_0)","decl":{"start":{"line":114,"column":24},"end":{"line":114,"column":25}},"loc":{"start":{"line":114,"column":65},"end":{"line":119,"column":null}},"line":114},"1":{"name":"(anonymous_1)","decl":{"start":{"line":124,"column":26},"end":{"line":124,"column":27}},"loc":{"start":{"line":124,"column":55},"end":{"line":126,"column":null}},"line":124},"2":{"name":"(anonymous_2)","decl":{"start":{"line":131,"column":24},"end":{"line":131,"column":25}},"loc":{"start":{"line":131,"column":73},"end":{"line":137,"column":null}},"line":131},"3":{"name":"(anonymous_3)","decl":{"start":{"line":151,"column":39},"end":{"line":151,"column":null}},"loc":{"start":{"line":154,"column":23},"end":{"line":201,"column":null}},"line":154},"4":{"name":"(anonymous_4)","decl":{"start":{"line":163,"column":21},"end":{"line":163,"column":22}},"loc":{"start":{"line":163,"column":39},"end":{"line":173,"column":6}},"line":163},"5":{"name":"(anonymous_5)","decl":{"start":{"line":179,"column":16},"end":{"line":179,"column":17}},"loc":{"start":{"line":179,"column":26},"end":{"line":198,"column":3}},"line":179},"6":{"name":"(anonymous_6)","decl":{"start":{"line":209,"column":35},"end":{"line":209,"column":36}},"loc":{"start":{"line":209,"column":72},"end":{"line":211,"column":null}},"line":209},"7":{"name":"(anonymous_7)","decl":{"start":{"line":210,"column":22},"end":{"line":210,"column":23}},"loc":{"start":{"line":210,"column":37},"end":{"line":210,"column":60}},"line":210},"8":{"name":"(anonymous_8)","decl":{"start":{"line":220,"column":28},"end":{"line":220,"column":29}},"loc":{"start":{"line":220,"column":94},"end":{"line":222,"column":null}},"line":220},"9":{"name":"(anonymous_9)","decl":{"start":{"line":231,"column":33},"end":{"line":231,"column":34}},"loc":{"start":{"line":231,"column":91},"end":{"line":233,"column":null}},"line":231},"10":{"name":"(anonymous_10)","decl":{"start":{"line":242,"column":37},"end":{"line":242,"column":null}},"loc":{"start":{"line":245,"column":20},"end":{"line":269,"column":null}},"line":245},"11":{"name":"(anonymous_11)","decl":{"start":{"line":278,"column":27},"end":{"line":278,"column":28}},"loc":{"start":{"line":278,"column":80},"end":{"line":285,"column":null}},"line":278},"12":{"name":"(anonymous_12)","decl":{"start":{"line":293,"column":33},"end":{"line":293,"column":34}},"loc":{"start":{"line":293,"column":69},"end":{"line":315,"column":null}},"line":293},"13":{"name":"(anonymous_13)","decl":{"start":{"line":295,"column":33},"end":{"line":295,"column":41}},"loc":{"start":{"line":295,"column":41},"end":{"line":302,"column":3}},"line":295},"14":{"name":"(anonymous_14)","decl":{"start":{"line":306,"column":16},"end":{"line":306,"column":23}},"loc":{"start":{"line":306,"column":23},"end":{"line":306,"column":36}},"line":306},"15":{"name":"(anonymous_15)","decl":{"start":{"line":323,"column":31},"end":{"line":323,"column":null}},"loc":{"start":{"line":325,"column":39},"end":{"line":334,"column":null}},"line":325},"16":{"name":"(anonymous_16)","decl":{"start":{"line":326,"column":22},"end":{"line":326,"column":23}},"loc":{"start":{"line":326,"column":37},"end":{"line":333,"column":5}},"line":326},"17":{"name":"(anonymous_17)","decl":{"start":{"line":342,"column":39},"end":{"line":342,"column":null}},"loc":{"start":{"line":344,"column":29},"end":{"line":350,"column":null}},"line":344},"18":{"name":"(anonymous_18)","decl":{"start":{"line":346,"column":40},"end":{"line":346,"column":41}},"loc":{"start":{"line":346,"column":76},"end":{"line":349,"column":5}},"line":346}},"branchMap":{"0":{"loc":{"start":{"line":115,"column":2},"end":{"line":117,"column":null}},"type":"if","locations":[{"start":{"line":115,"column":2},"end":{"line":117,"column":null}},{"start":{},"end":{}}],"line":115},"1":{"loc":{"start":{"line":125,"column":9},"end":{"line":125,"column":null}},"type":"binary-expr","locations":[{"start":{"line":125,"column":9},"end":{"line":125,"column":27}},{"start":{"line":125,"column":27},"end":{"line":125,"column":null}}],"line":125},"2":{"loc":{"start":{"line":153,"column":2},"end":{"line":153,"column":null}},"type":"default-arg","locations":[{"start":{"line":153,"column":27},"end":{"line":153,"column":null}}],"line":153},"3":{"loc":{"start":{"line":156,"column":4},"end":{"line":156,"column":null}},"type":"default-arg","locations":[{"start":{"line":156,"column":17},"end":{"line":156,"column":null}}],"line":156},"4":{"loc":{"start":{"line":157,"column":4},"end":{"line":157,"column":null}},"type":"default-arg","locations":[{"start":{"line":157,"column":20},"end":{"line":157,"column":null}}],"line":157},"5":{"loc":{"start":{"line":158,"column":4},"end":{"line":158,"column":null}},"type":"default-arg","locations":[{"start":{"line":158,"column":22},"end":{"line":158,"column":null}}],"line":158},"6":{"loc":{"start":{"line":161,"column":2},"end":{"line":174,"column":null}},"type":"if","locations":[{"start":{"line":161,"column":2},"end":{"line":174,"column":null}},{"start":{},"end":{}}],"line":161},"7":{"loc":{"start":{"line":164,"column":10},"end":{"line":164,"column":null}},"type":"binary-expr","locations":[{"start":{"line":164,"column":10},"end":{"line":164,"column":28}},{"start":{"line":164,"column":28},"end":{"line":164,"column":null}}],"line":164},"8":{"loc":{"start":{"line":165,"column":12},"end":{"line":165,"column":null}},"type":"binary-expr","locations":[{"start":{"line":165,"column":12},"end":{"line":165,"column":25}},{"start":{"line":165,"column":25},"end":{"line":165,"column":null}}],"line":165},"9":{"loc":{"start":{"line":168,"column":17},"end":{"line":168,"column":null}},"type":"binary-expr","locations":[{"start":{"line":168,"column":17},"end":{"line":168,"column":31}},{"start":{"line":168,"column":31},"end":{"line":168,"column":null}}],"line":168},"10":{"loc":{"start":{"line":169,"column":18},"end":{"line":169,"column":null}},"type":"binary-expr","locations":[{"start":{"line":169,"column":18},"end":{"line":169,"column":32}},{"start":{"line":169,"column":32},"end":{"line":169,"column":null}}],"line":169},"11":{"loc":{"start":{"line":170,"column":13},"end":{"line":170,"column":null}},"type":"cond-expr","locations":[{"start":{"line":170,"column":29},"end":{"line":170,"column":53}},{"start":{"line":170,"column":53},"end":{"line":170,"column":null}}],"line":170},"12":{"loc":{"start":{"line":172,"column":16},"end":{"line":172,"column":null}},"type":"cond-expr","locations":[{"start":{"line":172,"column":34},"end":{"line":172,"column":58}},{"start":{"line":172,"column":58},"end":{"line":172,"column":null}}],"line":172},"13":{"loc":{"start":{"line":182,"column":4},"end":{"line":194,"column":null}},"type":"if","locations":[{"start":{"line":182,"column":4},"end":{"line":194,"column":null}},{"start":{},"end":{}}],"line":182},"14":{"loc":{"start":{"line":184,"column":12},"end":{"line":184,"column":null}},"type":"binary-expr","locations":[{"start":{"line":184,"column":12},"end":{"line":184,"column":30}},{"start":{"line":184,"column":30},"end":{"line":184,"column":null}}],"line":184},"15":{"loc":{"start":{"line":185,"column":14},"end":{"line":185,"column":null}},"type":"binary-expr","locations":[{"start":{"line":185,"column":14},"end":{"line":185,"column":27}},{"start":{"line":185,"column":27},"end":{"line":185,"column":null}}],"line":185},"16":{"loc":{"start":{"line":188,"column":19},"end":{"line":188,"column":null}},"type":"binary-expr","locations":[{"start":{"line":188,"column":19},"end":{"line":188,"column":33}},{"start":{"line":188,"column":33},"end":{"line":188,"column":null}}],"line":188},"17":{"loc":{"start":{"line":190,"column":15},"end":{"line":190,"column":null}},"type":"cond-expr","locations":[{"start":{"line":190,"column":31},"end":{"line":190,"column":55}},{"start":{"line":190,"column":55},"end":{"line":190,"column":null}}],"line":190},"18":{"loc":{"start":{"line":192,"column":18},"end":{"line":192,"column":null}},"type":"cond-expr","locations":[{"start":{"line":192,"column":36},"end":{"line":192,"column":60}},{"start":{"line":192,"column":60},"end":{"line":192,"column":null}}],"line":192},"19":{"loc":{"start":{"line":220,"column":47},"end":{"line":220,"column":94}},"type":"default-arg","locations":[{"start":{"line":220,"column":65},"end":{"line":220,"column":94}}],"line":220},"20":{"loc":{"start":{"line":244,"column":2},"end":{"line":244,"column":null}},"type":"default-arg","locations":[{"start":{"line":244,"column":27},"end":{"line":244,"column":null}}],"line":244},"21":{"loc":{"start":{"line":247,"column":4},"end":{"line":247,"column":null}},"type":"default-arg","locations":[{"start":{"line":247,"column":17},"end":{"line":247,"column":null}}],"line":247},"22":{"loc":{"start":{"line":248,"column":4},"end":{"line":248,"column":null}},"type":"default-arg","locations":[{"start":{"line":248,"column":14},"end":{"line":248,"column":null}}],"line":248},"23":{"loc":{"start":{"line":249,"column":4},"end":{"line":249,"column":null}},"type":"default-arg","locations":[{"start":{"line":249,"column":25},"end":{"line":249,"column":null}}],"line":249},"24":{"loc":{"start":{"line":254,"column":19},"end":{"line":254,"column":null}},"type":"cond-expr","locations":[{"start":{"line":254,"column":44},"end":{"line":254,"column":94}},{"start":{"line":254,"column":94},"end":{"line":254,"column":null}}],"line":254},"25":{"loc":{"start":{"line":256,"column":14},"end":{"line":256,"column":null}},"type":"cond-expr","locations":[{"start":{"line":256,"column":27},"end":{"line":256,"column":74}},{"start":{"line":256,"column":74},"end":{"line":256,"column":null}}],"line":256},"26":{"loc":{"start":{"line":262,"column":9},"end":{"line":262,"column":null}},"type":"cond-expr","locations":[{"start":{"line":262,"column":22},"end":{"line":262,"column":28}},{"start":{"line":262,"column":28},"end":{"line":262,"column":null}}],"line":262},"27":{"loc":{"start":{"line":263,"column":13},"end":{"line":263,"column":null}},"type":"cond-expr","locations":[{"start":{"line":263,"column":26},"end":{"line":263,"column":36}},{"start":{"line":263,"column":36},"end":{"line":263,"column":null}}],"line":263},"28":{"loc":{"start":{"line":264,"column":14},"end":{"line":264,"column":null}},"type":"cond-expr","locations":[{"start":{"line":264,"column":29},"end":{"line":264,"column":40}},{"start":{"line":264,"column":40},"end":{"line":264,"column":null}}],"line":264},"29":{"loc":{"start":{"line":278,"column":43},"end":{"line":278,"column":80}},"type":"default-arg","locations":[{"start":{"line":278,"column":60},"end":{"line":278,"column":80}}],"line":278},"30":{"loc":{"start":{"line":309,"column":4},"end":{"line":309,"column":null}},"type":"cond-expr","locations":[{"start":{"line":309,"column":23},"end":{"line":309,"column":72}},{"start":{"line":309,"column":72},"end":{"line":309,"column":null}}],"line":309},"31":{"loc":{"start":{"line":310,"column":4},"end":{"line":310,"column":null}},"type":"cond-expr","locations":[{"start":{"line":310,"column":18},"end":{"line":310,"column":98}},{"start":{"line":310,"column":98},"end":{"line":310,"column":null}}],"line":310},"32":{"loc":{"start":{"line":327,"column":21},"end":{"line":327,"column":null}},"type":"binary-expr","locations":[{"start":{"line":327,"column":21},"end":{"line":327,"column":38}},{"start":{"line":327,"column":38},"end":{"line":327,"column":null}}],"line":327},"33":{"loc":{"start":{"line":328,"column":4},"end":{"line":330,"column":null}},"type":"if","locations":[{"start":{"line":328,"column":4},"end":{"line":330,"column":null}},{"start":{},"end":{}}],"line":328}},"s":{"0":1,"1":1,"2":1,"3":25,"4":24,"5":1,"6":1,"7":30,"8":1,"9":1,"10":1,"11":21,"12":21,"13":1,"14":2,"15":20,"16":20,"17":30,"18":30,"19":24,"20":30,"21":30,"22":20,"23":1,"24":18,"25":23,"26":1,"27":8,"28":1,"29":7,"30":1,"31":12,"32":12,"33":12,"34":12,"35":12,"36":12,"37":12,"38":12,"39":1,"40":6,"41":1,"42":4,"43":4,"44":4,"45":4,"46":4,"47":4,"48":1,"49":6,"50":9,"51":9,"52":6,"53":9,"54":9,"55":1,"56":3,"57":3,"58":3,"59":3},"f":{"0":25,"1":30,"2":1,"3":21,"4":2,"5":30,"6":18,"7":23,"8":8,"9":7,"10":12,"11":6,"12":4,"13":4,"14":4,"15":6,"16":9,"17":3,"18":3},"b":{"0":[24,1],"1":[30,0],"2":[21],"3":[21],"4":[21],"5":[21],"6":[1,20],"7":[2,0],"8":[2,0],"9":[2,0],"10":[2,0],"11":[2,0],"12":[0,2],"13":[24,6],"14":[24,0],"15":[24,1],"16":[24,1],"17":[23,1],"18":[1,23],"19":[8],"20":[12],"21":[12],"22":[12],"23":[12],"24":[2,10],"25":[4,8],"26":[4,8],"27":[4,8],"28":[2,10],"29":[6],"30":[1,3],"31":[1,3],"32":[9,1],"33":[6,3]},"meta":{"lastBranch":34,"lastFunction":19,"lastStatement":60,"seen":{"s:104:25:104:Infinity":0,"s:105:29:105:Infinity":1,"s:114:24:119:Infinity":2,"f:114:24:114:25":0,"b:115:2:117:Infinity:undefined:undefined:undefined:undefined":0,"s:115:2:117:Infinity":3,"s:116:4:116:Infinity":4,"s:118:2:118:Infinity":5,"s:124:26:126:Infinity":6,"f:124:26:124:27":1,"s:125:2:125:Infinity":7,"b:125:9:125:27:125:27:125:Infinity":1,"s:131:24:137:Infinity":8,"f:131:24:131:25":2,"s:132:2:136:Infinity":9,"s:151:39:201:Infinity":10,"f:151:39:151:Infinity":3,"b:153:27:153:Infinity":2,"s:159:6:159:Infinity":11,"b:156:17:156:Infinity":3,"b:157:20:157:Infinity":4,"b:158:22:158:Infinity":5,"b:161:2:174:Infinity:undefined:undefined:undefined:undefined":6,"s:161:2:174:Infinity":12,"s:163:4:173:Infinity":13,"f:163:21:163:22":4,"s:163:39:173:6":14,"b:164:10:164:28:164:28:164:Infinity":7,"b:165:12:165:25:165:25:165:Infinity":8,"b:168:17:168:31:168:31:168:Infinity":9,"b:169:18:169:32:169:32:169:Infinity":10,"b:170:29:170:53:170:53:170:Infinity":11,"b:172:34:172:58:172:58:172:Infinity":12,"s:177:55:177:Infinity":15,"s:179:2:198:Infinity":16,"f:179:16:179:17":5,"s:180:16:180:Infinity":17,"b:182:4:194:Infinity:undefined:undefined:undefined:undefined":13,"s:182:4:194:Infinity":18,"s:183:6:193:Infinity":19,"b:184:12:184:30:184:30:184:Infinity":14,"b:185:14:185:27:185:27:185:Infinity":15,"b:188:19:188:33:188:33:188:Infinity":16,"b:190:31:190:55:190:55:190:Infinity":17,"b:192:36:192:60:192:60:192:Infinity":18,"s:196:4:196:Infinity":20,"s:197:4:197:Infinity":21,"s:200:2:200:Infinity":22,"s:209:35:211:Infinity":23,"f:209:35:209:36":6,"s:210:2:210:Infinity":24,"f:210:22:210:23":7,"s:210:37:210:60":25,"s:220:28:222:Infinity":26,"f:220:28:220:29":8,"b:220:65:220:94":19,"s:221:2:221:Infinity":27,"s:231:33:233:Infinity":28,"f:231:33:231:34":9,"s:232:2:232:Infinity":29,"s:242:37:269:Infinity":30,"f:242:37:242:Infinity":10,"b:244:27:244:Infinity":20,"s:250:6:250:Infinity":31,"b:247:17:247:Infinity":21,"b:248:14:248:Infinity":22,"b:249:25:249:Infinity":23,"s:252:20:252:Infinity":32,"s:253:19:253:Infinity":33,"s:254:19:254:Infinity":34,"b:254:44:254:94:254:94:254:Infinity":24,"s:255:32:255:Infinity":35,"s:256:14:256:Infinity":36,"b:256:27:256:74:256:74:256:Infinity":25,"s:257:16:257:Infinity":37,"s:259:2:268:Infinity":38,"b:262:22:262:28:262:28:262:Infinity":26,"b:263:26:263:36:263:36:263:Infinity":27,"b:264:29:264:40:264:40:264:Infinity":28,"s:278:27:285:Infinity":39,"f:278:27:278:28":11,"b:278:60:278:80":29,"s:279:2:284:Infinity":40,"s:293:33:315:Infinity":41,"f:293:33:293:34":12,"s:294:18:294:Infinity":42,"s:295:15:302:Infinity":43,"f:295:33:295:41":13,"s:295:41:302:3":44,"s:304:21:312:Infinity":45,"f:306:16:306:23":14,"s:306:23:306:36":46,"b:309:23:309:72:309:72:309:Infinity":30,"b:310:18:310:98:310:98:310:Infinity":31,"s:314:2:314:Infinity":47,"s:323:31:334:Infinity":48,"f:323:31:323:Infinity":15,"s:326:2:333:Infinity":49,"f:326:22:326:23":16,"s:327:21:327:Infinity":50,"b:327:21:327:38:327:38:327:Infinity":32,"b:328:4:330:Infinity:undefined:undefined:undefined:undefined":33,"s:328:4:330:Infinity":51,"s:329:6:329:Infinity":52,"s:331:4:331:Infinity":53,"s:332:4:332:Infinity":54,"s:342:39:350:Infinity":55,"f:342:39:342:Infinity":17,"s:345:18:345:Infinity":56,"s:346:2:349:Infinity":57,"f:346:40:346:41":18,"s:347:4:347:Infinity":58,"s:348:4:348:Infinity":59}}}
}
