{"C:\\Users\\Fernando\\a42-app\\src\\App\\layouts\\ClientPortalLayout.tsx": {"path":"C:\\Users\\Fernando\\a42-app\\src\\App\\layouts\\ClientPortalLayout.tsx","statementMap":{"0":{"start":{"line":5,"column":44},"end":{"line":49,"column":null}},"1":{"start":{"line":6,"column":2},"end":{"line":49,"column":null}}},"fnMap":{"0":{"name":"(anonymous_0)","decl":{"start":{"line":5,"column":44},"end":{"line":5,"column":null}},"loc":{"start":{"line":6,"column":2},"end":{"line":49,"column":null}},"line":6}},"branchMap":{},"s":{"0":1,"1":11},"f":{"0":11},"b":{},"meta":{"lastBranch":0,"lastFunction":1,"lastStatement":2,"seen":{"s:5:44:49:Infinity":0,"f:5:44:5:Infinity":0,"s:6:2:49:Infinity":1}}}
,"C:\\Users\\Fernando\\a42-app\\src\\App\\layouts\\EmployeeLayout.tsx": {"path":"C:\\Users\\Fernando\\a42-app\\src\\App\\layouts\\EmployeeLayout.tsx","statementMap":{"0":{"start":{"line":5,"column":40},"end":{"line":60,"column":null}},"1":{"start":{"line":6,"column":2},"end":{"line":60,"column":null}}},"fnMap":{"0":{"name":"(anonymous_0)","decl":{"start":{"line":5,"column":40},"end":{"line":5,"column":null}},"loc":{"start":{"line":6,"column":2},"end":{"line":60,"column":null}},"line":6}},"branchMap":{},"s":{"0":1,"1":10},"f":{"0":10},"b":{},"meta":{"lastBranch":0,"lastFunction":1,"lastStatement":2,"seen":{"s:5:40:60:Infinity":0,"f:5:40:5:Infinity":0,"s:6:2:60:Infinity":1}}}
,"C:\\Users\\Fernando\\a42-app\\src\\App\\pages\\LoginPage.tsx": {"path":"C:\\Users\\Fernando\\a42-app\\src\\App\\pages\\LoginPage.tsx","statementMap":{"0":{"start":{"line":9,"column":35},"end":{"line":203,"column":null}},"1":{"start":{"line":10,"column":8},"end":{"line":10,"column":null}},"2":{"start":{"line":11,"column":30},"end":{"line":11,"column":null}},"3":{"start":{"line":12,"column":35},"end":{"line":14,"column":null}},"4":{"start":{"line":16,"column":26},"end":{"line":16,"column":null}},"5":{"start":{"line":17,"column":38},"end":{"line":17,"column":null}},"6":{"start":{"line":18,"column":44},"end":{"line":18,"column":null}},"7":{"start":{"line":20,"column":28},"end":{"line":20,"column":null}},"8":{"start":{"line":21,"column":34},"end":{"line":21,"column":null}},"9":{"start":{"line":22,"column":32},"end":{"line":22,"column":null}},"10":{"start":{"line":25,"column":21},"end":{"line":28,"column":null}},"11":{"start":{"line":26,"column":4},"end":{"line":26,"column":null}},"12":{"start":{"line":27,"column":4},"end":{"line":27,"column":null}},"13":{"start":{"line":30,"column":24},"end":{"line":66,"column":null}},"14":{"start":{"line":31,"column":2},"end":{"line":65,"column":null}},"15":{"start":{"line":32,"column":37},"end":{"line":36,"column":null}},"16":{"start":{"line":38,"column":4},"end":{"line":38,"column":null}},"17":{"start":{"line":38,"column":15},"end":{"line":38,"column":null}},"18":{"start":{"line":40,"column":4},"end":{"line":62,"column":null}},"19":{"start":{"line":41,"column":27},"end":{"line":41,"column":null}},"20":{"start":{"line":43,"column":6},"end":{"line":46,"column":null}},"21":{"start":{"line":44,"column":8},"end":{"line":44,"column":null}},"22":{"start":{"line":45,"column":8},"end":{"line":45,"column":null}},"23":{"start":{"line":48,"column":6},"end":{"line":61,"column":null}},"24":{"start":{"line":49,"column":8},"end":{"line":49,"column":null}},"25":{"start":{"line":51,"column":8},"end":{"line":51,"column":null}},"26":{"start":{"line":52,"column":8},"end":{"line":52,"column":null}},"27":{"start":{"line":53,"column":8},"end":{"line":60,"column":null}},"28":{"start":{"line":64,"column":4},"end":{"line":64,"column":null}},"29":{"start":{"line":67,"column":19},"end":{"line":97,"column":null}},"30":{"start":{"line":68,"column":2},"end":{"line":68,"column":null}},"31":{"start":{"line":69,"column":2},"end":{"line":69,"column":null}},"32":{"start":{"line":71,"column":2},"end":{"line":96,"column":null}},"33":{"start":{"line":74,"column":4},"end":{"line":91,"column":null}},"34":{"start":{"line":75,"column":6},"end":{"line":79,"column":null}},"35":{"start":{"line":80,"column":6},"end":{"line":80,"column":null}},"36":{"start":{"line":80,"column":24},"end":{"line":80,"column":null}},"37":{"start":{"line":82,"column":6},"end":{"line":82,"column":null}},"38":{"start":{"line":84,"column":6},"end":{"line":84,"column":null}},"39":{"start":{"line":85,"column":6},"end":{"line":85,"column":null}},"40":{"start":{"line":85,"column":24},"end":{"line":85,"column":null}},"41":{"start":{"line":87,"column":6},"end":{"line":87,"column":null}},"42":{"start":{"line":88,"column":6},"end":{"line":88,"column":null}},"43":{"start":{"line":90,"column":6},"end":{"line":90,"column":null}},"44":{"start":{"line":93,"column":4},"end":{"line":93,"column":null}},"45":{"start":{"line":95,"column":4},"end":{"line":95,"column":null}},"46":{"start":{"line":99,"column":2},"end":{"line":201,"column":null}},"47":{"start":{"line":108,"column":31},"end":{"line":108,"column":null}},"48":{"start":{"line":116,"column":31},"end":{"line":116,"column":null}},"49":{"start":{"line":125,"column":29},"end":{"line":125,"column":null}},"50":{"start":{"line":150,"column":33},"end":{"line":150,"column":null}},"51":{"start":{"line":158,"column":33},"end":{"line":158,"column":null}},"52":{"start":{"line":183,"column":20},"end":{"line":183,"column":null}},"53":{"start":{"line":193,"column":29},"end":{"line":193,"column":null}}},"fnMap":{"0":{"name":"(anonymous_0)","decl":{"start":{"line":9,"column":35},"end":{"line":9,"column":41}},"loc":{"start":{"line":9,"column":41},"end":{"line":203,"column":null}},"line":9},"1":{"name":"(anonymous_1)","decl":{"start":{"line":25,"column":21},"end":{"line":25,"column":22}},"loc":{"start":{"line":25,"column":49},"end":{"line":28,"column":null}},"line":25},"2":{"name":"(anonymous_2)","decl":{"start":{"line":30,"column":24},"end":{"line":30,"column":31}},"loc":{"start":{"line":30,"column":65},"end":{"line":66,"column":null}},"line":30},"3":{"name":"(anonymous_3)","decl":{"start":{"line":67,"column":19},"end":{"line":67,"column":26}},"loc":{"start":{"line":67,"column":81},"end":{"line":97,"column":null}},"line":67},"4":{"name":"(anonymous_4)","decl":{"start":{"line":108,"column":25},"end":{"line":108,"column":31}},"loc":{"start":{"line":108,"column":31},"end":{"line":108,"column":null}},"line":108},"5":{"name":"(anonymous_5)","decl":{"start":{"line":116,"column":25},"end":{"line":116,"column":31}},"loc":{"start":{"line":116,"column":31},"end":{"line":116,"column":null}},"line":116},"6":{"name":"(anonymous_6)","decl":{"start":{"line":125,"column":23},"end":{"line":125,"column":29}},"loc":{"start":{"line":125,"column":29},"end":{"line":125,"column":null}},"line":125},"7":{"name":"(anonymous_7)","decl":{"start":{"line":150,"column":26},"end":{"line":150,"column":27}},"loc":{"start":{"line":150,"column":33},"end":{"line":150,"column":null}},"line":150},"8":{"name":"(anonymous_8)","decl":{"start":{"line":158,"column":26},"end":{"line":158,"column":27}},"loc":{"start":{"line":158,"column":33},"end":{"line":158,"column":null}},"line":158},"9":{"name":"(anonymous_9)","decl":{"start":{"line":182,"column":27},"end":{"line":182,"column":33}},"loc":{"start":{"line":182,"column":33},"end":{"line":184,"column":null}},"line":182},"10":{"name":"(anonymous_10)","decl":{"start":{"line":193,"column":23},"end":{"line":193,"column":29}},"loc":{"start":{"line":193,"column":29},"end":{"line":193,"column":null}},"line":193}},"branchMap":{"0":{"loc":{"start":{"line":38,"column":4},"end":{"line":38,"column":null}},"type":"if","locations":[{"start":{"line":38,"column":4},"end":{"line":38,"column":null}},{"start":{},"end":{}}],"line":38},"1":{"loc":{"start":{"line":40,"column":4},"end":{"line":62,"column":null}},"type":"if","locations":[{"start":{"line":40,"column":4},"end":{"line":62,"column":null}},{"start":{},"end":{}}],"line":40},"2":{"loc":{"start":{"line":43,"column":6},"end":{"line":46,"column":null}},"type":"if","locations":[{"start":{"line":43,"column":6},"end":{"line":46,"column":null}},{"start":{},"end":{}}],"line":43},"3":{"loc":{"start":{"line":43,"column":10},"end":{"line":43,"column":77}},"type":"binary-expr","locations":[{"start":{"line":43,"column":10},"end":{"line":43,"column":43}},{"start":{"line":43,"column":43},"end":{"line":43,"column":77}}],"line":43},"4":{"loc":{"start":{"line":48,"column":6},"end":{"line":61,"column":null}},"type":"if","locations":[{"start":{"line":48,"column":6},"end":{"line":61,"column":null}},{"start":{"line":50,"column":13},"end":{"line":61,"column":null}}],"line":48},"5":{"loc":{"start":{"line":74,"column":4},"end":{"line":91,"column":null}},"type":"if","locations":[{"start":{"line":74,"column":4},"end":{"line":91,"column":null}},{"start":{"line":83,"column":11},"end":{"line":91,"column":null}}],"line":74},"6":{"loc":{"start":{"line":80,"column":6},"end":{"line":80,"column":null}},"type":"if","locations":[{"start":{"line":80,"column":6},"end":{"line":80,"column":null}},{"start":{},"end":{}}],"line":80},"7":{"loc":{"start":{"line":82,"column":28},"end":{"line":82,"column":55}},"type":"binary-expr","locations":[{"start":{"line":82,"column":28},"end":{"line":82,"column":53}},{"start":{"line":82,"column":53},"end":{"line":82,"column":55}}],"line":82},"8":{"loc":{"start":{"line":85,"column":6},"end":{"line":85,"column":null}},"type":"if","locations":[{"start":{"line":85,"column":6},"end":{"line":85,"column":null}},{"start":{},"end":{}}],"line":85},"9":{"loc":{"start":{"line":101,"column":7},"end":{"line":199,"column":null}},"type":"cond-expr","locations":[{"start":{"line":102,"column":8},"end":{"line":131,"column":null}},{"start":{"line":133,"column":8},"end":{"line":199,"column":null}}],"line":101},"10":{"loc":{"start":{"line":136,"column":15},"end":{"line":140,"column":null}},"type":"cond-expr","locations":[{"start":{"line":137,"column":18},"end":{"line":137,"column":null}},{"start":{"line":138,"column":18},"end":{"line":140,"column":null}}],"line":136},"11":{"loc":{"start":{"line":138,"column":18},"end":{"line":140,"column":null}},"type":"cond-expr","locations":[{"start":{"line":139,"column":18},"end":{"line":139,"column":null}},{"start":{"line":140,"column":18},"end":{"line":140,"column":null}}],"line":138},"12":{"loc":{"start":{"line":167,"column":18},"end":{"line":167,"column":null}},"type":"cond-expr","locations":[{"start":{"line":167,"column":46},"end":{"line":167,"column":64}},{"start":{"line":167,"column":64},"end":{"line":167,"column":null}}],"line":167},"13":{"loc":{"start":{"line":170,"column":17},"end":{"line":174,"column":null}},"type":"cond-expr","locations":[{"start":{"line":171,"column":20},"end":{"line":171,"column":null}},{"start":{"line":172,"column":20},"end":{"line":174,"column":null}}],"line":170},"14":{"loc":{"start":{"line":172,"column":20},"end":{"line":174,"column":null}},"type":"cond-expr","locations":[{"start":{"line":173,"column":20},"end":{"line":173,"column":null}},{"start":{"line":174,"column":20},"end":{"line":174,"column":null}}],"line":172},"15":{"loc":{"start":{"line":178,"column":13},"end":{"line":189,"column":null}},"type":"binary-expr","locations":[{"start":{"line":178,"column":13},"end":{"line":178,"column":null}},{"start":{"line":179,"column":14},"end":{"line":189,"column":null}}],"line":178},"16":{"loc":{"start":{"line":180,"column":17},"end":{"line":180,"column":78}},"type":"cond-expr","locations":[{"start":{"line":180,"column":33},"end":{"line":180,"column":56}},{"start":{"line":180,"column":56},"end":{"line":180,"column":78}}],"line":180},"17":{"loc":{"start":{"line":187,"column":19},"end":{"line":187,"column":null}},"type":"cond-expr","locations":[{"start":{"line":187,"column":35},"end":{"line":187,"column":53}},{"start":{"line":187,"column":53},"end":{"line":187,"column":null}}],"line":187}},"s":{"0":1,"1":50,"2":50,"3":50,"4":50,"5":50,"6":50,"7":50,"8":50,"9":50,"10":50,"11":17,"12":17,"13":50,"14":1,"15":1,"16":1,"17":0,"18":1,"19":1,"20":1,"21":0,"22":0,"23":1,"24":1,"25":0,"26":0,"27":0,"28":0,"29":50,"30":1,"31":1,"32":1,"33":1,"34":0,"35":0,"36":0,"37":0,"38":1,"39":1,"40":0,"41":1,"42":1,"43":1,"44":0,"45":1,"46":50,"47":14,"48":3,"49":0,"50":0,"51":0,"52":6,"53":2},"f":{"0":50,"1":17,"2":1,"3":1,"4":14,"5":3,"6":0,"7":0,"8":0,"9":6,"10":2},"b":{"0":[0,1],"1":[1,0],"2":[0,1],"3":[1,1],"4":[1,0],"5":[0,1],"6":[0,0],"7":[0,0],"8":[0,1],"9":[26,24],"10":[3,21],"11":[4,17],"12":[3,21],"13":[1,23],"14":[4,19],"15":[24,21],"16":[4,17],"17":[4,17]},"meta":{"lastBranch":18,"lastFunction":11,"lastStatement":54,"seen":{"s:9:35:203:Infinity":0,"f:9:35:9:41":0,"s:10:8:10:Infinity":1,"s:11:30:11:Infinity":2,"s:12:35:14:Infinity":3,"s:16:26:16:Infinity":4,"s:17:38:17:Infinity":5,"s:18:44:18:Infinity":6,"s:20:28:20:Infinity":7,"s:21:34:21:Infinity":8,"s:22:32:22:Infinity":9,"s:25:21:28:Infinity":10,"f:25:21:25:22":1,"s:26:4:26:Infinity":11,"s:27:4:27:Infinity":12,"s:30:24:66:Infinity":13,"f:30:24:30:31":2,"s:31:2:65:Infinity":14,"s:32:37:36:Infinity":15,"b:38:4:38:Infinity:undefined:undefined:undefined:undefined":0,"s:38:4:38:Infinity":16,"s:38:15:38:Infinity":17,"b:40:4:62:Infinity:undefined:undefined:undefined:undefined":1,"s:40:4:62:Infinity":18,"s:41:27:41:Infinity":19,"b:43:6:46:Infinity:undefined:undefined:undefined:undefined":2,"s:43:6:46:Infinity":20,"b:43:10:43:43:43:43:43:77":3,"s:44:8:44:Infinity":21,"s:45:8:45:Infinity":22,"b:48:6:61:Infinity:50:13:61:Infinity":4,"s:48:6:61:Infinity":23,"s:49:8:49:Infinity":24,"s:51:8:51:Infinity":25,"s:52:8:52:Infinity":26,"s:53:8:60:Infinity":27,"s:64:4:64:Infinity":28,"s:67:19:97:Infinity":29,"f:67:19:67:26":3,"s:68:2:68:Infinity":30,"s:69:2:69:Infinity":31,"s:71:2:96:Infinity":32,"b:74:4:91:Infinity:83:11:91:Infinity":5,"s:74:4:91:Infinity":33,"s:75:6:79:Infinity":34,"b:80:6:80:Infinity:undefined:undefined:undefined:undefined":6,"s:80:6:80:Infinity":35,"s:80:24:80:Infinity":36,"s:82:6:82:Infinity":37,"b:82:28:82:53:82:53:82:55":7,"s:84:6:84:Infinity":38,"b:85:6:85:Infinity:undefined:undefined:undefined:undefined":8,"s:85:6:85:Infinity":39,"s:85:24:85:Infinity":40,"s:87:6:87:Infinity":41,"s:88:6:88:Infinity":42,"s:90:6:90:Infinity":43,"s:93:4:93:Infinity":44,"s:95:4:95:Infinity":45,"s:99:2:201:Infinity":46,"b:102:8:131:Infinity:133:8:199:Infinity":9,"f:108:25:108:31":4,"s:108:31:108:Infinity":47,"f:116:25:116:31":5,"s:116:31:116:Infinity":48,"f:125:23:125:29":6,"s:125:29:125:Infinity":49,"b:137:18:137:Infinity:138:18:140:Infinity":10,"b:139:18:139:Infinity:140:18:140:Infinity":11,"f:150:26:150:27":7,"s:150:33:150:Infinity":50,"f:158:26:158:27":8,"s:158:33:158:Infinity":51,"b:167:46:167:64:167:64:167:Infinity":12,"b:171:20:171:Infinity:172:20:174:Infinity":13,"b:173:20:173:Infinity:174:20:174:Infinity":14,"b:178:13:178:Infinity:179:14:189:Infinity":15,"b:180:33:180:56:180:56:180:78":16,"f:182:27:182:33":9,"s:183:20:183:Infinity":52,"b:187:35:187:53:187:53:187:Infinity":17,"f:193:23:193:29":10,"s:193:29:193:Infinity":53}}}
,"C:\\Users\\Fernando\\a42-app\\src\\App\\pages\\ViewerPage.tsx": {"path":"C:\\Users\\Fernando\\a42-app\\src\\App\\pages\\ViewerPage.tsx","statementMap":{"0":{"start":{"line":9,"column":36},"end":{"line":87,"column":null}},"1":{"start":{"line":10,"column":8},"end":{"line":10,"column":null}},"2":{"start":{"line":10,"column":48},"end":{"line":10,"column":64}},"3":{"start":{"line":11,"column":8},"end":{"line":11,"column":null}},"4":{"start":{"line":11,"column":52},"end":{"line":11,"column":72}},"5":{"start":{"line":12,"column":8},"end":{"line":12,"column":null}},"6":{"start":{"line":12,"column":46},"end":{"line":12,"column":60}},"7":{"start":{"line":13,"column":8},"end":{"line":13,"column":null}},"8":{"start":{"line":13,"column":48},"end":{"line":13,"column":57}},"9":{"start":{"line":15,"column":24},"end":{"line":15,"column":null}},"10":{"start":{"line":16,"column":8},"end":{"line":16,"column":null}},"11":{"start":{"line":20,"column":2},"end":{"line":44,"column":null}},"12":{"start":{"line":21,"column":21},"end":{"line":41,"column":null}},"13":{"start":{"line":22,"column":23},"end":{"line":22,"column":null}},"14":{"start":{"line":23,"column":23},"end":{"line":23,"column":null}},"15":{"start":{"line":25,"column":6},"end":{"line":40,"column":null}},"16":{"start":{"line":26,"column":34},"end":{"line":30,"column":null}},"17":{"start":{"line":33,"column":10},"end":{"line":35,"column":null}},"18":{"start":{"line":38,"column":8},"end":{"line":38,"column":null}},"19":{"start":{"line":39,"column":8},"end":{"line":39,"column":null}},"20":{"start":{"line":43,"column":4},"end":{"line":43,"column":null}},"21":{"start":{"line":47,"column":2},"end":{"line":57,"column":null}},"22":{"start":{"line":48,"column":19},"end":{"line":48,"column":null}},"23":{"start":{"line":49,"column":22},"end":{"line":49,"column":null}},"24":{"start":{"line":50,"column":20},"end":{"line":50,"column":null}},"25":{"start":{"line":52,"column":4},"end":{"line":56,"column":null}},"26":{"start":{"line":53,"column":6},"end":{"line":55,"column":null}},"27":{"start":{"line":54,"column":8},"end":{"line":54,"column":null}},"28":{"start":{"line":54,"column":21},"end":{"line":54,"column":null}},"29":{"start":{"line":60,"column":4},"end":{"line":60,"column":null}},"30":{"start":{"line":62,"column":2},"end":{"line":85,"column":null}},"31":{"start":{"line":67,"column":27},"end":{"line":67,"column":null}}},"fnMap":{"0":{"name":"(anonymous_0)","decl":{"start":{"line":9,"column":36},"end":{"line":9,"column":42}},"loc":{"start":{"line":9,"column":42},"end":{"line":87,"column":null}},"line":9},"1":{"name":"(anonymous_1)","decl":{"start":{"line":10,"column":41},"end":{"line":10,"column":42}},"loc":{"start":{"line":10,"column":48},"end":{"line":10,"column":64}},"line":10},"2":{"name":"(anonymous_2)","decl":{"start":{"line":11,"column":45},"end":{"line":11,"column":46}},"loc":{"start":{"line":11,"column":52},"end":{"line":11,"column":72}},"line":11},"3":{"name":"(anonymous_3)","decl":{"start":{"line":12,"column":39},"end":{"line":12,"column":40}},"loc":{"start":{"line":12,"column":46},"end":{"line":12,"column":60}},"line":12},"4":{"name":"(anonymous_4)","decl":{"start":{"line":13,"column":41},"end":{"line":13,"column":42}},"loc":{"start":{"line":13,"column":48},"end":{"line":13,"column":57}},"line":13},"5":{"name":"(anonymous_5)","decl":{"start":{"line":20,"column":18},"end":{"line":20,"column":24}},"loc":{"start":{"line":20,"column":24},"end":{"line":44,"column":5}},"line":20},"6":{"name":"(anonymous_6)","decl":{"start":{"line":21,"column":21},"end":{"line":21,"column":48}},"loc":{"start":{"line":21,"column":48},"end":{"line":41,"column":null}},"line":21},"7":{"name":"(anonymous_7)","decl":{"start":{"line":47,"column":18},"end":{"line":47,"column":24}},"loc":{"start":{"line":47,"column":24},"end":{"line":57,"column":5}},"line":47},"8":{"name":"(anonymous_8)","decl":{"start":{"line":53,"column":41},"end":{"line":53,"column":47}},"loc":{"start":{"line":53,"column":47},"end":{"line":55,"column":7}},"line":53},"9":{"name":"(anonymous_9)","decl":{"start":{"line":67,"column":21},"end":{"line":67,"column":27}},"loc":{"start":{"line":67,"column":27},"end":{"line":67,"column":null}},"line":67}},"branchMap":{"0":{"loc":{"start":{"line":25,"column":6},"end":{"line":40,"column":null}},"type":"if","locations":[{"start":{"line":25,"column":6},"end":{"line":40,"column":null}},{"start":{},"end":{}}],"line":25},"1":{"loc":{"start":{"line":33,"column":10},"end":{"line":35,"column":null}},"type":"cond-expr","locations":[{"start":{"line":34,"column":15},"end":{"line":34,"column":null}},{"start":{"line":35,"column":14},"end":{"line":35,"column":null}}],"line":33},"2":{"loc":{"start":{"line":52,"column":4},"end":{"line":56,"column":null}},"type":"if","locations":[{"start":{"line":52,"column":4},"end":{"line":56,"column":null}},{"start":{},"end":{}}],"line":52},"3":{"loc":{"start":{"line":54,"column":8},"end":{"line":54,"column":null}},"type":"if","locations":[{"start":{"line":54,"column":8},"end":{"line":54,"column":null}},{"start":{},"end":{}}],"line":54},"4":{"loc":{"start":{"line":60,"column":4},"end":{"line":60,"column":null}},"type":"binary-expr","locations":[{"start":{"line":60,"column":4},"end":{"line":60,"column":30}},{"start":{"line":60,"column":30},"end":{"line":60,"column":null}}],"line":60},"5":{"loc":{"start":{"line":65,"column":9},"end":{"line":71,"column":null}},"type":"binary-expr","locations":[{"start":{"line":65,"column":9},"end":{"line":65,"column":null}},{"start":{"line":66,"column":10},"end":{"line":71,"column":null}}],"line":65},"6":{"loc":{"start":{"line":74,"column":9},"end":{"line":80,"column":null}},"type":"binary-expr","locations":[{"start":{"line":74,"column":9},"end":{"line":74,"column":18}},{"start":{"line":74,"column":18},"end":{"line":74,"column":null}},{"start":{"line":75,"column":10},"end":{"line":80,"column":null}}],"line":74}},"s":{"0":1,"1":12,"2":36,"3":12,"4":36,"5":12,"6":36,"7":12,"8":36,"9":12,"10":12,"11":12,"12":11,"13":11,"14":11,"15":11,"16":0,"17":0,"18":0,"19":0,"20":11,"21":12,"22":11,"23":11,"24":11,"25":11,"26":0,"27":0,"28":0,"29":12,"30":12,"31":0},"f":{"0":12,"1":36,"2":36,"3":36,"4":36,"5":11,"6":11,"7":11,"8":0,"9":0},"b":{"0":[0,11],"1":[0,0],"2":[0,11],"3":[0,0],"4":[12,12],"5":[12,0],"6":[12,8,8]},"meta":{"lastBranch":7,"lastFunction":10,"lastStatement":32,"seen":{"s:9:36:87:Infinity":0,"f:9:36:9:42":0,"s:10:8:10:Infinity":1,"f:10:41:10:42":1,"s:10:48:10:64":2,"s:11:8:11:Infinity":3,"f:11:45:11:46":2,"s:11:52:11:72":4,"s:12:8:12:Infinity":5,"f:12:39:12:40":3,"s:12:46:12:60":6,"s:13:8:13:Infinity":7,"f:13:41:13:42":4,"s:13:48:13:57":8,"s:15:24:15:Infinity":9,"s:16:8:16:Infinity":10,"s:20:2:44:Infinity":11,"f:20:18:20:24":5,"s:21:21:41:Infinity":12,"f:21:21:21:48":6,"s:22:23:22:Infinity":13,"s:23:23:23:Infinity":14,"b:25:6:40:Infinity:undefined:undefined:undefined:undefined":0,"s:25:6:40:Infinity":15,"s:26:34:30:Infinity":16,"s:33:10:35:Infinity":17,"b:34:15:34:Infinity:35:14:35:Infinity":1,"s:38:8:38:Infinity":18,"s:39:8:39:Infinity":19,"s:43:4:43:Infinity":20,"s:47:2:57:Infinity":21,"f:47:18:47:24":7,"s:48:19:48:Infinity":22,"s:49:22:49:Infinity":23,"s:50:20:50:Infinity":24,"b:52:4:56:Infinity:undefined:undefined:undefined:undefined":2,"s:52:4:56:Infinity":25,"s:53:6:55:Infinity":26,"f:53:41:53:47":8,"b:54:8:54:Infinity:undefined:undefined:undefined:undefined":3,"s:54:8:54:Infinity":27,"s:54:21:54:Infinity":28,"s:60:4:60:Infinity":29,"b:60:4:60:30:60:30:60:Infinity":4,"s:62:2:85:Infinity":30,"b:65:9:65:Infinity:66:10:71:Infinity":5,"f:67:21:67:27":9,"s:67:27:67:Infinity":31,"b:74:9:74:18:74:18:74:Infinity:75:10:80:Infinity":6}}}
,"C:\\Users\\Fernando\\a42-app\\src\\App\\utils\\authHelpers.ts": {"path":"C:\\Users\\Fernando\\a42-app\\src\\App\\utils\\authHelpers.ts","statementMap":{"0":{"start":{"line":9,"column":29},"end":{"line":15,"column":null}},"1":{"start":{"line":10,"column":2},"end":{"line":10,"column":null}},"2":{"start":{"line":11,"column":2},"end":{"line":11,"column":null}},"3":{"start":{"line":12,"column":2},"end":{"line":12,"column":null}},"4":{"start":{"line":13,"column":2},"end":{"line":13,"column":null}},"5":{"start":{"line":14,"column":2},"end":{"line":14,"column":null}}},"fnMap":{"0":{"name":"(anonymous_0)","decl":{"start":{"line":9,"column":29},"end":{"line":9,"column":56}},"loc":{"start":{"line":9,"column":56},"end":{"line":15,"column":null}},"line":9}},"branchMap":{},"s":{"0":1,"1":0,"2":0,"3":0,"4":0,"5":0},"f":{"0":0},"b":{},"meta":{"lastBranch":0,"lastFunction":1,"lastStatement":6,"seen":{"s:9:29:15:Infinity":0,"f:9:29:9:56":0,"s:10:2:10:Infinity":1,"s:11:2:11:Infinity":2,"s:12:2:12:Infinity":3,"s:13:2:13:Infinity":4,"s:14:2:14:Infinity":5}}}
,"C:\\Users\\Fernando\\a42-app\\src\\components\\ui\\ConfirmModal.tsx": {"path":"C:\\Users\\Fernando\\a42-app\\src\\components\\ui\\ConfirmModal.tsx","statementMap":{"0":{"start":{"line":12,"column":57},"end":{"line":53,"column":null}},"1":{"start":{"line":20,"column":2},"end":{"line":20,"column":null}},"2":{"start":{"line":20,"column":15},"end":{"line":20,"column":null}},"3":{"start":{"line":22,"column":2},"end":{"line":51,"column":null}}},"fnMap":{"0":{"name":"(anonymous_0)","decl":{"start":{"line":12,"column":57},"end":{"line":12,"column":58}},"loc":{"start":{"line":19,"column":6},"end":{"line":53,"column":null}},"line":19}},"branchMap":{"0":{"loc":{"start":{"line":18,"column":2},"end":{"line":18,"column":null}},"type":"default-arg","locations":[{"start":{"line":18,"column":18},"end":{"line":18,"column":null}}],"line":18},"1":{"loc":{"start":{"line":20,"column":2},"end":{"line":20,"column":null}},"type":"if","locations":[{"start":{"line":20,"column":2},"end":{"line":20,"column":null}},{"start":{},"end":{}}],"line":20},"2":{"loc":{"start":{"line":42,"column":14},"end":{"line":44,"column":null}},"type":"cond-expr","locations":[{"start":{"line":43,"column":18},"end":{"line":43,"column":null}},{"start":{"line":44,"column":18},"end":{"line":44,"column":null}}],"line":42},"3":{"loc":{"start":{"line":47,"column":13},"end":{"line":47,"column":null}},"type":"cond-expr","locations":[{"start":{"line":47,"column":29},"end":{"line":47,"column":51}},{"start":{"line":47,"column":51},"end":{"line":47,"column":null}}],"line":47}},"s":{"0":2,"1":13,"2":2,"3":11},"f":{"0":13},"b":{"0":[13],"1":[2,11],"2":[2,9],"3":[2,9]},"meta":{"lastBranch":4,"lastFunction":1,"lastStatement":4,"seen":{"s:12:57:53:Infinity":0,"f:12:57:12:58":0,"b:18:18:18:Infinity":0,"b:20:2:20:Infinity:undefined:undefined:undefined:undefined":1,"s:20:2:20:Infinity":1,"s:20:15:20:Infinity":2,"s:22:2:51:Infinity":3,"b:43:18:43:Infinity:44:18:44:Infinity":2,"b:47:29:47:51:47:51:47:Infinity":3}}}
,"C:\\Users\\Fernando\\a42-app\\src\\core\\App.tsx": {"path":"C:\\Users\\Fernando\\a42-app\\src\\core\\App.tsx","statementMap":{"0":{"start":{"line":31,"column":22},"end":{"line":57,"column":null}},"1":{"start":{"line":32,"column":2},"end":{"line":55,"column":null}}},"fnMap":{"0":{"name":"(anonymous_0)","decl":{"start":{"line":31,"column":22},"end":{"line":31,"column":28}},"loc":{"start":{"line":31,"column":28},"end":{"line":57,"column":null}},"line":31}},"branchMap":{},"s":{"0":1,"1":56},"f":{"0":56},"b":{},"meta":{"lastBranch":0,"lastFunction":1,"lastStatement":2,"seen":{"s:31:22:57:Infinity":0,"f:31:22:31:28":0,"s:32:2:55:Infinity":1}}}
,"C:\\Users\\Fernando\\a42-app\\src\\core\\hooks\\useErrorHandler.ts": {"path":"C:\\Users\\Fernando\\a42-app\\src\\core\\hooks\\useErrorHandler.ts","statementMap":{"0":{"start":{"line":73,"column":31},"end":{"line":184,"column":null}},"1":{"start":{"line":80,"column":6},"end":{"line":80,"column":null}},"2":{"start":{"line":85,"column":8},"end":{"line":129,"column":null}},"3":{"start":{"line":87,"column":28},"end":{"line":87,"column":null}},"4":{"start":{"line":88,"column":24},"end":{"line":88,"column":null}},"5":{"start":{"line":91,"column":12},"end":{"line":91,"column":null}},"6":{"start":{"line":94,"column":6},"end":{"line":117,"column":null}},"7":{"start":{"line":95,"column":24},"end":{"line":95,"column":null}},"8":{"start":{"line":98,"column":8},"end":{"line":116,"column":null}},"9":{"start":{"line":101,"column":12},"end":{"line":104,"column":null}},"10":{"start":{"line":105,"column":12},"end":{"line":105,"column":null}},"11":{"start":{"line":108,"column":12},"end":{"line":108,"column":null}},"12":{"start":{"line":109,"column":12},"end":{"line":109,"column":null}},"13":{"start":{"line":112,"column":12},"end":{"line":114,"column":null}},"14":{"start":{"line":115,"column":12},"end":{"line":115,"column":null}},"15":{"start":{"line":120,"column":6},"end":{"line":124,"column":null}},"16":{"start":{"line":121,"column":8},"end":{"line":121,"column":null}},"17":{"start":{"line":122,"column":6},"end":{"line":124,"column":null}},"18":{"start":{"line":123,"column":8},"end":{"line":123,"column":null}},"19":{"start":{"line":126,"column":6},"end":{"line":126,"column":null}},"20":{"start":{"line":134,"column":8},"end":{"line":136,"column":null}},"21":{"start":{"line":135,"column":4},"end":{"line":135,"column":null}},"22":{"start":{"line":141,"column":8},"end":{"line":143,"column":null}},"23":{"start":{"line":142,"column":4},"end":{"line":142,"column":null}},"24":{"start":{"line":148,"column":8},"end":{"line":152,"column":null}},"25":{"start":{"line":149,"column":4},"end":{"line":151,"column":null}},"26":{"start":{"line":157,"column":8},"end":{"line":159,"column":null}},"27":{"start":{"line":158,"column":4},"end":{"line":158,"column":null}},"28":{"start":{"line":164,"column":8},"end":{"line":166,"column":null}},"29":{"start":{"line":165,"column":4},"end":{"line":165,"column":null}},"30":{"start":{"line":171,"column":8},"end":{"line":173,"column":null}},"31":{"start":{"line":172,"column":4},"end":{"line":172,"column":null}},"32":{"start":{"line":175,"column":2},"end":{"line":183,"column":null}},"33":{"start":{"line":189,"column":27},"end":{"line":199,"column":null}},"34":{"start":{"line":198,"column":2},"end":{"line":198,"column":null}}},"fnMap":{"0":{"name":"(anonymous_0)","decl":{"start":{"line":73,"column":31},"end":{"line":73,"column":null}},"loc":{"start":{"line":75,"column":28},"end":{"line":184,"column":null}},"line":75},"1":{"name":"(anonymous_1)","decl":{"start":{"line":86,"column":4},"end":{"line":86,"column":5}},"loc":{"start":{"line":86,"column":81},"end":{"line":127,"column":null}},"line":86},"2":{"name":"(anonymous_2)","decl":{"start":{"line":134,"column":34},"end":{"line":134,"column":35}},"loc":{"start":{"line":134,"column":55},"end":{"line":136,"column":5}},"line":134},"3":{"name":"(anonymous_3)","decl":{"start":{"line":141,"column":32},"end":{"line":141,"column":33}},"loc":{"start":{"line":141,"column":53},"end":{"line":143,"column":5}},"line":141},"4":{"name":"(anonymous_4)","decl":{"start":{"line":148,"column":31},"end":{"line":148,"column":32}},"loc":{"start":{"line":148,"column":52},"end":{"line":152,"column":5}},"line":148},"5":{"name":"(anonymous_5)","decl":{"start":{"line":157,"column":34},"end":{"line":157,"column":35}},"loc":{"start":{"line":157,"column":63},"end":{"line":159,"column":5}},"line":157},"6":{"name":"(anonymous_6)","decl":{"start":{"line":164,"column":35},"end":{"line":164,"column":36}},"loc":{"start":{"line":164,"column":56},"end":{"line":166,"column":5}},"line":164},"7":{"name":"(anonymous_7)","decl":{"start":{"line":171,"column":33},"end":{"line":171,"column":39}},"loc":{"start":{"line":171,"column":39},"end":{"line":173,"column":5}},"line":171},"8":{"name":"(anonymous_8)","decl":{"start":{"line":189,"column":27},"end":{"line":189,"column":null}},"loc":{"start":{"line":197,"column":15},"end":{"line":199,"column":null}},"line":197}},"branchMap":{"0":{"loc":{"start":{"line":74,"column":2},"end":{"line":74,"column":null}},"type":"default-arg","locations":[{"start":{"line":74,"column":43},"end":{"line":74,"column":null}}],"line":74},"1":{"loc":{"start":{"line":78,"column":15},"end":{"line":78,"column":null}},"type":"default-arg","locations":[{"start":{"line":78,"column":34},"end":{"line":78,"column":null}}],"line":78},"2":{"loc":{"start":{"line":86,"column":21},"end":{"line":86,"column":81}},"type":"default-arg","locations":[{"start":{"line":86,"column":64},"end":{"line":86,"column":81}}],"line":86},"3":{"loc":{"start":{"line":88,"column":24},"end":{"line":88,"column":null}},"type":"binary-expr","locations":[{"start":{"line":88,"column":24},"end":{"line":88,"column":51}},{"start":{"line":88,"column":51},"end":{"line":88,"column":null}}],"line":88},"4":{"loc":{"start":{"line":91,"column":46},"end":{"line":91,"column":78}},"type":"binary-expr","locations":[{"start":{"line":91,"column":46},"end":{"line":91,"column":71}},{"start":{"line":91,"column":71},"end":{"line":91,"column":78}}],"line":91},"5":{"loc":{"start":{"line":94,"column":6},"end":{"line":117,"column":null}},"type":"if","locations":[{"start":{"line":94,"column":6},"end":{"line":117,"column":null}},{"start":{},"end":{}}],"line":94},"6":{"loc":{"start":{"line":95,"column":24},"end":{"line":95,"column":null}},"type":"binary-expr","locations":[{"start":{"line":95,"column":24},"end":{"line":95,"column":55}},{"start":{"line":95,"column":38},"end":{"line":95,"column":null}}],"line":95},"7":{"loc":{"start":{"line":98,"column":8},"end":{"line":116,"column":null}},"type":"switch","locations":[{"start":{"line":99,"column":10},"end":{"line":99,"column":null}},{"start":{"line":100,"column":10},"end":{"line":105,"column":null}},{"start":{"line":107,"column":10},"end":{"line":109,"column":null}},{"start":{"line":111,"column":10},"end":{"line":115,"column":null}}],"line":98},"8":{"loc":{"start":{"line":120,"column":6},"end":{"line":124,"column":null}},"type":"if","locations":[{"start":{"line":120,"column":6},"end":{"line":124,"column":null}},{"start":{"line":122,"column":6},"end":{"line":124,"column":null}}],"line":120},"9":{"loc":{"start":{"line":122,"column":6},"end":{"line":124,"column":null}},"type":"if","locations":[{"start":{"line":122,"column":6},"end":{"line":124,"column":null}},{"start":{},"end":{}}],"line":122}},"s":{"0":1,"1":50,"2":50,"3":0,"4":0,"5":0,"6":0,"7":0,"8":0,"9":0,"10":0,"11":0,"12":0,"13":0,"14":0,"15":0,"16":0,"17":0,"18":0,"19":0,"20":50,"21":0,"22":50,"23":0,"24":50,"25":0,"26":50,"27":0,"28":50,"29":0,"30":50,"31":0,"32":50,"33":1,"34":0},"f":{"0":50,"1":0,"2":0,"3":0,"4":0,"5":0,"6":0,"7":0,"8":0},"b":{"0":[50],"1":[50],"2":[0],"3":[0,0],"4":[0,0],"5":[0,0],"6":[0,0],"7":[0,0,0,0],"8":[0,0],"9":[0,0]},"meta":{"lastBranch":10,"lastFunction":9,"lastStatement":35,"seen":{"s:73:31:184:Infinity":0,"f:73:31:73:Infinity":0,"b:74:43:74:Infinity":0,"s:80:6:80:Infinity":1,"b:78:34:78:Infinity":1,"s:85:8:129:Infinity":2,"f:86:4:86:5":1,"b:86:64:86:81":2,"s:87:28:87:Infinity":3,"s:88:24:88:Infinity":4,"b:88:24:88:51:88:51:88:Infinity":3,"s:91:12:91:Infinity":5,"b:91:46:91:71:91:71:91:78":4,"b:94:6:117:Infinity:undefined:undefined:undefined:undefined":5,"s:94:6:117:Infinity":6,"s:95:24:95:Infinity":7,"b:95:24:95:55:95:38:95:Infinity":6,"b:99:10:99:Infinity:100:10:105:Infinity:107:10:109:Infinity:111:10:115:Infinity":7,"s:98:8:116:Infinity":8,"s:101:12:104:Infinity":9,"s:105:12:105:Infinity":10,"s:108:12:108:Infinity":11,"s:109:12:109:Infinity":12,"s:112:12:114:Infinity":13,"s:115:12:115:Infinity":14,"b:120:6:124:Infinity:122:6:124:Infinity":8,"s:120:6:124:Infinity":15,"s:121:8:121:Infinity":16,"b:122:6:124:Infinity:undefined:undefined:undefined:undefined":9,"s:122:6:124:Infinity":17,"s:123:8:123:Infinity":18,"s:126:6:126:Infinity":19,"s:134:8:136:Infinity":20,"f:134:34:134:35":2,"s:135:4:135:Infinity":21,"s:141:8:143:Infinity":22,"f:141:32:141:33":3,"s:142:4:142:Infinity":23,"s:148:8:152:Infinity":24,"f:148:31:148:32":4,"s:149:4:151:Infinity":25,"s:157:8:159:Infinity":26,"f:157:34:157:35":5,"s:158:4:158:Infinity":27,"s:164:8:166:Infinity":28,"f:164:35:164:36":6,"s:165:4:165:Infinity":29,"s:171:8:173:Infinity":30,"f:171:33:171:39":7,"s:172:4:172:Infinity":31,"s:175:2:183:Infinity":32,"s:189:27:199:Infinity":33,"f:189:27:189:Infinity":8,"s:198:2:198:Infinity":34}}}
,"C:\\Users\\Fernando\\a42-app\\src\\core\\lib\\errorHandler.ts": {"path":"C:\\Users\\Fernando\\a42-app\\src\\core\\lib\\errorHandler.ts","statementMap":{"0":{"start":{"line":8,"column":25},"end":{"line":38,"column":null}},"1":{"start":{"line":45,"column":29},"end":{"line":50,"column":null}},"2":{"start":{"line":101,"column":4},"end":{"line":101,"column":null}},"3":{"start":{"line":102,"column":4},"end":{"line":102,"column":null}},"4":{"start":{"line":103,"column":4},"end":{"line":103,"column":null}},"5":{"start":{"line":104,"column":4},"end":{"line":104,"column":null}},"6":{"start":{"line":105,"column":4},"end":{"line":105,"column":null}},"7":{"start":{"line":106,"column":4},"end":{"line":110,"column":null}},"8":{"start":{"line":111,"column":4},"end":{"line":111,"column":null}},"9":{"start":{"line":112,"column":4},"end":{"line":112,"column":null}},"10":{"start":{"line":116,"column":4},"end":{"line":119,"column":null}},"11":{"start":{"line":118,"column":6},"end":{"line":118,"column":null}},"12":{"start":{"line":126,"column":48},"end":{"line":141,"column":null}},"13":{"start":{"line":143,"column":4},"end":{"line":143,"column":null}},"14":{"start":{"line":150,"column":4},"end":{"line":165,"column":null}},"15":{"start":{"line":191,"column":4},"end":{"line":195,"column":null}},"16":{"start":{"line":202,"column":4},"end":{"line":204,"column":null}},"17":{"start":{"line":203,"column":6},"end":{"line":203,"column":null}},"18":{"start":{"line":205,"column":4},"end":{"line":205,"column":null}},"19":{"start":{"line":212,"column":4},"end":{"line":212,"column":null}},"20":{"start":{"line":219,"column":21},"end":{"line":219,"column":null}},"21":{"start":{"line":222,"column":4},"end":{"line":224,"column":null}},"22":{"start":{"line":223,"column":6},"end":{"line":223,"column":null}},"23":{"start":{"line":227,"column":4},"end":{"line":229,"column":null}},"24":{"start":{"line":228,"column":6},"end":{"line":228,"column":null}},"25":{"start":{"line":232,"column":4},"end":{"line":234,"column":null}},"26":{"start":{"line":233,"column":6},"end":{"line":233,"column":null}},"27":{"start":{"line":236,"column":4},"end":{"line":236,"column":null}},"28":{"start":{"line":244,"column":4},"end":{"line":246,"column":null}},"29":{"start":{"line":245,"column":6},"end":{"line":245,"column":null}},"30":{"start":{"line":249,"column":4},"end":{"line":251,"column":null}},"31":{"start":{"line":250,"column":6},"end":{"line":250,"column":null}},"32":{"start":{"line":254,"column":4},"end":{"line":264,"column":null}},"33":{"start":{"line":255,"column":6},"end":{"line":263,"column":null}},"34":{"start":{"line":267,"column":4},"end":{"line":276,"column":null}},"35":{"start":{"line":268,"column":6},"end":{"line":275,"column":null}},"36":{"start":{"line":279,"column":4},"end":{"line":286,"column":null}},"37":{"start":{"line":293,"column":4},"end":{"line":293,"column":null}},"38":{"start":{"line":300,"column":17},"end":{"line":300,"column":null}},"39":{"start":{"line":303,"column":4},"end":{"line":314,"column":null}},"40":{"start":{"line":304,"column":6},"end":{"line":313,"column":null}},"41":{"start":{"line":317,"column":4},"end":{"line":327,"column":null}},"42":{"start":{"line":318,"column":6},"end":{"line":326,"column":null}},"43":{"start":{"line":330,"column":4},"end":{"line":340,"column":null}},"44":{"start":{"line":331,"column":6},"end":{"line":339,"column":null}},"45":{"start":{"line":343,"column":4},"end":{"line":351,"column":null}},"46":{"start":{"line":358,"column":18},"end":{"line":358,"column":null}},"47":{"start":{"line":360,"column":4},"end":{"line":360,"column":null}},"48":{"start":{"line":361,"column":4},"end":{"line":361,"column":null}},"49":{"start":{"line":362,"column":4},"end":{"line":362,"column":null}},"50":{"start":{"line":363,"column":4},"end":{"line":363,"column":null}},"51":{"start":{"line":364,"column":4},"end":{"line":366,"column":null}},"52":{"start":{"line":365,"column":6},"end":{"line":365,"column":null}},"53":{"start":{"line":367,"column":4},"end":{"line":367,"column":null}},"54":{"start":{"line":374,"column":19},"end":{"line":379,"column":null}},"55":{"start":{"line":380,"column":4},"end":{"line":380,"column":null}},"56":{"start":{"line":396,"column":4},"end":{"line":406,"column":null}},"57":{"start":{"line":397,"column":21},"end":{"line":397,"column":null}},"58":{"start":{"line":398,"column":6},"end":{"line":398,"column":null}},"59":{"start":{"line":400,"column":6},"end":{"line":402,"column":null}},"60":{"start":{"line":401,"column":8},"end":{"line":401,"column":null}},"61":{"start":{"line":403,"column":6},"end":{"line":403,"column":null}},"62":{"start":{"line":413,"column":4},"end":{"line":413,"column":null}},"63":{"start":{"line":421,"column":4},"end":{"line":423,"column":null}},"64":{"start":{"line":422,"column":6},"end":{"line":422,"column":null}},"65":{"start":{"line":424,"column":4},"end":{"line":424,"column":null}},"66":{"start":{"line":429,"column":28},"end":{"line":429,"column":null}},"67":{"start":{"line":432,"column":27},"end":{"line":434,"column":null}},"68":{"start":{"line":433,"column":2},"end":{"line":433,"column":null}},"69":{"start":{"line":436,"column":30},"end":{"line":438,"column":null}},"70":{"start":{"line":437,"column":2},"end":{"line":437,"column":null}}},"fnMap":{"0":{"name":"(anonymous_0)","decl":{"start":{"line":91,"column":2},"end":{"line":91,"column":null}},"loc":{"start":{"line":100,"column":4},"end":{"line":120,"column":null}},"line":100},"1":{"name":"(anonymous_1)","decl":{"start":{"line":125,"column":10},"end":{"line":125,"column":32}},"loc":{"start":{"line":125,"column":57},"end":{"line":144,"column":null}},"line":125},"2":{"name":"(anonymous_2)","decl":{"start":{"line":149,"column":2},"end":{"line":149,"column":11}},"loc":{"start":{"line":149,"column":11},"end":{"line":166,"column":null}},"line":149},"3":{"name":"(anonymous_3)","decl":{"start":{"line":190,"column":10},"end":{"line":190,"column":22}},"loc":{"start":{"line":190,"column":55},"end":{"line":196,"column":null}},"line":190},"4":{"name":"(anonymous_4)","decl":{"start":{"line":201,"column":9},"end":{"line":201,"column":21}},"loc":{"start":{"line":201,"column":64},"end":{"line":206,"column":null}},"line":201},"5":{"name":"(anonymous_5)","decl":{"start":{"line":211,"column":2},"end":{"line":211,"column":12}},"loc":{"start":{"line":211,"column":55},"end":{"line":213,"column":null}},"line":211},"6":{"name":"(anonymous_6)","decl":{"start":{"line":218,"column":2},"end":{"line":218,"column":9}},"loc":{"start":{"line":218,"column":53},"end":{"line":237,"column":null}},"line":218},"7":{"name":"(anonymous_7)","decl":{"start":{"line":242,"column":10},"end":{"line":242,"column":25}},"loc":{"start":{"line":242,"column":69},"end":{"line":287,"column":null}},"line":242},"8":{"name":"(anonymous_8)","decl":{"start":{"line":292,"column":10},"end":{"line":292,"column":26}},"loc":{"start":{"line":292,"column":47},"end":{"line":294,"column":null}},"line":292},"9":{"name":"(anonymous_9)","decl":{"start":{"line":299,"column":10},"end":{"line":299,"column":30}},"loc":{"start":{"line":299,"column":70},"end":{"line":352,"column":null}},"line":299},"10":{"name":"(anonymous_10)","decl":{"start":{"line":357,"column":10},"end":{"line":357,"column":23}},"loc":{"start":{"line":357,"column":46},"end":{"line":368,"column":null}},"line":357},"11":{"name":"(anonymous_11)","decl":{"start":{"line":373,"column":10},"end":{"line":373,"column":26}},"loc":{"start":{"line":373,"column":59},"end":{"line":381,"column":null}},"line":373},"12":{"name":"(anonymous_12)","decl":{"start":{"line":386,"column":10},"end":{"line":386,"column":22}},"loc":{"start":{"line":386,"column":45},"end":{"line":407,"column":null}},"line":386},"13":{"name":"(anonymous_13)","decl":{"start":{"line":412,"column":2},"end":{"line":412,"column":17}},"loc":{"start":{"line":412,"column":42},"end":{"line":414,"column":null}},"line":412},"14":{"name":"(anonymous_14)","decl":{"start":{"line":419,"column":2},"end":{"line":419,"column":19}},"loc":{"start":{"line":419,"column":45},"end":{"line":425,"column":null}},"line":419},"15":{"name":"(anonymous_15)","decl":{"start":{"line":432,"column":27},"end":{"line":432,"column":28}},"loc":{"start":{"line":432,"column":75},"end":{"line":434,"column":null}},"line":432},"16":{"name":"(anonymous_16)","decl":{"start":{"line":436,"column":30},"end":{"line":436,"column":31}},"loc":{"start":{"line":436,"column":59},"end":{"line":438,"column":null}},"line":436}},"branchMap":{"0":{"loc":{"start":{"line":104,"column":20},"end":{"line":104,"column":null}},"type":"binary-expr","locations":[{"start":{"line":104,"column":20},"end":{"line":104,"column":41}},{"start":{"line":104,"column":41},"end":{"line":104,"column":null}}],"line":104},"1":{"loc":{"start":{"line":105,"column":23},"end":{"line":105,"column":null}},"type":"binary-expr","locations":[{"start":{"line":105,"column":23},"end":{"line":105,"column":47}},{"start":{"line":105,"column":47},"end":{"line":105,"column":null}}],"line":105},"2":{"loc":{"start":{"line":116,"column":4},"end":{"line":119,"column":null}},"type":"if","locations":[{"start":{"line":116,"column":4},"end":{"line":119,"column":null}},{"start":{},"end":{}}],"line":116},"3":{"loc":{"start":{"line":143,"column":11},"end":{"line":143,"column":null}},"type":"binary-expr","locations":[{"start":{"line":143,"column":11},"end":{"line":143,"column":29}},{"start":{"line":143,"column":29},"end":{"line":143,"column":null}}],"line":143},"4":{"loc":{"start":{"line":158,"column":21},"end":{"line":164,"column":null}},"type":"cond-expr","locations":[{"start":{"line":159,"column":10},"end":{"line":163,"column":null}},{"start":{"line":164,"column":10},"end":{"line":164,"column":null}}],"line":158},"5":{"loc":{"start":{"line":190,"column":22},"end":{"line":190,"column":55}},"type":"default-arg","locations":[{"start":{"line":190,"column":51},"end":{"line":190,"column":55}}],"line":190},"6":{"loc":{"start":{"line":202,"column":4},"end":{"line":204,"column":null}},"type":"if","locations":[{"start":{"line":202,"column":4},"end":{"line":204,"column":null}},{"start":{},"end":{}}],"line":202},"7":{"loc":{"start":{"line":222,"column":4},"end":{"line":224,"column":null}},"type":"if","locations":[{"start":{"line":222,"column":4},"end":{"line":224,"column":null}},{"start":{},"end":{}}],"line":222},"8":{"loc":{"start":{"line":227,"column":4},"end":{"line":229,"column":null}},"type":"if","locations":[{"start":{"line":227,"column":4},"end":{"line":229,"column":null}},{"start":{},"end":{}}],"line":227},"9":{"loc":{"start":{"line":232,"column":4},"end":{"line":234,"column":null}},"type":"if","locations":[{"start":{"line":232,"column":4},"end":{"line":234,"column":null}},{"start":{},"end":{}}],"line":232},"10":{"loc":{"start":{"line":244,"column":4},"end":{"line":246,"column":null}},"type":"if","locations":[{"start":{"line":244,"column":4},"end":{"line":246,"column":null}},{"start":{},"end":{}}],"line":244},"11":{"loc":{"start":{"line":249,"column":4},"end":{"line":251,"column":null}},"type":"if","locations":[{"start":{"line":249,"column":4},"end":{"line":251,"column":null}},{"start":{},"end":{}}],"line":249},"12":{"loc":{"start":{"line":254,"column":4},"end":{"line":264,"column":null}},"type":"if","locations":[{"start":{"line":254,"column":4},"end":{"line":264,"column":null}},{"start":{},"end":{}}],"line":254},"13":{"loc":{"start":{"line":254,"column":8},"end":{"line":254,"column":71}},"type":"binary-expr","locations":[{"start":{"line":254,"column":8},"end":{"line":254,"column":38}},{"start":{"line":254,"column":38},"end":{"line":254,"column":71}}],"line":254},"14":{"loc":{"start":{"line":267,"column":4},"end":{"line":276,"column":null}},"type":"if","locations":[{"start":{"line":267,"column":4},"end":{"line":276,"column":null}},{"start":{},"end":{}}],"line":267},"15":{"loc":{"start":{"line":293,"column":11},"end":{"line":293,"column":null}},"type":"binary-expr","locations":[{"start":{"line":293,"column":11},"end":{"line":293,"column":20}},{"start":{"line":293,"column":20},"end":{"line":293,"column":49}},{"start":{"line":293,"column":49},"end":{"line":293,"column":68}},{"start":{"line":293,"column":68},"end":{"line":293,"column":null}}],"line":293},"16":{"loc":{"start":{"line":303,"column":4},"end":{"line":314,"column":null}},"type":"if","locations":[{"start":{"line":303,"column":4},"end":{"line":314,"column":null}},{"start":{},"end":{}}],"line":303},"17":{"loc":{"start":{"line":303,"column":8},"end":{"line":303,"column":47}},"type":"binary-expr","locations":[{"start":{"line":303,"column":8},"end":{"line":303,"column":31}},{"start":{"line":303,"column":31},"end":{"line":303,"column":47}}],"line":303},"18":{"loc":{"start":{"line":317,"column":4},"end":{"line":327,"column":null}},"type":"if","locations":[{"start":{"line":317,"column":4},"end":{"line":327,"column":null}},{"start":{},"end":{}}],"line":317},"19":{"loc":{"start":{"line":317,"column":8},"end":{"line":317,"column":47}},"type":"binary-expr","locations":[{"start":{"line":317,"column":8},"end":{"line":317,"column":31}},{"start":{"line":317,"column":31},"end":{"line":317,"column":47}}],"line":317},"20":{"loc":{"start":{"line":330,"column":4},"end":{"line":340,"column":null}},"type":"if","locations":[{"start":{"line":330,"column":4},"end":{"line":340,"column":null}},{"start":{},"end":{}}],"line":330},"21":{"loc":{"start":{"line":330,"column":8},"end":{"line":330,"column":47}},"type":"binary-expr","locations":[{"start":{"line":330,"column":8},"end":{"line":330,"column":31}},{"start":{"line":330,"column":31},"end":{"line":330,"column":47}}],"line":330},"22":{"loc":{"start":{"line":364,"column":4},"end":{"line":366,"column":null}},"type":"if","locations":[{"start":{"line":364,"column":4},"end":{"line":366,"column":null}},{"start":{},"end":{}}],"line":364},"23":{"loc":{"start":{"line":397,"column":32},"end":{"line":397,"column":74}},"type":"binary-expr","locations":[{"start":{"line":397,"column":32},"end":{"line":397,"column":70}},{"start":{"line":397,"column":70},"end":{"line":397,"column":74}}],"line":397},"24":{"loc":{"start":{"line":400,"column":6},"end":{"line":402,"column":null}},"type":"if","locations":[{"start":{"line":400,"column":6},"end":{"line":402,"column":null}},{"start":{},"end":{}}],"line":400},"25":{"loc":{"start":{"line":421,"column":4},"end":{"line":423,"column":null}},"type":"if","locations":[{"start":{"line":421,"column":4},"end":{"line":423,"column":null}},{"start":{},"end":{}}],"line":421}},"s":{"0":3,"1":3,"2":32,"3":32,"4":32,"5":32,"6":32,"7":32,"8":32,"9":32,"10":32,"11":32,"12":29,"13":29,"14":2,"15":3,"16":3,"17":3,"18":3,"19":0,"20":13,"21":13,"22":13,"23":13,"24":0,"25":13,"26":0,"27":13,"28":13,"29":1,"30":12,"31":3,"32":9,"33":1,"34":8,"35":4,"36":4,"37":12,"38":3,"39":3,"40":1,"41":2,"42":1,"43":1,"44":1,"45":0,"46":13,"47":13,"48":13,"49":13,"50":13,"51":13,"52":10,"53":13,"54":13,"55":13,"56":0,"57":0,"58":0,"59":0,"60":0,"61":0,"62":2,"63":0,"64":0,"65":0,"66":3,"67":3,"68":13,"69":3,"70":2},"f":{"0":32,"1":29,"2":2,"3":3,"4":3,"5":0,"6":13,"7":13,"8":12,"9":3,"10":13,"11":13,"12":0,"13":2,"14":0,"15":13,"16":2},"b":{"0":[32,23],"1":[32,29],"2":[32,0],"3":[29,0],"4":[0,2],"5":[3],"6":[3,0],"7":[13,0],"8":[0,13],"9":[0,13],"10":[1,12],"11":[3,9],"12":[1,8],"13":[9,1],"14":[4,4],"15":[12,10,9,3],"16":[1,2],"17":[3,3],"18":[1,1],"19":[2,2],"20":[1,0],"21":[1,1],"22":[10,3],"23":[0,0],"24":[0,0],"25":[0,0]},"meta":{"lastBranch":26,"lastFunction":17,"lastStatement":71,"seen":{"s:8:25:38:Infinity":0,"s:45:29:50:Infinity":1,"f:91:2:91:Infinity":0,"s:101:4:101:Infinity":2,"s:102:4:102:Infinity":3,"s:103:4:103:Infinity":4,"s:104:4:104:Infinity":5,"b:104:20:104:41:104:41:104:Infinity":0,"s:105:4:105:Infinity":6,"b:105:23:105:47:105:47:105:Infinity":1,"s:106:4:110:Infinity":7,"s:111:4:111:Infinity":8,"s:112:4:112:Infinity":9,"b:116:4:119:Infinity:undefined:undefined:undefined:undefined":2,"s:116:4:119:Infinity":10,"s:118:6:118:Infinity":11,"f:125:10:125:32":1,"s:126:48:141:Infinity":12,"s:143:4:143:Infinity":13,"b:143:11:143:29:143:29:143:Infinity":3,"f:149:2:149:11":2,"s:150:4:165:Infinity":14,"b:159:10:163:Infinity:164:10:164:Infinity":4,"f:190:10:190:22":3,"b:190:51:190:55":5,"s:191:4:195:Infinity":15,"f:201:9:201:21":4,"b:202:4:204:Infinity:undefined:undefined:undefined:undefined":6,"s:202:4:204:Infinity":16,"s:203:6:203:Infinity":17,"s:205:4:205:Infinity":18,"f:211:2:211:12":5,"s:212:4:212:Infinity":19,"f:218:2:218:9":6,"s:219:21:219:Infinity":20,"b:222:4:224:Infinity:undefined:undefined:undefined:undefined":7,"s:222:4:224:Infinity":21,"s:223:6:223:Infinity":22,"b:227:4:229:Infinity:undefined:undefined:undefined:undefined":8,"s:227:4:229:Infinity":23,"s:228:6:228:Infinity":24,"b:232:4:234:Infinity:undefined:undefined:undefined:undefined":9,"s:232:4:234:Infinity":25,"s:233:6:233:Infinity":26,"s:236:4:236:Infinity":27,"f:242:10:242:25":7,"b:244:4:246:Infinity:undefined:undefined:undefined:undefined":10,"s:244:4:246:Infinity":28,"s:245:6:245:Infinity":29,"b:249:4:251:Infinity:undefined:undefined:undefined:undefined":11,"s:249:4:251:Infinity":30,"s:250:6:250:Infinity":31,"b:254:4:264:Infinity:undefined:undefined:undefined:undefined":12,"s:254:4:264:Infinity":32,"b:254:8:254:38:254:38:254:71":13,"s:255:6:263:Infinity":33,"b:267:4:276:Infinity:undefined:undefined:undefined:undefined":14,"s:267:4:276:Infinity":34,"s:268:6:275:Infinity":35,"s:279:4:286:Infinity":36,"f:292:10:292:26":8,"s:293:4:293:Infinity":37,"b:293:11:293:20:293:20:293:49:293:49:293:68:293:68:293:Infinity":15,"f:299:10:299:30":9,"s:300:17:300:Infinity":38,"b:303:4:314:Infinity:undefined:undefined:undefined:undefined":16,"s:303:4:314:Infinity":39,"b:303:8:303:31:303:31:303:47":17,"s:304:6:313:Infinity":40,"b:317:4:327:Infinity:undefined:undefined:undefined:undefined":18,"s:317:4:327:Infinity":41,"b:317:8:317:31:317:31:317:47":19,"s:318:6:326:Infinity":42,"b:330:4:340:Infinity:undefined:undefined:undefined:undefined":20,"s:330:4:340:Infinity":43,"b:330:8:330:31:330:31:330:47":21,"s:331:6:339:Infinity":44,"s:343:4:351:Infinity":45,"f:357:10:357:23":10,"s:358:18:358:Infinity":46,"s:360:4:360:Infinity":47,"s:361:4:361:Infinity":48,"s:362:4:362:Infinity":49,"s:363:4:363:Infinity":50,"b:364:4:366:Infinity:undefined:undefined:undefined:undefined":22,"s:364:4:366:Infinity":51,"s:365:6:365:Infinity":52,"s:367:4:367:Infinity":53,"f:373:10:373:26":11,"s:374:19:379:Infinity":54,"s:380:4:380:Infinity":55,"f:386:10:386:22":12,"s:396:4:406:Infinity":56,"s:397:21:397:Infinity":57,"b:397:32:397:70:397:70:397:74":23,"s:398:6:398:Infinity":58,"b:400:6:402:Infinity:undefined:undefined:undefined:undefined":24,"s:400:6:402:Infinity":59,"s:401:8:401:Infinity":60,"s:403:6:403:Infinity":61,"f:412:2:412:17":13,"s:413:4:413:Infinity":62,"f:419:2:419:19":14,"b:421:4:423:Infinity:undefined:undefined:undefined:undefined":25,"s:421:4:423:Infinity":63,"s:422:6:422:Infinity":64,"s:424:4:424:Infinity":65,"s:429:28:429:Infinity":66,"s:432:27:434:Infinity":67,"f:432:27:432:28":15,"s:433:2:433:Infinity":68,"s:436:30:438:Infinity":69,"f:436:30:436:31":16,"s:437:2:437:Infinity":70}}}
,"C:\\Users\\Fernando\\a42-app\\src\\core\\lib\\supabase.ts": {"path":"C:\\Users\\Fernando\\a42-app\\src\\core\\lib\\supabase.ts","statementMap":{"0":{"start":{"line":10,"column":17},"end":{"line":13,"column":null}},"1":{"start":{"line":15,"column":23},"end":{"line":19,"column":null}},"2":{"start":{"line":27,"column":26},"end":{"line":42,"column":null}},"3":{"start":{"line":28,"column":14},"end":{"line":28,"column":null}},"4":{"start":{"line":29,"column":14},"end":{"line":29,"column":null}},"5":{"start":{"line":32,"column":2},"end":{"line":34,"column":null}},"6":{"start":{"line":33,"column":4},"end":{"line":33,"column":null}},"7":{"start":{"line":37,"column":2},"end":{"line":39,"column":null}},"8":{"start":{"line":38,"column":4},"end":{"line":38,"column":null}},"9":{"start":{"line":41,"column":2},"end":{"line":41,"column":null}},"10":{"start":{"line":49,"column":29},"end":{"line":57,"column":null}},"11":{"start":{"line":50,"column":2},"end":{"line":56,"column":null}},"12":{"start":{"line":62,"column":0},"end":{"line":69,"column":null}},"13":{"start":{"line":63,"column":17},"end":{"line":63,"column":null}},"14":{"start":{"line":64,"column":2},"end":{"line":64,"column":null}},"15":{"start":{"line":67,"column":2},"end":{"line":67,"column":null}},"16":{"start":{"line":68,"column":2},"end":{"line":68,"column":null}},"17":{"start":{"line":75,"column":24},"end":{"line":75,"column":null}}},"fnMap":{"0":{"name":"(anonymous_0)","decl":{"start":{"line":27,"column":26},"end":{"line":27,"column":48}},"loc":{"start":{"line":27,"column":48},"end":{"line":42,"column":null}},"line":27},"1":{"name":"(anonymous_1)","decl":{"start":{"line":49,"column":29},"end":{"line":49,"column":30}},"loc":{"start":{"line":49,"column":73},"end":{"line":57,"column":null}},"line":49}},"branchMap":{"0":{"loc":{"start":{"line":32,"column":2},"end":{"line":34,"column":null}},"type":"if","locations":[{"start":{"line":32,"column":2},"end":{"line":34,"column":null}},{"start":{},"end":{}}],"line":32},"1":{"loc":{"start":{"line":32,"column":6},"end":{"line":32,"column":20}},"type":"binary-expr","locations":[{"start":{"line":32,"column":6},"end":{"line":32,"column":14}},{"start":{"line":32,"column":14},"end":{"line":32,"column":20}}],"line":32},"2":{"loc":{"start":{"line":37,"column":2},"end":{"line":39,"column":null}},"type":"if","locations":[{"start":{"line":37,"column":2},"end":{"line":39,"column":null}},{"start":{},"end":{}}],"line":37}},"s":{"0":1,"1":1,"2":1,"3":1,"4":1,"5":1,"6":0,"7":1,"8":0,"9":1,"10":1,"11":1,"12":1,"13":1,"14":1,"15":0,"16":0,"17":1},"f":{"0":1,"1":1},"b":{"0":[0,1],"1":[1,1],"2":[0,1]},"meta":{"lastBranch":3,"lastFunction":2,"lastStatement":18,"seen":{"s:10:17:13:Infinity":0,"s:15:23:19:Infinity":1,"s:27:26:42:Infinity":2,"f:27:26:27:48":0,"s:28:14:28:Infinity":3,"s:29:14:29:Infinity":4,"b:32:2:34:Infinity:undefined:undefined:undefined:undefined":0,"s:32:2:34:Infinity":5,"b:32:6:32:14:32:14:32:20":1,"s:33:4:33:Infinity":6,"b:37:2:39:Infinity:undefined:undefined:undefined:undefined":2,"s:37:2:39:Infinity":7,"s:38:4:38:Infinity":8,"s:41:2:41:Infinity":9,"s:49:29:57:Infinity":10,"f:49:29:49:30":1,"s:50:2:56:Infinity":11,"s:62:0:69:Infinity":12,"s:63:17:63:Infinity":13,"s:64:2:64:Infinity":14,"s:67:2:67:Infinity":15,"s:68:2:68:Infinity":16,"s:75:24:75:Infinity":17}}}
,"C:\\Users\\Fernando\\a42-app\\src\\core\\stores\\auth\\useAuthStore.ts": {"path":"C:\\Users\\Fernando\\a42-app\\src\\core\\stores\\auth\\useAuthStore.ts","statementMap":{"0":{"start":{"line":22,"column":13},"end":{"line":51,"column":null}},"1":{"start":{"line":22,"column":56},"end":{"line":51,"column":2}},"2":{"start":{"line":27,"column":21},"end":{"line":27,"column":null}},"3":{"start":{"line":28,"column":27},"end":{"line":28,"column":null}},"4":{"start":{"line":31,"column":2},"end":{"line":39,"column":null}},"5":{"start":{"line":32,"column":22},"end":{"line":32,"column":null}},"6":{"start":{"line":33,"column":4},"end":{"line":33,"column":null}},"7":{"start":{"line":33,"column":15},"end":{"line":33,"column":null}},"8":{"start":{"line":35,"column":4},"end":{"line":35,"column":null}},"9":{"start":{"line":36,"column":4},"end":{"line":36,"column":null}},"10":{"start":{"line":38,"column":4},"end":{"line":38,"column":null}},"11":{"start":{"line":44,"column":2},"end":{"line":44,"column":null}},"12":{"start":{"line":47,"column":2},"end":{"line":49,"column":null}},"13":{"start":{"line":48,"column":4},"end":{"line":48,"column":null}}},"fnMap":{"0":{"name":"(anonymous_0)","decl":{"start":{"line":22,"column":46},"end":{"line":22,"column":47}},"loc":{"start":{"line":22,"column":56},"end":{"line":51,"column":2}},"line":22},"1":{"name":"(anonymous_1)","decl":{"start":{"line":27,"column":11},"end":{"line":27,"column":12}},"loc":{"start":{"line":27,"column":21},"end":{"line":27,"column":null}},"line":27},"2":{"name":"(anonymous_2)","decl":{"start":{"line":28,"column":14},"end":{"line":28,"column":15}},"loc":{"start":{"line":28,"column":27},"end":{"line":28,"column":null}},"line":28},"3":{"name":"(anonymous_3)","decl":{"start":{"line":30,"column":8},"end":{"line":30,"column":20}},"loc":{"start":{"line":30,"column":20},"end":{"line":40,"column":null}},"line":30},"4":{"name":"(anonymous_4)","decl":{"start":{"line":42,"column":11},"end":{"line":42,"column":17}},"loc":{"start":{"line":42,"column":17},"end":{"line":50,"column":null}},"line":42}},"branchMap":{"0":{"loc":{"start":{"line":33,"column":4},"end":{"line":33,"column":null}},"type":"if","locations":[{"start":{"line":33,"column":4},"end":{"line":33,"column":null}},{"start":{},"end":{}}],"line":33}},"s":{"0":2,"1":2,"2":14,"3":9,"4":1,"5":1,"6":1,"7":0,"8":1,"9":1,"10":0,"11":2,"12":2,"13":2},"f":{"0":2,"1":14,"2":9,"3":1,"4":2},"b":{"0":[0,1]},"meta":{"lastBranch":1,"lastFunction":5,"lastStatement":14,"seen":{"s:22:13:51:Infinity":0,"f:22:46:22:47":0,"s:22:56:51:2":1,"f:27:11:27:12":1,"s:27:21:27:Infinity":2,"f:28:14:28:15":2,"s:28:27:28:Infinity":3,"f:30:8:30:20":3,"s:31:2:39:Infinity":4,"s:32:22:32:Infinity":5,"b:33:4:33:Infinity:undefined:undefined:undefined:undefined":0,"s:33:4:33:Infinity":6,"s:33:15:33:Infinity":7,"s:35:4:35:Infinity":8,"s:36:4:36:Infinity":9,"s:38:4:38:Infinity":10,"f:42:11:42:17":4,"s:44:2:44:Infinity":11,"s:47:2:49:Infinity":12,"s:48:4:48:Infinity":13}}}
,"C:\\Users\\Fernando\\a42-app\\src\\crm\\admin\\components\\BudgetDetailPage.tsx": {"path":"C:\\Users\\Fernando\\a42-app\\src\\crm\\admin\\components\\BudgetDetailPage.tsx","statementMap":{"0":{"start":{"line":81,"column":32},"end":{"line":722,"column":null}},"1":{"start":{"line":82,"column":13},"end":{"line":82,"column":null}},"2":{"start":{"line":83,"column":8},"end":{"line":83,"column":null}},"3":{"start":{"line":86,"column":62},"end":{"line":88,"column":null}},"4":{"start":{"line":90,"column":24},"end":{"line":90,"column":null}},"5":{"start":{"line":91,"column":28},"end":{"line":91,"column":null}},"6":{"start":{"line":92,"column":36},"end":{"line":92,"column":null}},"7":{"start":{"line":93,"column":30},"end":{"line":93,"column":null}},"8":{"start":{"line":96,"column":34},"end":{"line":96,"column":null}},"9":{"start":{"line":99,"column":38},"end":{"line":99,"column":null}},"10":{"start":{"line":100,"column":42},"end":{"line":100,"column":null}},"11":{"start":{"line":103,"column":36},"end":{"line":103,"column":null}},"12":{"start":{"line":104,"column":32},"end":{"line":104,"column":null}},"13":{"start":{"line":107,"column":28},"end":{"line":107,"column":null}},"14":{"start":{"line":108,"column":40},"end":{"line":108,"column":null}},"15":{"start":{"line":109,"column":34},"end":{"line":109,"column":null}},"16":{"start":{"line":112,"column":44},"end":{"line":116,"column":null}},"17":{"start":{"line":118,"column":24},"end":{"line":124,"column":null}},"18":{"start":{"line":126,"column":21},"end":{"line":126,"column":null}},"19":{"start":{"line":126,"column":27},"end":{"line":126,"column":null}},"20":{"start":{"line":129,"column":2},"end":{"line":129,"column":null}},"21":{"start":{"line":129,"column":20},"end":{"line":129,"column":37}},"22":{"start":{"line":131,"column":24},"end":{"line":225,"column":null}},"23":{"start":{"line":132,"column":4},"end":{"line":132,"column":null}},"24":{"start":{"line":132,"column":13},"end":{"line":132,"column":null}},"25":{"start":{"line":134,"column":25},"end":{"line":134,"column":null}},"26":{"start":{"line":135,"column":4},"end":{"line":135,"column":null}},"27":{"start":{"line":137,"column":4},"end":{"line":224,"column":null}},"28":{"start":{"line":138,"column":53},"end":{"line":142,"column":null}},"29":{"start":{"line":144,"column":6},"end":{"line":144,"column":null}},"30":{"start":{"line":144,"column":22},"end":{"line":144,"column":null}},"31":{"start":{"line":146,"column":6},"end":{"line":155,"column":null}},"32":{"start":{"line":147,"column":8},"end":{"line":154,"column":null}},"33":{"start":{"line":158,"column":40},"end":{"line":158,"column":null}},"34":{"start":{"line":159,"column":25},"end":{"line":159,"column":null}},"35":{"start":{"line":161,"column":6},"end":{"line":172,"column":null}},"36":{"start":{"line":162,"column":8},"end":{"line":171,"column":null}},"37":{"start":{"line":162,"column":79},"end":{"line":171,"column":10}},"38":{"start":{"line":173,"column":6},"end":{"line":173,"column":null}},"39":{"start":{"line":174,"column":6},"end":{"line":174,"column":null}},"40":{"start":{"line":177,"column":6},"end":{"line":177,"column":null}},"41":{"start":{"line":177,"column":33},"end":{"line":177,"column":null}},"42":{"start":{"line":180,"column":50},"end":{"line":183,"column":null}},"43":{"start":{"line":185,"column":6},"end":{"line":185,"column":null}},"44":{"start":{"line":185,"column":22},"end":{"line":185,"column":null}},"45":{"start":{"line":186,"column":6},"end":{"line":186,"column":null}},"46":{"start":{"line":189,"column":51},"end":{"line":193,"column":null}},"47":{"start":{"line":195,"column":6},"end":{"line":195,"column":null}},"48":{"start":{"line":195,"column":21},"end":{"line":195,"column":null}},"49":{"start":{"line":196,"column":6},"end":{"line":196,"column":null}},"50":{"start":{"line":199,"column":45},"end":{"line":202,"column":null}},"51":{"start":{"line":204,"column":6},"end":{"line":204,"column":null}},"52":{"start":{"line":204,"column":20},"end":{"line":204,"column":null}},"53":{"start":{"line":205,"column":6},"end":{"line":205,"column":null}},"54":{"start":{"line":208,"column":45},"end":{"line":212,"column":null}},"55":{"start":{"line":214,"column":6},"end":{"line":214,"column":null}},"56":{"start":{"line":214,"column":20},"end":{"line":214,"column":null}},"57":{"start":{"line":215,"column":6},"end":{"line":215,"column":null}},"58":{"start":{"line":217,"column":6},"end":{"line":217,"column":null}},"59":{"start":{"line":219,"column":6},"end":{"line":219,"column":null}},"60":{"start":{"line":220,"column":6},"end":{"line":220,"column":null}},"61":{"start":{"line":221,"column":6},"end":{"line":221,"column":null}},"62":{"start":{"line":223,"column":6},"end":{"line":223,"column":null}},"63":{"start":{"line":227,"column":25},"end":{"line":235,"column":null}},"64":{"start":{"line":228,"column":20},"end":{"line":228,"column":null}},"65":{"start":{"line":228,"column":50},"end":{"line":228,"column":68}},"66":{"start":{"line":229,"column":24},"end":{"line":229,"column":null}},"67":{"start":{"line":229,"column":58},"end":{"line":229,"column":82}},"68":{"start":{"line":230,"column":21},"end":{"line":230,"column":null}},"69":{"start":{"line":232,"column":25},"end":{"line":232,"column":null}},"70":{"start":{"line":233,"column":27},"end":{"line":233,"column":null}},"71":{"start":{"line":234,"column":4},"end":{"line":234,"column":null}},"72":{"start":{"line":237,"column":17},"end":{"line":237,"column":null}},"73":{"start":{"line":240,"column":25},"end":{"line":257,"column":null}},"74":{"start":{"line":241,"column":25},"end":{"line":241,"column":null}},"75":{"start":{"line":243,"column":4},"end":{"line":256,"column":null}},"76":{"start":{"line":244,"column":24},"end":{"line":247,"column":null}},"77":{"start":{"line":249,"column":6},"end":{"line":249,"column":null}},"78":{"start":{"line":249,"column":17},"end":{"line":249,"column":null}},"79":{"start":{"line":251,"column":6},"end":{"line":251,"column":null}},"80":{"start":{"line":252,"column":6},"end":{"line":252,"column":null}},"81":{"start":{"line":254,"column":6},"end":{"line":254,"column":null}},"82":{"start":{"line":255,"column":6},"end":{"line":255,"column":null}},"83":{"start":{"line":259,"column":31},"end":{"line":295,"column":null}},"84":{"start":{"line":260,"column":4},"end":{"line":272,"column":null}},"85":{"start":{"line":261,"column":6},"end":{"line":270,"column":null}},"86":{"start":{"line":271,"column":6},"end":{"line":271,"column":null}},"87":{"start":{"line":274,"column":25},"end":{"line":274,"column":null}},"88":{"start":{"line":276,"column":4},"end":{"line":294,"column":null}},"89":{"start":{"line":277,"column":33},"end":{"line":277,"column":null}},"90":{"start":{"line":279,"column":24},"end":{"line":283,"column":null}},"91":{"start":{"line":285,"column":6},"end":{"line":285,"column":null}},"92":{"start":{"line":285,"column":17},"end":{"line":285,"column":null}},"93":{"start":{"line":287,"column":6},"end":{"line":287,"column":null}},"94":{"start":{"line":288,"column":6},"end":{"line":288,"column":null}},"95":{"start":{"line":289,"column":6},"end":{"line":289,"column":null}},"96":{"start":{"line":290,"column":6},"end":{"line":290,"column":null}},"97":{"start":{"line":292,"column":6},"end":{"line":292,"column":null}},"98":{"start":{"line":293,"column":6},"end":{"line":293,"column":null}},"99":{"start":{"line":298,"column":24},"end":{"line":318,"column":null}},"100":{"start":{"line":299,"column":4},"end":{"line":311,"column":null}},"101":{"start":{"line":300,"column":6},"end":{"line":309,"column":null}},"102":{"start":{"line":310,"column":6},"end":{"line":310,"column":null}},"103":{"start":{"line":313,"column":4},"end":{"line":317,"column":null}},"104":{"start":{"line":314,"column":6},"end":{"line":314,"column":null}},"105":{"start":{"line":316,"column":6},"end":{"line":316,"column":null}},"106":{"start":{"line":320,"column":32},"end":{"line":353,"column":null}},"107":{"start":{"line":321,"column":16},"end":{"line":321,"column":null}},"108":{"start":{"line":323,"column":4},"end":{"line":335,"column":null}},"109":{"start":{"line":324,"column":6},"end":{"line":333,"column":null}},"110":{"start":{"line":334,"column":6},"end":{"line":334,"column":null}},"111":{"start":{"line":337,"column":17},"end":{"line":337,"column":null}},"112":{"start":{"line":338,"column":4},"end":{"line":338,"column":null}},"113":{"start":{"line":338,"column":15},"end":{"line":338,"column":null}},"114":{"start":{"line":340,"column":16},"end":{"line":340,"column":null}},"115":{"start":{"line":341,"column":21},"end":{"line":341,"column":null}},"116":{"start":{"line":343,"column":4},"end":{"line":349,"column":null}},"117":{"start":{"line":344,"column":6},"end":{"line":344,"column":null}},"118":{"start":{"line":345,"column":6},"end":{"line":345,"column":null}},"119":{"start":{"line":347,"column":6},"end":{"line":347,"column":null}},"120":{"start":{"line":348,"column":6},"end":{"line":348,"column":null}},"121":{"start":{"line":351,"column":4},"end":{"line":351,"column":null}},"122":{"start":{"line":352,"column":4},"end":{"line":352,"column":null}},"123":{"start":{"line":355,"column":25},"end":{"line":384,"column":null}},"124":{"start":{"line":362,"column":25},"end":{"line":362,"column":null}},"125":{"start":{"line":364,"column":4},"end":{"line":383,"column":null}},"126":{"start":{"line":365,"column":24},"end":{"line":372,"column":null}},"127":{"start":{"line":374,"column":6},"end":{"line":374,"column":null}},"128":{"start":{"line":374,"column":17},"end":{"line":374,"column":null}},"129":{"start":{"line":376,"column":6},"end":{"line":376,"column":null}},"130":{"start":{"line":377,"column":6},"end":{"line":377,"column":null}},"131":{"start":{"line":378,"column":6},"end":{"line":378,"column":null}},"132":{"start":{"line":379,"column":6},"end":{"line":379,"column":null}},"133":{"start":{"line":381,"column":6},"end":{"line":381,"column":null}},"134":{"start":{"line":382,"column":6},"end":{"line":382,"column":null}},"135":{"start":{"line":386,"column":33},"end":{"line":420,"column":null}},"136":{"start":{"line":387,"column":4},"end":{"line":399,"column":null}},"137":{"start":{"line":388,"column":6},"end":{"line":397,"column":null}},"138":{"start":{"line":398,"column":6},"end":{"line":398,"column":null}},"139":{"start":{"line":401,"column":4},"end":{"line":401,"column":null}},"140":{"start":{"line":401,"column":36},"end":{"line":401,"column":null}},"141":{"start":{"line":403,"column":25},"end":{"line":403,"column":null}},"142":{"start":{"line":405,"column":4},"end":{"line":419,"column":null}},"143":{"start":{"line":406,"column":24},"end":{"line":409,"column":null}},"144":{"start":{"line":411,"column":6},"end":{"line":411,"column":null}},"145":{"start":{"line":411,"column":17},"end":{"line":411,"column":null}},"146":{"start":{"line":413,"column":6},"end":{"line":413,"column":null}},"147":{"start":{"line":414,"column":6},"end":{"line":414,"column":null}},"148":{"start":{"line":415,"column":6},"end":{"line":415,"column":null}},"149":{"start":{"line":417,"column":6},"end":{"line":417,"column":null}},"150":{"start":{"line":418,"column":6},"end":{"line":418,"column":null}},"151":{"start":{"line":423,"column":27},"end":{"line":467,"column":null}},"152":{"start":{"line":424,"column":17},"end":{"line":424,"column":null}},"153":{"start":{"line":425,"column":4},"end":{"line":425,"column":null}},"154":{"start":{"line":425,"column":15},"end":{"line":425,"column":null}},"155":{"start":{"line":427,"column":25},"end":{"line":427,"column":null}},"156":{"start":{"line":428,"column":4},"end":{"line":428,"column":null}},"157":{"start":{"line":430,"column":4},"end":{"line":466,"column":null}},"158":{"start":{"line":431,"column":22},"end":{"line":431,"column":null}},"159":{"start":{"line":432,"column":23},"end":{"line":432,"column":null}},"160":{"start":{"line":433,"column":23},"end":{"line":433,"column":null}},"161":{"start":{"line":435,"column":37},"end":{"line":437,"column":null}},"162":{"start":{"line":439,"column":6},"end":{"line":439,"column":null}},"163":{"start":{"line":439,"column":23},"end":{"line":439,"column":null}},"164":{"start":{"line":441,"column":38},"end":{"line":443,"column":null}},"165":{"start":{"line":445,"column":33},"end":{"line":445,"column":null}},"166":{"start":{"line":447,"column":37},"end":{"line":454,"column":null}},"167":{"start":{"line":456,"column":6},"end":{"line":456,"column":null}},"168":{"start":{"line":456,"column":23},"end":{"line":456,"column":null}},"169":{"start":{"line":458,"column":6},"end":{"line":458,"column":null}},"170":{"start":{"line":459,"column":6},"end":{"line":459,"column":null}},"171":{"start":{"line":460,"column":6},"end":{"line":460,"column":null}},"172":{"start":{"line":462,"column":6},"end":{"line":462,"column":null}},"173":{"start":{"line":463,"column":6},"end":{"line":463,"column":null}},"174":{"start":{"line":465,"column":6},"end":{"line":465,"column":null}},"175":{"start":{"line":469,"column":33},"end":{"line":489,"column":null}},"176":{"start":{"line":470,"column":4},"end":{"line":470,"column":null}},"177":{"start":{"line":470,"column":38},"end":{"line":470,"column":null}},"178":{"start":{"line":472,"column":25},"end":{"line":472,"column":null}},"179":{"start":{"line":474,"column":4},"end":{"line":488,"column":null}},"180":{"start":{"line":475,"column":24},"end":{"line":478,"column":null}},"181":{"start":{"line":480,"column":6},"end":{"line":480,"column":null}},"182":{"start":{"line":480,"column":17},"end":{"line":480,"column":null}},"183":{"start":{"line":482,"column":6},"end":{"line":482,"column":null}},"184":{"start":{"line":483,"column":6},"end":{"line":483,"column":null}},"185":{"start":{"line":484,"column":6},"end":{"line":484,"column":null}},"186":{"start":{"line":486,"column":6},"end":{"line":486,"column":null}},"187":{"start":{"line":487,"column":6},"end":{"line":487,"column":null}},"188":{"start":{"line":492,"column":29},"end":{"line":542,"column":null}},"189":{"start":{"line":493,"column":4},"end":{"line":541,"column":null}},"190":{"start":{"line":501,"column":29},"end":{"line":503,"column":null}},"191":{"start":{"line":505,"column":8},"end":{"line":539,"column":null}},"192":{"start":{"line":506,"column":41},"end":{"line":509,"column":null}},"193":{"start":{"line":511,"column":10},"end":{"line":515,"column":null}},"194":{"start":{"line":512,"column":22},"end":{"line":512,"column":null}},"195":{"start":{"line":513,"column":12},"end":{"line":513,"column":null}},"196":{"start":{"line":514,"column":12},"end":{"line":514,"column":null}},"197":{"start":{"line":517,"column":28},"end":{"line":520,"column":null}},"198":{"start":{"line":522,"column":10},"end":{"line":522,"column":null}},"199":{"start":{"line":522,"column":21},"end":{"line":522,"column":null}},"200":{"start":{"line":524,"column":10},"end":{"line":524,"column":null}},"201":{"start":{"line":525,"column":10},"end":{"line":529,"column":null}},"202":{"start":{"line":531,"column":10},"end":{"line":532,"column":null}},"203":{"start":{"line":531,"column":35},"end":{"line":531,"column":null}},"204":{"start":{"line":532,"column":15},"end":{"line":532,"column":null}},"205":{"start":{"line":534,"column":10},"end":{"line":534,"column":null}},"206":{"start":{"line":536,"column":10},"end":{"line":536,"column":null}},"207":{"start":{"line":537,"column":10},"end":{"line":537,"column":null}},"208":{"start":{"line":538,"column":10},"end":{"line":538,"column":null}},"209":{"start":{"line":544,"column":23},"end":{"line":572,"column":null}},"210":{"start":{"line":545,"column":4},"end":{"line":571,"column":null}},"211":{"start":{"line":551,"column":29},"end":{"line":551,"column":null}},"212":{"start":{"line":553,"column":8},"end":{"line":569,"column":null}},"213":{"start":{"line":554,"column":28},"end":{"line":557,"column":null}},"214":{"start":{"line":559,"column":10},"end":{"line":559,"column":null}},"215":{"start":{"line":559,"column":21},"end":{"line":559,"column":null}},"216":{"start":{"line":561,"column":10},"end":{"line":561,"column":null}},"217":{"start":{"line":562,"column":10},"end":{"line":562,"column":null}},"218":{"start":{"line":563,"column":10},"end":{"line":563,"column":null}},"219":{"start":{"line":564,"column":10},"end":{"line":564,"column":null}},"220":{"start":{"line":566,"column":10},"end":{"line":566,"column":null}},"221":{"start":{"line":567,"column":10},"end":{"line":567,"column":null}},"222":{"start":{"line":568,"column":10},"end":{"line":568,"column":null}},"223":{"start":{"line":574,"column":28},"end":{"line":602,"column":null}},"224":{"start":{"line":575,"column":4},"end":{"line":601,"column":null}},"225":{"start":{"line":581,"column":29},"end":{"line":581,"column":null}},"226":{"start":{"line":583,"column":8},"end":{"line":599,"column":null}},"227":{"start":{"line":584,"column":28},"end":{"line":587,"column":null}},"228":{"start":{"line":589,"column":10},"end":{"line":589,"column":null}},"229":{"start":{"line":589,"column":21},"end":{"line":589,"column":null}},"230":{"start":{"line":591,"column":10},"end":{"line":591,"column":null}},"231":{"start":{"line":592,"column":10},"end":{"line":592,"column":null}},"232":{"start":{"line":593,"column":10},"end":{"line":593,"column":null}},"233":{"start":{"line":594,"column":10},"end":{"line":594,"column":null}},"234":{"start":{"line":596,"column":10},"end":{"line":596,"column":null}},"235":{"start":{"line":597,"column":10},"end":{"line":597,"column":null}},"236":{"start":{"line":598,"column":10},"end":{"line":598,"column":null}},"237":{"start":{"line":604,"column":28},"end":{"line":628,"column":null}},"238":{"start":{"line":605,"column":4},"end":{"line":605,"column":null}},"239":{"start":{"line":605,"column":35},"end":{"line":605,"column":null}},"240":{"start":{"line":607,"column":25},"end":{"line":607,"column":null}},"241":{"start":{"line":609,"column":4},"end":{"line":627,"column":null}},"242":{"start":{"line":610,"column":33},"end":{"line":610,"column":null}},"243":{"start":{"line":612,"column":24},"end":{"line":616,"column":null}},"244":{"start":{"line":618,"column":6},"end":{"line":618,"column":null}},"245":{"start":{"line":618,"column":17},"end":{"line":618,"column":null}},"246":{"start":{"line":620,"column":6},"end":{"line":620,"column":null}},"247":{"start":{"line":621,"column":6},"end":{"line":621,"column":null}},"248":{"start":{"line":622,"column":6},"end":{"line":622,"column":null}},"249":{"start":{"line":623,"column":6},"end":{"line":623,"column":null}},"250":{"start":{"line":625,"column":6},"end":{"line":625,"column":null}},"251":{"start":{"line":626,"column":6},"end":{"line":626,"column":null}},"252":{"start":{"line":630,"column":2},"end":{"line":630,"column":null}},"253":{"start":{"line":630,"column":15},"end":{"line":630,"column":null}},"254":{"start":{"line":631,"column":2},"end":{"line":631,"column":null}},"255":{"start":{"line":631,"column":14},"end":{"line":631,"column":null}},"256":{"start":{"line":633,"column":8},"end":{"line":633,"column":null}},"257":{"start":{"line":634,"column":20},"end":{"line":634,"column":null}},"258":{"start":{"line":635,"column":25},"end":{"line":635,"column":null}},"259":{"start":{"line":636,"column":27},"end":{"line":636,"column":null}},"260":{"start":{"line":637,"column":19},"end":{"line":637,"column":null}},"261":{"start":{"line":639,"column":2},"end":{"line":720,"column":null}},"262":{"start":{"line":648,"column":24},"end":{"line":648,"column":null}},"263":{"start":{"line":649,"column":24},"end":{"line":649,"column":null}},"264":{"start":{"line":652,"column":22},"end":{"line":652,"column":null}},"265":{"start":{"line":689,"column":29},"end":{"line":689,"column":null}},"266":{"start":{"line":708,"column":23},"end":{"line":708,"column":null}},"267":{"start":{"line":716,"column":34},"end":{"line":716,"colu
[...]
,"C:\\Users\\Fernando\\a42-app\\src\\pdf\\utils\\pdfGenerator.ts": {"path":"C:\\Users\\Fernando\\a42-app\\src\\pdf\\utils\\pdfGenerator.ts","statementMap":{"0":{"start":{"line":7,"column":20},"end":{"line":14,"column":null}},"1":{"start":{"line":8,"column":2},"end":{"line":12,"column":null}},"2":{"start":{"line":62,"column":33},"end":{"line":273,"column":null}},"3":{"start":{"line":67,"column":14},"end":{"line":67,"column":null}},"4":{"start":{"line":68,"column":17},"end":{"line":68,"column":null}},"5":{"start":{"line":69,"column":22},"end":{"line":69,"column":null}},"6":{"start":{"line":72,"column":2},"end":{"line":72,"column":null}},"7":{"start":{"line":73,"column":2},"end":{"line":73,"column":null}},"8":{"start":{"line":74,"column":2},"end":{"line":74,"column":null}},"9":{"start":{"line":76,"column":2},"end":{"line":76,"column":null}},"10":{"start":{"line":77,"column":2},"end":{"line":77,"column":null}},"11":{"start":{"line":78,"column":2},"end":{"line":80,"column":null}},"12":{"start":{"line":81,"column":2},"end":{"line":83,"column":null}},"13":{"start":{"line":84,"column":2},"end":{"line":88,"column":null}},"14":{"start":{"line":85,"column":4},"end":{"line":87,"column":null}},"15":{"start":{"line":91,"column":2},"end":{"line":91,"column":null}},"16":{"start":{"line":92,"column":2},"end":{"line":92,"column":null}},"17":{"start":{"line":93,"column":2},"end":{"line":93,"column":null}},"18":{"start":{"line":94,"column":2},"end":{"line":94,"column":null}},"19":{"start":{"line":95,"column":2},"end":{"line":95,"column":null}},"20":{"start":{"line":96,"column":2},"end":{"line":96,"column":null}},"21":{"start":{"line":97,"column":2},"end":{"line":97,"column":null}},"22":{"start":{"line":98,"column":2},"end":{"line":98,"column":null}},"23":{"start":{"line":101,"column":2},"end":{"line":101,"column":null}},"24":{"start":{"line":102,"column":2},"end":{"line":102,"column":null}},"25":{"start":{"line":105,"column":2},"end":{"line":105,"column":null}},"26":{"start":{"line":106,"column":2},"end":{"line":106,"column":null}},"27":{"start":{"line":107,"column":2},"end":{"line":107,"column":null}},"28":{"start":{"line":108,"column":2},"end":{"line":108,"column":null}},"29":{"start":{"line":109,"column":2},"end":{"line":109,"column":null}},"30":{"start":{"line":112,"column":4},"end":{"line":112,"column":null}},"31":{"start":{"line":113,"column":22},"end":{"line":113,"column":null}},"32":{"start":{"line":114,"column":22},"end":{"line":114,"column":null}},"33":{"start":{"line":115,"column":20},"end":{"line":115,"column":null}},"34":{"start":{"line":117,"column":2},"end":{"line":117,"column":null}},"35":{"start":{"line":118,"column":2},"end":{"line":118,"column":null}},"36":{"start":{"line":119,"column":2},"end":{"line":119,"column":null}},"37":{"start":{"line":120,"column":2},"end":{"line":122,"column":null}},"38":{"start":{"line":121,"column":4},"end":{"line":121,"column":null}},"39":{"start":{"line":125,"column":20},"end":{"line":125,"column":null}},"40":{"start":{"line":127,"column":2},"end":{"line":143,"column":null}},"41":{"start":{"line":128,"column":4},"end":{"line":142,"column":null}},"42":{"start":{"line":129,"column":18},"end":{"line":129,"column":null}},"43":{"start":{"line":130,"column":6},"end":{"line":130,"column":null}},"44":{"start":{"line":131,"column":6},"end":{"line":131,"column":null}},"45":{"start":{"line":132,"column":6},"end":{"line":135,"column":null}},"46":{"start":{"line":133,"column":8},"end":{"line":133,"column":null}},"47":{"start":{"line":133,"column":27},"end":{"line":133,"column":null}},"48":{"start":{"line":134,"column":8},"end":{"line":134,"column":null}},"49":{"start":{"line":134,"column":28},"end":{"line":134,"column":null}},"50":{"start":{"line":138,"column":6},"end":{"line":138,"column":null}},"51":{"start":{"line":139,"column":6},"end":{"line":139,"column":null}},"52":{"start":{"line":141,"column":6},"end":{"line":141,"column":null}},"53":{"start":{"line":146,"column":43},"end":{"line":146,"column":null}},"54":{"start":{"line":149,"column":2},"end":{"line":159,"column":null}},"55":{"start":{"line":150,"column":16},"end":{"line":150,"column":null}},"56":{"start":{"line":151,"column":23},"end":{"line":151,"column":null}},"57":{"start":{"line":153,"column":4},"end":{"line":158,"column":null}},"58":{"start":{"line":162,"column":2},"end":{"line":169,"column":null}},"59":{"start":{"line":163,"column":16},"end":{"line":163,"column":null}},"60":{"start":{"line":164,"column":23},"end":{"line":166,"column":null}},"61":{"start":{"line":168,"column":4},"end":{"line":168,"column":null}},"62":{"start":{"line":172,"column":2},"end":{"line":194,"column":null}},"63":{"start":{"line":190,"column":6},"end":{"line":192,"column":null}},"64":{"start":{"line":191,"column":8},"end":{"line":191,"column":null}},"65":{"start":{"line":198,"column":15},"end":{"line":198,"column":null}},"66":{"start":{"line":201,"column":26},"end":{"line":201,"column":null}},"67":{"start":{"line":202,"column":23},"end":{"line":202,"column":null}},"68":{"start":{"line":205,"column":22},"end":{"line":205,"column":null}},"69":{"start":{"line":206,"column":2},"end":{"line":213,"column":null}},"70":{"start":{"line":207,"column":4},"end":{"line":207,"column":null}},"71":{"start":{"line":208,"column":2},"end":{"line":213,"column":null}},"72":{"start":{"line":210,"column":4},"end":{"line":212,"column":null}},"73":{"start":{"line":211,"column":36},"end":{"line":211,"column":59}},"74":{"start":{"line":212,"column":40},"end":{"line":212,"column":64}},"75":{"start":{"line":216,"column":22},"end":{"line":216,"column":null}},"76":{"start":{"line":217,"column":20},"end":{"line":217,"column":null}},"77":{"start":{"line":218,"column":23},"end":{"line":218,"column":null}},"78":{"start":{"line":221,"column":17},"end":{"line":221,"column":null}},"79":{"start":{"line":222,"column":17},"end":{"line":222,"column":null}},"80":{"start":{"line":224,"column":2},"end":{"line":224,"column":null}},"81":{"start":{"line":225,"column":2},"end":{"line":225,"column":null}},"82":{"start":{"line":228,"column":2},"end":{"line":228,"column":null}},"83":{"start":{"line":229,"column":2},"end":{"line":229,"column":null}},"84":{"start":{"line":232,"column":2},"end":{"line":240,"column":null}},"85":{"start":{"line":233,"column":4},"end":{"line":233,"column":null}},"86":{"start":{"line":234,"column":4},"end":{"line":234,"column":null}},"87":{"start":{"line":235,"column":4},"end":{"line":235,"column":null}},"88":{"start":{"line":236,"column":27},"end":{"line":236,"column":null}},"89":{"start":{"line":237,"column":4},"end":{"line":239,"column":null}},"90":{"start":{"line":243,"column":2},"end":{"line":243,"column":null}},"91":{"start":{"line":244,"column":2},"end":{"line":244,"column":null}},"92":{"start":{"line":245,"column":2},"end":{"line":245,"column":null}},"93":{"start":{"line":246,"column":2},"end":{"line":246,"column":null}},"94":{"start":{"line":249,"column":2},"end":{"line":249,"column":null}},"95":{"start":{"line":250,"column":2},"end":{"line":250,"column":null}},"96":{"start":{"line":251,"column":2},"end":{"line":251,"column":null}},"97":{"start":{"line":254,"column":2},"end":{"line":254,"column":null}},"98":{"start":{"line":255,"column":2},"end":{"line":255,"column":null}},"99":{"start":{"line":256,"column":2},"end":{"line":256,"column":null}},"100":{"start":{"line":257,"column":2},"end":{"line":257,"column":null}},"101":{"start":{"line":258,"column":2},"end":{"line":258,"column":null}},"102":{"start":{"line":259,"column":2},"end":{"line":259,"column":null}},"103":{"start":{"line":262,"column":2},"end":{"line":262,"column":null}},"104":{"start":{"line":263,"column":2},"end":{"line":263,"column":null}},"105":{"start":{"line":264,"column":2},"end":{"line":264,"column":null}},"106":{"start":{"line":265,"column":2},"end":{"line":265,"column":null}},"107":{"start":{"line":266,"column":2},"end":{"line":270,"column":null}},"108":{"start":{"line":272,"column":2},"end":{"line":272,"column":null}}},"fnMap":{"0":{"name":"(anonymous_0)","decl":{"start":{"line":7,"column":20},"end":{"line":7,"column":21}},"loc":{"start":{"line":7,"column":48},"end":{"line":14,"column":null}},"line":7},"1":{"name":"(anonymous_1)","decl":{"start":{"line":62,"column":33},"end":{"line":62,"column":null}},"loc":{"start":{"line":66,"column":20},"end":{"line":273,"column":null}},"line":66},"2":{"name":"(anonymous_2)","decl":{"start":{"line":132,"column":30},"end":{"line":132,"column":31}},"loc":{"start":{"line":132,"column":43},"end":{"line":135,"column":7}},"line":132},"3":{"name":"(anonymous_3)","decl":{"start":{"line":133,"column":21},"end":{"line":133,"column":27}},"loc":{"start":{"line":133,"column":27},"end":{"line":133,"column":null}},"line":133},"4":{"name":"(anonymous_4)","decl":{"start":{"line":134,"column":22},"end":{"line":134,"column":28}},"loc":{"start":{"line":134,"column":28},"end":{"line":134,"column":null}},"line":134},"5":{"name":"(anonymous_5)","decl":{"start":{"line":149,"column":18},"end":{"line":149,"column":19}},"loc":{"start":{"line":149,"column":28},"end":{"line":159,"column":3}},"line":149},"6":{"name":"(anonymous_6)","decl":{"start":{"line":162,"column":22},"end":{"line":162,"column":23}},"loc":{"start":{"line":162,"column":32},"end":{"line":169,"column":3}},"line":162},"7":{"name":"(anonymous_7)","decl":{"start":{"line":188,"column":4},"end":{"line":188,"column":18}},"loc":{"start":{"line":188,"column":34},"end":{"line":193,"column":null}},"line":188},"8":{"name":"(anonymous_8)","decl":{"start":{"line":211,"column":21},"end":{"line":211,"column":22}},"loc":{"start":{"line":211,"column":36},"end":{"line":211,"column":59}},"line":211},"9":{"name":"(anonymous_9)","decl":{"start":{"line":212,"column":25},"end":{"line":212,"column":26}},"loc":{"start":{"line":212,"column":40},"end":{"line":212,"column":64}},"line":212}},"branchMap":{"0":{"loc":{"start":{"line":84,"column":2},"end":{"line":88,"column":null}},"type":"if","locations":[{"start":{"line":84,"column":2},"end":{"line":88,"column":null}},{"start":{},"end":{}}],"line":84},"1":{"loc":{"start":{"line":112,"column":4},"end":{"line":112,"column":null}},"type":"binary-expr","locations":[{"start":{"line":112,"column":4},"end":{"line":112,"column":36}},{"start":{"line":112,"column":36},"end":{"line":112,"column":65}},{"start":{"line":112,"column":65},"end":{"line":112,"column":null}}],"line":112},"2":{"loc":{"start":{"line":113,"column":22},"end":{"line":113,"column":null}},"type":"binary-expr","locations":[{"start":{"line":113,"column":22},"end":{"line":113,"column":47}},{"start":{"line":113,"column":47},"end":{"line":113,"column":null}}],"line":113},"3":{"loc":{"start":{"line":114,"column":22},"end":{"line":114,"column":null}},"type":"binary-expr","locations":[{"start":{"line":114,"column":22},"end":{"line":114,"column":47}},{"start":{"line":114,"column":47},"end":{"line":114,"column":null}}],"line":114},"4":{"loc":{"start":{"line":115,"column":20},"end":{"line":115,"column":null}},"type":"cond-expr","locations":[{"start":{"line":115,"column":42},"end":{"line":115,"column":77}},{"start":{"line":115,"column":77},"end":{"line":115,"column":null}}],"line":115},"5":{"loc":{"start":{"line":120,"column":2},"end":{"line":122,"column":null}},"type":"if","locations":[{"start":{"line":120,"column":2},"end":{"line":122,"column":null}},{"start":{},"end":{}}],"line":120},"6":{"loc":{"start":{"line":127,"column":2},"end":{"line":143,"column":null}},"type":"if","locations":[{"start":{"line":127,"column":2},"end":{"line":143,"column":null}},{"start":{},"end":{}}],"line":127},"7":{"loc":{"start":{"line":150,"column":16},"end":{"line":150,"column":null}},"type":"cond-expr","locations":[{"start":{"line":150,"column":26},"end":{"line":150,"column":66}},{"start":{"line":150,"column":66},"end":{"line":150,"column":null}}],"line":150},"8":{"loc":{"start":{"line":151,"column":23},"end":{"line":151,"column":null}},"type":"cond-expr","locations":[{"start":{"line":151,"column":35},"end":{"line":151,"column":47}},{"start":{"line":151,"column":47},"end":{"line":151,"column":null}}],"line":151},"9":{"loc":{"start":{"line":157,"column":18},"end":{"line":157,"column":46}},"type":"binary-expr","locations":[{"start":{"line":157,"column":18},"end":{"line":157,"column":36}},{"start":{"line":157,"column":36},"end":{"line":157,"column":46}}],"line":157},"10":{"loc":{"start":{"line":164,"column":23},"end":{"line":166,"column":null}},"type":"cond-expr","locations":[{"start":{"line":165,"column":8},"end":{"line":165,"column":null}},{"start":{"line":166,"column":8},"end":{"line":166,"column":null}}],"line":164},"11":{"loc":{"start":{"line":190,"column":6},"end":{"line":192,"column":null}},"type":"if","locations":[{"start":{"line":190,"column":6},"end":{"line":192,"column":null}},{"start":{},"end":{}}],"line":190},"12":{"loc":{"start":{"line":190,"column":10},"end":{"line":190,"column":62}},"type":"binary-expr","locations":[{"start":{"line":190,"column":10},"end":{"line":190,"column":37}},{"start":{"line":190,"column":37},"end":{"line":190,"column":62}}],"line":190},"13":{"loc":{"start":{"line":202,"column":23},"end":{"line":202,"column":null}},"type":"binary-expr","locations":[{"start":{"line":202,"column":23},"end":{"line":202,"column":56}},{"start":{"line":202,"column":56},"end":{"line":202,"column":null}}],"line":202},"14":{"loc":{"start":{"line":206,"column":2},"end":{"line":213,"column":null}},"type":"if","locations":[{"start":{"line":206,"column":2},"end":{"line":213,"column":null}},{"start":{"line":208,"column":2},"end":{"line":213,"column":null}}],"line":206},"15":{"loc":{"start":{"line":206,"column":6},"end":{"line":206,"column":47}},"type":"binary-expr","locations":[{"start":{"line":206,"column":6},"end":{"line":206,"column":26}},{"start":{"line":206,"column":26},"end":{"line":206,"column":47}}],"line":206},"16":{"loc":{"start":{"line":208,"column":2},"end":{"line":213,"column":null}},"type":"if","locations":[{"start":{"line":208,"column":2},"end":{"line":213,"column":null}},{"start":{},"end":{}}],"line":208},"17":{"loc":{"start":{"line":216,"column":22},"end":{"line":216,"column":null}},"type":"cond-expr","locations":[{"start":{"line":216,"column":44},"end":{"line":216,"column":62}},{"start":{"line":216,"column":62},"end":{"line":216,"column":null}}],"line":216},"18":{"loc":{"start":{"line":232,"column":2},"end":{"line":240,"column":null}},"type":"if","locations":[{"start":{"line":232,"column":2},"end":{"line":240,"column":null}},{"start":{},"end":{}}],"line":232}},"s":{"0":1,"1":0,"2":1,"3":0,"4":0,"5":0,"6":0,"7":0,"8":0,"9":0,"10":0,"11":0,"12":0,"13":0,"14":0,"15":0,"16":0,"17":0,"18":0,"19":0,"20":0,"21":0,"22":0,"23":0,"24":0,"25":0,"26":0,"27":0,"28":0,"29":0,"30":0,"31":0,"32":0,"33":0,"34":0,"35":0,"36":0,"37":0,"38":0,"39":0,"40":0,"41":0,"42":0,"43":0,"44":0,"45":0,"46":0,"47":0,"48":0,"49":0,"50":0,"51":0,"52":0,"53":0,"54":0,"55":0,"56":0,"57":0,"58":0,"59":0,"60":0,"61":0,"62":0,"63":0,"64":0,"65":0,"66":0,"67":0,"68":0,"69":0,"70":0,"71":0,"72":0,"73":0,"74":0,"75":0,"76":0,"77":0,"78":0,"79":0,"80":0,"81":0,"82":0,"83":0,"84":0,"85":0,"86":0,"87":0,"88":0,"89":0,"90":0,"91":0,"92":0,"93":0,"94":0,"95":0,"96":0,"97":0,"98":0,"99":0,"100":0,"101":0,"102":0,"103":0,"104":0,"105":0,"106":0,"107":0,"108":0},"f":{"0":0,"1":0,"2":0,"3":0,"4":0,"5":0,"6":0,"7":0,"8":0,"9":0},"b":{"0":[0,0],"1":[0,0,0],"2":[0,0],"3":[0,0],"4":[0,0],"5":[0,0],"6":[0,0],"7":[0,0],"8":[0,0],"9":[0,0],"10":[0,0],"11":[0,0],"12":[0,0],"13":[0,0],"14":[0,0],"15":[0,0],"16":[0,0],"17":[0,0],"18":[0,0]},"meta":{"lastBranch":19,"lastFunction":10,"lastStatement":109,"seen":{"s:7:20:14:Infinity":0,"f:7:20:7:21":0,"s:8:2:12:Infinity":1,"s:62:33:273:Infinity":2,"f:62:33:62:Infinity":1,"s:67:14:67:Infinity":3,"s:68:17:68:Infinity":4,"s:69:22:69:Infinity":5,"s:72:2:72:Infinity":6,"s:73:2:73:Infinity":7,"s:74:2:74:Infinity":8,"s:76:2:76:Infinity":9,"s:77:2:77:Infinity":10,"s:78:2:80:Infinity":11,"s:81:2:83:Infinity":12,"b:84:2:88:Infinity:undefined:undefined:undefined:undefined":0,"s:84:2:88:Infinity":13,"s:85:4:87:Infinity":14,"s:91:2:91:Infinity":15,"s:92:2:92:Infinity":16,"s:93:2:93:Infinity":17,"s:94:2:94:Infinity":18,"s:95:2:95:Infinity":19,"s:96:2:96:Infinity":20,"s:97:2:97:Infinity":21,"s:98:2:98:Infinity":22,"s:101:2:101:Infinity":23,"s:102:2:102:Infinity":24,"s:105:2:105:Infinity":25,"s:106:2:106:Infinity":26,"s:107:2:107:Infinity":27,"s:108:2:108:Infinity":28,"s:109:2:109:Infinity":29,"s:112:4:112:Infinity":30,"b:112:4:112:36:112:36:112:65:112:65:112:Infinity":1,"s:113:22:113:Infinity":31,"b:113:22:113:47:113:47:113:Infinity":2,"s:114:22:114:Infinity":32,"b:114:22:114:47:114:47:114:Infinity":3,"s:115:20:115:Infinity":33,"b:115:42:115:77:115:77:115:Infinity":4,"s:117:2:117:Infinity":34,"s:118:2:118:Infinity":35,"s:119:2:119:Infinity":36,"b:120:2:122:Infinity:undefined:undefined:undefined:undefined":5,"s:120:2:122:Infinity":37,"s:121:4:121:Infinity":38,"s:125:20:125:Infinity":39,"b:127:2:143:Infinity:undefined:undefined:undefined:undefined":6,"s:127:2:143:Infinity":40,"s:128:4:142:Infinity":41,"s:129:18:129:Infinity":42,"s:130:6:130:Infinity":43,"s:131:6:131:Infinity":44,"s:132:6:135:Infinity":45,"f:132:30:132:31":2,"s:133:8:133:Infinity":46,"f:133:21:133:27":3,"s:133:27:133:Infinity":47,"s:134:8:134:Infinity":48,"f:134:22:134:28":4,"s:134:28:134:Infinity":49,"s:138:6:138:Infinity":50,"s:139:6:139:Infinity":51,"s:141:6:141:Infinity":52,"s:146:43:146:Infinity":53,"s:149:2:159:Infinity":54,"f:149:18:149:19":5,"s:150:16:150:Infinity":55,"b:150:26:150:66:150:66:150:Infinity":7,"s:151:23:151:Infinity":56,"b:151:35:151:47:151:47:151:Infinity":8,"s:153:4:158:Infinity":57,"b:157:18:157:36:157:36:157:46":9,"s:162:2:169:Infinity":58,"f:162:22:162:23":6,"s:163:16:163:Infinity":59,"s:164:23:166:Infinity":60,"b:165:8:165:Infinity:166:8:166:Infinity":10,"s:168:4:168:Infinity":61,"s:172:2:194:Infinity":62,"f:188:4:188:18":7,"b:190:6:192:Infinity:undefined:undefined:undefined:undefined":11,"s:190:6:192:Infinity":63,"b:190:10:190:37:190:37:190:62":12,"s:191:8:191:Infinity":64,"s:198:15:198:Infinity":65,"s:201:26:201:Infinity":66,"s:202:23:202:Infinity":67,"b:202:23:202:56:202:56:202:Infinity":13,"s:205:22:205:Infinity":68,"b:206:2:213:Infinity:208:2:213:Infinity":14,"s:206:2:213:Infinity":69,"b:206:6:206:26:206:26:206:47":15,"s:207:4:207:Infinity":70,"b:208:2:213:Infinity:undefined:undefined:undefined:undefined":16,"s:208:2:213:Infinity":71,"s:210:4:212:Infinity":72,"f:211:21:211:22":8,"s:211:36:211:59":73,"f:212:25:212:26":9,"s:212:40:212:64":74,"s:216:22:216:Infinity":75,"b:216:44:216:62:216:62:216:Infinity":17,"s:217:20:217:Infinity":76,"s:218:23:218:Infinity":77,"s:221:17:221:Infinity":78,"s:222:17:222:Infinity":79,"s:224:2:224:Infinity":80,"s:225:2:225:Infinity":81,"s:228:2:228:Infinity":82,"s:229:2:229:Infinity":83,"b:232:2:240:Infinity:undefined:undefined:undefined:undefined":18,"s:232:2:240:Infinity":84,"s:233:4:233:Infinity":85,"s:234:4:234:Infinity":86,"s:235:4:235:Infinity":87,"s:236:27:236:Infinity":88,"s:237:4:239:Infinity":89,"s:243:2:243:Infinity":90,"s:244:2:244:Infinity":91,"s:245:2:245:Infinity":92,"s:246:2:246:Infinity":93,"s:249:2:249:Infinity":94,"s:250:2:250:Infinity":95,"s:251:2:251:Infinity":96,"s:254:2:254:Infinity":97,"s:255:2:255:Infinity":98,"s:256:2:256:Infinity":99,"s:257:2:257:Infinity":100,"s:258:2:258:Infinity":101,"s:259:2:259:Infinity":102,"s:262:2:262:Infinity":103,"s:263:2:263:Infinity":104,"s:264:2:264:Infinity":105,"s:265:2:265:Infinity":106,"s:266:2:270:Infinity":107,"s:272:2:272:Infinity":108}}}
}
