TN:
SF:src\App\layouts\ClientPortalLayout.tsx
FN:5,(anonymous_0)
FNF:1
FNH:1
FNDA:11,(anonymous_0)
DA:5,1
DA:6,11
LF:2
LH:2
BRF:0
BRH:0
end_of_record
TN:
SF:src\App\layouts\EmployeeLayout.tsx
FN:5,(anonymous_0)
FNF:1
FNH:1
FNDA:10,(anonymous_0)
DA:5,1
DA:6,10
LF:2
LH:2
BRF:0
BRH:0
end_of_record
TN:
SF:src\App\pages\LoginPage.tsx
FN:9,(anonymous_0)
FN:25,(anonymous_1)
FN:30,(anonymous_2)
FN:67,(anonymous_3)
FN:108,(anonymous_4)
FN:116,(anonymous_5)
FN:125,(anonymous_6)
FN:150,(anonymous_7)
FN:158,(anonymous_8)
FN:182,(anonymous_9)
FN:193,(anonymous_10)
FNF:11
FNH:8
FNDA:50,(anonymous_0)
FNDA:17,(anonymous_1)
FNDA:1,(anonymous_2)
FNDA:1,(anonymous_3)
FNDA:14,(anonymous_4)
FNDA:3,(anonymous_5)
FNDA:0,(anonymous_6)
FNDA:0,(anonymous_7)
FNDA:0,(anonymous_8)
FNDA:6,(anonymous_9)
FNDA:2,(anonymous_10)
DA:9,1
DA:10,50
DA:11,50
DA:12,50
DA:16,50
DA:17,50
DA:18,50
DA:20,50
DA:21,50
DA:22,50
DA:25,50
DA:26,17
DA:27,17
DA:30,50
DA:31,1
DA:32,1
DA:38,1
DA:40,1
DA:41,1
DA:43,1
DA:44,0
DA:45,0
DA:48,1
DA:49,1
DA:51,0
DA:52,0
DA:53,0
DA:64,0
DA:67,50
DA:68,1
DA:69,1
DA:71,1
DA:74,1
DA:75,0
DA:80,0
DA:82,0
DA:84,1
DA:85,1
DA:87,1
DA:88,1
DA:90,1
DA:93,0
DA:95,1
DA:99,50
DA:108,14
DA:116,3
DA:125,0
DA:150,0
DA:158,0
DA:183,6
DA:193,2
LF:51
LH:38
BRDA:38,0,0,0
BRDA:38,0,1,1
BRDA:40,1,0,1
BRDA:40,1,1,0
BRDA:43,2,0,0
BRDA:43,2,1,1
BRDA:43,3,0,1
BRDA:43,3,1,1
BRDA:48,4,0,1
BRDA:48,4,1,0
BRDA:74,5,0,0
BRDA:74,5,1,1
BRDA:80,6,0,0
BRDA:80,6,1,0
BRDA:82,7,0,0
BRDA:82,7,1,0
BRDA:85,8,0,0
BRDA:85,8,1,1
BRDA:101,9,0,26
BRDA:101,9,1,24
BRDA:136,10,0,3
BRDA:136,10,1,21
BRDA:138,11,0,4
BRDA:138,11,1,17
BRDA:167,12,0,3
BRDA:167,12,1,21
BRDA:170,13,0,1
BRDA:170,13,1,23
BRDA:172,14,0,4
BRDA:172,14,1,19
BRDA:178,15,0,24
BRDA:178,15,1,21
BRDA:180,16,0,4
BRDA:180,16,1,17
BRDA:187,17,0,4
BRDA:187,17,1,17
BRF:36
BRH:26
end_of_record
TN:
SF:src\App\pages\ViewerPage.tsx
FN:9,(anonymous_0)
FN:10,(anonymous_1)
FN:11,(anonymous_2)
FN:12,(anonymous_3)
FN:13,(anonymous_4)
FN:20,(anonymous_5)
FN:21,(anonymous_6)
FN:47,(anonymous_7)
FN:53,(anonymous_8)
FN:67,(anonymous_9)
FNF:10
FNH:8
FNDA:12,(anonymous_0)
FNDA:36,(anonymous_1)
FNDA:36,(anonymous_2)
FNDA:36,(anonymous_3)
FNDA:36,(anonymous_4)
FNDA:11,(anonymous_5)
FNDA:11,(anonymous_6)
FNDA:11,(anonymous_7)
FNDA:0,(anonymous_8)
FNDA:0,(anonymous_9)
DA:9,1
DA:10,36
DA:11,36
DA:12,36
DA:13,36
DA:15,12
DA:16,12
DA:20,12
DA:21,11
DA:22,11
DA:23,11
DA:25,11
DA:26,0
DA:33,0
DA:38,0
DA:39,0
DA:43,11
DA:47,12
DA:48,11
DA:49,11
DA:50,11
DA:52,11
DA:53,0
DA:54,0
DA:60,12
DA:62,12
DA:67,0
LF:27
LH:20
BRDA:25,0,0,0
BRDA:25,0,1,11
BRDA:33,1,0,0
BRDA:33,1,1,0
BRDA:52,2,0,0
BRDA:52,2,1,11
BRDA:54,3,0,0
BRDA:54,3,1,0
BRDA:60,4,0,12
BRDA:60,4,1,12
BRDA:65,5,0,12
BRDA:65,5,1,0
BRDA:74,6,0,12
BRDA:74,6,1,8
BRDA:74,6,2,8
BRF:15
BRH:8
end_of_record
TN:
SF:src\App\utils\authHelpers.ts
FN:9,(anonymous_0)
FNF:1
FNH:0
FNDA:0,(anonymous_0)
DA:9,1
DA:10,0
DA:11,0
DA:12,0
DA:13,0
DA:14,0
LF:6
LH:1
BRF:0
BRH:0
end_of_record
TN:
SF:src\components\ui\ConfirmModal.tsx
FN:12,(anonymous_0)
FNF:1
FNH:1
FNDA:13,(anonymous_0)
DA:12,2
DA:20,13
DA:22,11
LF:3
LH:3
BRDA:18,0,0,13
BRDA:20,1,0,2
BRDA:20,1,1,11
BRDA:42,2,0,2
BRDA:42,2,1,9
BRDA:47,3,0,2
BRDA:47,3,1,9
BRF:7
BRH:7
end_of_record
TN:
SF:src\core\App.tsx
FN:31,(anonymous_0)
FNF:1
FNH:1
FNDA:56,(anonymous_0)
DA:31,1
DA:32,56
LF:2
LH:2
BRF:0
BRH:0
end_of_record
TN:
SF:src\core\hooks\useErrorHandler.ts
FN:73,(anonymous_0)
FN:86,(anonymous_1)
FN:134,(anonymous_2)
FN:141,(anonymous_3)
FN:148,(anonymous_4)
FN:157,(anonymous_5)
FN:164,(anonymous_6)
FN:171,(anonymous_7)
FN:189,(anonymous_8)
FNF:9
FNH:1
FNDA:50,(anonymous_0)
FNDA:0,(anonymous_1)
FNDA:0,(anonymous_2)
FNDA:0,(anonymous_3)
FNDA:0,(anonymous_4)
FNDA:0,(anonymous_5)
FNDA:0,(anonymous_6)
FNDA:0,(anonymous_7)
FNDA:0,(anonymous_8)
DA:73,1
DA:80,50
DA:85,50
DA:87,0
DA:88,0
DA:91,0
DA:94,0
DA:95,0
DA:98,0
DA:101,0
DA:105,0
DA:108,0
DA:109,0
DA:112,0
DA:115,0
DA:120,0
DA:121,0
DA:122,0
DA:123,0
DA:126,0
DA:134,50
DA:135,0
DA:141,50
DA:142,0
DA:148,50
DA:149,0
DA:157,50
DA:158,0
DA:164,50
DA:165,0
DA:171,50
DA:172,0
DA:175,50
DA:189,1
DA:198,0
LF:35
LH:11
BRDA:74,0,0,50
BRDA:78,1,0,50
BRDA:86,2,0,0
BRDA:88,3,0,0
BRDA:88,3,1,0
BRDA:91,4,0,0
BRDA:91,4,1,0
BRDA:94,5,0,0
BRDA:94,5,1,0
BRDA:95,6,0,0
BRDA:95,6,1,0
BRDA:98,7,0,0
BRDA:98,7,1,0
BRDA:98,7,2,0
BRDA:98,7,3,0
BRDA:120,8,0,0
BRDA:120,8,1,0
BRDA:122,9,0,0
BRDA:122,9,1,0
BRF:19
BRH:2
end_of_record
TN:
SF:src\core\lib\errorHandler.ts
FN:91,(anonymous_0)
FN:125,(anonymous_1)
FN:149,(anonymous_2)
FN:190,(anonymous_3)
FN:201,(anonymous_4)
FN:211,(anonymous_5)
FN:218,(anonymous_6)
FN:242,(anonymous_7)
FN:292,(anonymous_8)
FN:299,(anonymous_9)
FN:357,(anonymous_10)
FN:373,(anonymous_11)
FN:386,(anonymous_12)
FN:412,(anonymous_13)
FN:419,(anonymous_14)
FN:432,(anonymous_15)
FN:436,(anonymous_16)
FNF:17
FNH:14
FNDA:32,(anonymous_0)
FNDA:29,(anonymous_1)
FNDA:2,(anonymous_2)
FNDA:3,(anonymous_3)
FNDA:3,(anonymous_4)
FNDA:0,(anonymous_5)
FNDA:13,(anonymous_6)
FNDA:13,(anonymous_7)
FNDA:12,(anonymous_8)
FNDA:3,(anonymous_9)
FNDA:13,(anonymous_10)
FNDA:13,(anonymous_11)
FNDA:0,(anonymous_12)
FNDA:2,(anonymous_13)
FNDA:0,(anonymous_14)
FNDA:13,(anonymous_15)
FNDA:2,(anonymous_16)
DA:8,3
DA:45,3
DA:101,32
DA:102,32
DA:103,32
DA:104,32
DA:105,32
DA:106,32
DA:111,32
DA:112,32
DA:116,32
DA:118,32
DA:126,29
DA:143,29
DA:150,2
DA:191,3
DA:202,3
DA:203,3
DA:205,3
DA:212,0
DA:219,13
DA:222,13
DA:223,13
DA:227,13
DA:228,0
DA:232,13
DA:233,0
DA:236,13
DA:244,13
DA:245,1
DA:249,12
DA:250,3
DA:254,9
DA:255,1
DA:267,8
DA:268,4
DA:279,4
DA:293,12
DA:300,3
DA:303,3
DA:304,1
DA:317,2
DA:318,1
DA:330,1
DA:331,1
DA:343,0
DA:358,13
DA:360,13
DA:361,13
DA:362,13
DA:363,13
DA:364,13
DA:365,10
DA:367,13
DA:374,13
DA:380,13
DA:396,0
DA:397,0
DA:398,0
DA:400,0
DA:401,0
DA:403,0
DA:413,2
DA:421,0
DA:422,0
DA:424,0
DA:429,3
DA:432,3
DA:433,13
DA:436,3
DA:437,2
LF:71
LH:58
BRDA:104,0,0,32
BRDA:104,0,1,23
BRDA:105,1,0,32
BRDA:105,1,1,29
BRDA:116,2,0,32
BRDA:116,2,1,0
BRDA:143,3,0,29
BRDA:143,3,1,0
BRDA:158,4,0,0
BRDA:158,4,1,2
BRDA:190,5,0,3
BRDA:202,6,0,3
BRDA:202,6,1,0
BRDA:222,7,0,13
BRDA:222,7,1,0
BRDA:227,8,0,0
BRDA:227,8,1,13
BRDA:232,9,0,0
BRDA:232,9,1,13
BRDA:244,10,0,1
BRDA:244,10,1,12
BRDA:249,11,0,3
BRDA:249,11,1,9
BRDA:254,12,0,1
BRDA:254,12,1,8
BRDA:254,13,0,9
BRDA:254,13,1,1
BRDA:267,14,0,4
BRDA:267,14,1,4
BRDA:293,15,0,12
BRDA:293,15,1,10
BRDA:293,15,2,9
BRDA:293,15,3,3
BRDA:303,16,0,1
BRDA:303,16,1,2
BRDA:303,17,0,3
BRDA:303,17,1,3
BRDA:317,18,0,1
BRDA:317,18,1,1
BRDA:317,19,0,2
BRDA:317,19,1,2
BRDA:330,20,0,1
BRDA:330,20,1,0
BRDA:330,21,0,1
BRDA:330,21,1,1
BRDA:364,22,0,10
BRDA:364,22,1,3
BRDA:397,23,0,0
BRDA:397,23,1,0
BRDA:400,24,0,0
BRDA:400,24,1,0
BRDA:421,25,0,0
BRDA:421,25,1,0
BRF:53
BRH:39
end_of_record
TN:
SF:src\core\stores\auth\useAuthStore.ts
FN:23,(anonymous_0)
FN:28,(anonymous_1)
FN:29,(anonymous_2)
FN:31,(anonymous_3)
FN:43,(anonymous_4)
FNF:5
FNH:5
FNDA:2,(anonymous_0)
FNDA:14,(anonymous_1)
FNDA:9,(anonymous_2)
FNDA:1,(anonymous_3)
FNDA:2,(anonymous_4)
DA:23,2
DA:28,14
DA:29,9
DA:32,1
DA:33,1
DA:34,1
DA:36,1
DA:37,1
DA:39,0
DA:45,2
DA:48,2
DA:49,2
LF:12
LH:11
BRDA:34,0,0,0
BRDA:34,0,1,1
BRF:2
BRH:1
end_of_record
TN:
SF:src\core\stores\user\useUserStore.ts
FN:16,(anonymous_0)
FN:18,(anonymous_1)
FNF:2
FNH:1
FNDA:6,(anonymous_0)
FNDA:0,(anonymous_1)
DA:16,6
DA:18,0
LF:2
LH:1
BRF:0
BRH:0
end_of_record
TN:
SF:src\crm\admin\components\BudgetDetailPage.tsx
FN:81,(anonymous_0)
FN:122,(anonymous_1)
FN:126,(anonymous_2)
FN:129,(anonymous_3)
FN:131,(anonymous_4)
FN:162,(anonymous_5)
FN:227,(anonymous_6)
FN:228,(anonymous_7)
FN:229,(anonymous_8)
FN:240,(anonymous_9)
FN:259,(anonymous_10)
FN:298,(anonymous_11)
FN:320,(anonymous_12)
FN:355,(anonymous_13)
FN:386,(anonymous_14)
FN:423,(anonymous_15)
FN:469,(anonymous_16)
FN:492,(anonymous_17)
FN:500,(anonymous_18)
FN:544,(anonymous_19)
FN:550,(anonymous_20)
FN:574,(anonymous_21)
FN:580,(anonymous_22)
FN:604,(anonymous_23)
FN:648,(anonymous_24)
FN:649,(anonymous_25)
FN:652,(anonymous_26)
FN:689,(anonymous_27)
FN:708,(anonymous_28)
FN:716,(anonymous_29)
FN:718,(anonymous_30)
FNF:31
FNH:0
FNDA:0,(anonymous_0)
FNDA:0,(anonymous_1)
FNDA:0,(anonymous_2)
FNDA:0,(anonymous_3)
FNDA:0,(anonymous_4)
FNDA:0,(anonymous_5)
FNDA:0,(anonymous_6)
FNDA:0,(anonymous_7)
FNDA:0,(anonymous_8)
FNDA:0,(anonymous_9)
FNDA:0,(anonymous_10)
FNDA:0,(anonymous_11)
FNDA:0,(anonymous_12)
FNDA:0,(anonymous_13)
FNDA:0,(anonymous_14)
FNDA:0,(anonymous_15)
FNDA:0,(anonymous_16)
FNDA:0,(anonymous_17)
FNDA:0,(anonymous_18)
FNDA:0,(anonymous_19)
FNDA:0,(anonymous_20)
FNDA:0,(anonymous_21)
FNDA:0,(anonymous_22)
FNDA:0,(anonymous_23)
FNDA:0,(anonymous_24)
FNDA:0,(anonymous_25)
FNDA:0,(anonymous_26)
FNDA:0,(anonymous_27)
FNDA:0,(anonymous_28)
FNDA:0,(anonymous_29)
FNDA:0,(anonymous_30)
DA:81,1
DA:82,0
DA:83,0
DA:86,0
DA:90,0
DA:91,0
DA:92,0
DA:93,0
DA:96,0
DA:99,0
DA:100,0
DA:103,0
DA:104,0
DA:107,0
DA:108,0
DA:109,0
DA:112,0
DA:118,0
DA:126,0
DA:129,0
DA:131,0
DA:132,0
DA:134,0
DA:135,0
DA:137,0
DA:138,0
DA:144,0
DA:146,0
DA:147,0
DA:158,0
DA:159,0
DA:161,0
DA:162,0
DA:173,0
DA:174,0
DA:177,0
DA:180,0
DA:185,0
DA:186,0
DA:189,0
DA:195,0
DA:196,0
DA:199,0
DA:204,0
DA:205,0
DA:208,0
DA:214,0
DA:215,0
DA:217,0
DA:219,0
DA:220,0
DA:221,0
DA:223,0
DA:227,0
DA:228,0
DA:229,0
DA:230,0
DA:232,0
DA:233,0
DA:234,0
DA:237,0
DA:240,0
DA:241,0
DA:243,0
DA:244,0
DA:249,0
DA:251,0
DA:252,0
DA:254,0
DA:255,0
DA:259,0
DA:260,0
DA:261,0
DA:271,0
DA:274,0
DA:276,0
DA:277,0
DA:279,0
DA:285,0
DA:287,0
DA:288,0
DA:289,0
DA:290,0
DA:292,0
DA:293,0
DA:298,0
DA:299,0
DA:300,0
DA:310,0
DA:313,0
DA:314,0
DA:316,0
DA:320,0
DA:321,0
DA:323,0
DA:324,0
DA:334,0
DA:337,0
DA:338,0
DA:340,0
DA:341,0
DA:343,0
DA:344,0
DA:345,0
DA:347,0
DA:348,0
DA:351,0
DA:352,0
DA:355,0
DA:362,0
DA:364,0
DA:365,0
DA:374,0
DA:376,0
DA:377,0
DA:378,0
DA:379,0
DA:381,0
DA:382,0
DA:386,0
DA:387,0
DA:388,0
DA:398,0
DA:401,0
DA:403,0
DA:405,0
DA:406,0
DA:411,0
DA:413,0
DA:414,0
DA:415,0
DA:417,0
DA:418,0
DA:423,0
DA:424,0
DA:425,0
DA:427,0
DA:428,0
DA:430,0
DA:431,0
DA:432,0
DA:433,0
DA:435,0
DA:439,0
DA:441,0
DA:445,0
DA:447,0
DA:456,0
DA:458,0
DA:459,0
DA:460,0
DA:462,0
DA:463,0
DA:465,0
DA:469,0
DA:470,0
DA:472,0
DA:474,0
DA:475,0
DA:480,0
DA:482,0
DA:483,0
DA:484,0
DA:486,0
DA:487,0
DA:492,0
DA:493,0
DA:501,0
DA:505,0
DA:506,0
DA:511,0
DA:512,0
DA:513,0
DA:514,0
DA:517,0
DA:522,0
DA:524,0
DA:525,0
DA:531,0
DA:532,0
DA:534,0
DA:536,0
DA:537,0
DA:538,0
DA:544,0
DA:545,0
DA:551,0
DA:553,0
DA:554,0
DA:559,0
DA:561,0
DA:562,0
DA:563,0
DA:564,0
DA:566,0
DA:567,0
DA:568,0
DA:574,0
DA:575,0
DA:581,0
DA:583,0
DA:584,0
DA:589,0
DA:591,0
DA:592,0
DA:593,0
DA:594,0
DA:596,0
DA:597,0
DA:598,0
DA:604,0
DA:605,0
DA:607,0
DA:609,0
DA:610,0
DA:612,0
DA:618,0
DA:620,0
DA:621,0
DA:622,0
DA:623,0
DA:625,0
DA:626,0
DA:630,0
DA:631,0
DA:633,0
DA:634,0
DA:635,0
DA:636,0
DA:637,0
DA:639,0
DA:648,0
DA:649,0
DA:652,0
DA:689,0
DA:708,0
DA:716,0
DA:718,0
LF:238
LH:1
BRDA:132,0,0,0
BRDA:132,0,1,0
BRDA:144,1,0,0
BRDA:144,1,1,0
BRDA:146,2,0,0
BRDA:146,2,1,0
BRDA:159,3,0,0
BRDA:159,3,1,0
BRDA:159,3,2,0
BRDA:161,4,0,0
BRDA:161,4,1,0
BRDA:164,5,0,0
BRDA:164,5,1,0
BRDA:177,6,0,0
BRDA:177,6,1,0
BRDA:185,7,0,0
BRDA:185,7,1,0
BRDA:186,8,0,0
BRDA:186,8,1,0
BRDA:195,9,0,0
BRDA:195,9,1,0
BRDA:196,10,0,0
BRDA:196,10,1,0
BRDA:204,11,0,0
BRDA:204,11,1,0
BRDA:205,12,0,0
BRDA:205,12,1,0
BRDA:214,13,0,0
BRDA:214,13,1,0
BRDA:215,14,0,0
BRDA:215,14,1,0
BRDA:232,15,0,0
BRDA:232,15,1,0
BRDA:249,16,0,0
BRDA:249,16,1,0
BRDA:260,17,0,0
BRDA:260,17,1,0
BRDA:285,18,0,0
BRDA:285,18,1,0
BRDA:299,19,0,0
BRDA:299,19,1,0
BRDA:313,20,0,0
BRDA:313,20,1,0
BRDA:313,21,0,0
BRDA:313,21,1,0
BRDA:323,22,0,0
BRDA:323,22,1,0
BRDA:323,23,0,0
BRDA:323,23,1,0
BRDA:338,24,0,0
BRDA:338,24,1,0
BRDA:343,25,0,0
BRDA:343,25,1,0
BRDA:374,26,0,0
BRDA:374,26,1,0
BRDA:387,27,0,0
BRDA:387,27,1,0
BRDA:401,28,0,0
BRDA:401,28,1,0
BRDA:411,29,0,0
BRDA:411,29,1,0
BRDA:425,30,0,0
BRDA:425,30,1,0
BRDA:439,31,0,0
BRDA:439,31,1,0
BRDA:456,32,0,0
BRDA:456,32,1,0
BRDA:470,33,0,0
BRDA:470,33,1,0
BRDA:480,34,0,0
BRDA:480,34,1,0
BRDA:495,35,0,0
BRDA:495,35,1,0
BRDA:496,36,0,0
BRDA:496,36,1,0
BRDA:502,37,0,0
BRDA:502,37,1,0
BRDA:511,38,0,0
BRDA:511,38,1,0
BRDA:522,39,0,0
BRDA:522,39,1,0
BRDA:526,40,0,0
BRDA:526,40,1,0
BRDA:531,41,0,0
BRDA:531,41,1,0
BRDA:559,42,0,0
BRDA:559,42,1,0
BRDA:589,43,0,0
BRDA:589,43,1,0
BRDA:605,44,0,0
BRDA:605,44,1,0
BRDA:605,45,0,0
BRDA:605,45,1,0
BRDA:618,46,0,0
BRDA:618,46,1,0
BRDA:630,47,0,0
BRDA:630,47,1,0
BRDA:631,48,0,0
BRDA:631,48,1,0
BRDA:637,49,0,0
BRDA:637,49,1,0
BRDA:637,49,2,0
BRF:102
BRH:0
end_of_record
TN:
SF:src\crm\admin\components\OrderHeader.tsx
FN:8,(anonymous_0)
FN:14,(anonymous_1)
FNF:2
FNH:0
FNDA:0,(anonymous_0)
FNDA:0,(anonymous_1)
DA:8,1
DA:9,0
DA:11,0
DA:14,0
LF:4
LH:1
BRF:0
BRH:0
end_of_record
TN:
SF:src\crm\admin\pages\AdminClientDetailPage.tsx
FN:113,(anonymous_0)
FN:129,(anonymous_1)
FN:137,(anonymous_2)
FN:152,(anonymous_3)
FN:161,(anonymous_4)
FN:163,(anonymous_5)
FN:195,(anonymous_6)
FN:202,(anonymous_7)
FN:202,(anonymous_8)
FN:299,(anonymous_9)
FN:301,(anonymous_10)
FN:306,(anonymous_11)
FN:343,(anonymous_12)
FN:345,(anonymous_13)
FN:345,(anonymous_14)
FN:362,(anonymous_15)
FN:379,(anonymous_16)
FN:397,(anonymous_17)
FN:445,(anonymous_18)
FN:453,(anonymous_19)
FN:454,(anonymous_20)
FN:457,(anonymous_21)
FN:493,(anonymous_22)
FN:499,(anonymous_23)
FNF:24
FNH:0
FNDA:0,(anonymous_0)
FNDA:0,(anonymous_1)
FNDA:0,(anonymous_2)
FNDA:0,(anonymous_3)
FNDA:0,(anonymous_4)
FNDA:0,(anonymous_5)
FNDA:0,(anonymous_6)
FNDA:0,(anonymous_7)
FNDA:0,(anonymous_8)
FNDA:0,(anonymous_9)
FNDA:0,(anonymous_10)
FNDA:0,(anonymous_11)
FNDA:0,(anonymous_12)
FNDA:0,(anonymous_13)
FNDA:0,(anonymous_14)
FNDA:0,(anonymous_15)
FNDA:0,(anonymous_16)
FNDA:0,(anonymous_17)
FNDA:0,(anonymous_18)
FNDA:0,(anonymous_19)
FNDA:0,(anonymous_20)
FNDA:0,(anonymous_21)
FNDA:0,(anonymous_22)
FNDA:0,(anonymous_23)
DA:78,1
DA:86,1
DA:93,1
DA:103,1
DA:113,1
DA:121,0
DA:129,0
DA:137,1
DA:145,0
DA:152,0
DA:161,1
DA:162,0
DA:164,0
DA:165,0
DA:170,0
DA:195,1
DA:201,0
DA:202,0
DA:203,0
DA:208,0
DA:299,1
DA:300,0
DA:301,0
DA:305,0
DA:306,0
DA:314,0
DA:343,1
DA:344,0
DA:345,0
DA:346,0
DA:351,0
DA:363,0
DA:379,1
DA:380,0
DA:381,0
DA:384,0
DA:388,0
DA:389,0
DA:390,0
DA:391,0
DA:397,0
DA:398,0
DA:400,0
DA:401,0
DA:403,0
DA:405,0
DA:411,0
DA:413,0
DA:414,0
DA:424,0
DA:427,0
DA:433,0
DA:434,0
DA:436,0
DA:438,0
DA:439,0
DA:441,0
DA:445,0
DA:446,0
DA:453,0
DA:454,0
DA:457,0
DA:458,0
DA:460,0
DA:461,0
DA:463,0
DA:464,0
DA:466,0
DA:480,0
DA:482,0
DA:483,0
DA:485,0
DA:486,0
DA:488,0
DA:492,0
DA:494,0
DA:499,0
DA:500,0
DA:507,0
DA:508,0
DA:515,0
DA:516,0
DA:523,0
LF:83
LH:11
BRDA:117,0,0,0
BRDA:119,1,0,0
BRDA:124,2,0,0
BRDA:124,2,1,0
BRDA:128,3,0,0
BRDA:128,3,1,0
BRDA:141,4,0,0
BRDA:143,5,0,0
BRDA:148,6,0,0
BRDA:148,6,1,0
BRDA:151,7,0,0
BRDA:151,7,1,0
BRDA:164,8,0,0
BRDA:164,8,1,0
BRDA:177,9,0,0
BRDA:177,9,1,0
BRDA:199,10,0,0
BRDA:217,11,0,0
BRDA:217,11,1,0
BRDA:225,12,0,0
BRDA:225,12,1,0
BRDA:230,13,0,0
BRDA:230,13,1,0
BRDA:239,14,0,0
BRDA:239,14,1,0
BRDA:244,15,0,0
BRDA:244,15,1,0
BRDA:254,16,0,0
BRDA:254,16,1,0
BRDA:265,17,0,0
BRDA:265,17,1,0
BRDA:274,18,0,0
BRDA:274,18,1,0
BRDA:288,19,0,0
BRDA:288,19,1,0
BRDA:301,20,0,0
BRDA:301,20,1,0
BRDA:321,21,0,0
BRDA:321,21,1,0
BRDA:359,22,0,0
BRDA:359,22,1,0
BRDA:398,23,0,0
BRDA:398,23,1,0
BRDA:411,24,0,0
BRDA:411,24,1,0
BRDA:413,25,0,0
BRDA:413,25,1,0
BRDA:433,26,0,0
BRDA:433,26,1,0
BRDA:434,27,0,0
BRDA:434,27,1,0
BRDA:454,28,0,0
BRDA:454,28,1,0
BRDA:458,29,0,0
BRDA:458,29,1,0
BRDA:458,30,0,0
BRDA:458,30,1,0
BRDA:464,31,0,0
BRDA:464,31,1,0
BRDA:480,32,0,0
BRDA:480,32,1,0
BRDA:507,33,0,0
BRDA:507,33,1,0
BRDA:515,34,0,0
BRDA:515,34,1,0
BRF:65
BRH:0
end_of_record
TN:
SF:src\crm\admin\pages\AdminOrderDetailPage.tsx
FN:77,(anonymous_0)
FN:114,(anonymous_1)
FN:116,(anonymous_2)
FN:156,(anonymous_3)
FN:162,(anonymous_4)
FN:178,(anonymous_5)
FN:218,(anonymous_6)
FN:297,(anonymous_7)
FN:303,(anonymous_8)
FN:319,(anonymous_9)
FN:327,(anonymous_10)
FN:365,(anonymous_11)
FN:373,(anonymous_12)
FN:408,(anonymous_13)
FN:439,(anonymous_14)
FN:462,(anonymous_15)
FN:487,(anonymous_16)
FN:530,(anonymous_17)
FN:586,(anonymous_18)
FN:610,(anonymous_19)
FN:618,(anonymous_20)
FN:620,(anonymous_21)
FNF:22
FNH:0
FNDA:0,(anonymous_0)
FNDA:0,(anonymous_1)
FNDA:0,(anonymous_2)
FNDA:0,(anonymous_3)
FNDA:0,(anonymous_4)
FNDA:0,(anonymous_5)
FNDA:0,(anonymous_6)
FNDA:0,(anonymous_7)
FNDA:0,(anonymous_8)
FNDA:0,(anonymous_9)
FNDA:0,(anonymous_10)
FNDA:0,(anonymous_11)
FNDA:0,(anonymous_12)
FNDA:0,(anonymous_13)
FNDA:0,(anonymous_14)
FNDA:0,(anonymous_15)
FNDA:0,(anonymous_16)
FNDA:0,(anonymous_17)
FNDA:0,(anonymous_18)
FNDA:0,(anonymous_19)
FNDA:0,(anonymous_20)
FNDA:0,(anonymous_21)
DA:77,1
DA:78,0
DA:81,0
DA:85,0
DA:88,0
DA:89,0
DA:90,0
DA:93,0
DA:94,0
DA:95,0
DA:98,0
DA:99,0
DA:102,0
DA:103,0
DA:104,0
DA:107,0
DA:108,0
DA:114,0
DA:116,0
DA:117,0
DA:119,0
DA:121,0
DA:123,0
DA:129,0
DA:131,0
DA:132,0
DA:142,0
DA:144,0
DA:145,0
DA:147,0
DA:151,0
DA:152,0
DA:153,0
DA:155,0
DA:156,0
DA:161,0
DA:162,0
DA:164,0
DA:167,0
DA:172,0
DA:174,0
DA:175,0
DA:178,0
DA:179,0
DA:182,0
DA:188,0
DA:189,0
DA:192,0
DA:197,0
DA:198,0
DA:201,0
DA:207,0
DA:208,0
DA:210,0
DA:212,0
DA:213,0
DA:218,0
DA:219,0
DA:221,0
DA:222,0
DA:224,0
DA:225,0
DA:228,0
DA:235,0
DA:238,0
DA:239,0
DA:240,0
DA:242,0
DA:244,0
DA:252,0
DA:254,0
DA:255,0
DA:257,0
DA:261,0
DA:263,0
DA:267,0
DA:268,0
DA:275,0
DA:277,0
DA:278,0
DA:280,0
DA:281,0
DA:284,0
DA:285,0
DA:288,0
DA:290,0
DA:291,0
DA:293,0
DA:297,0
DA:298,0
DA:299,0
DA:300,0
DA:303,0
DA:304,0
DA:305,0
DA:306,0
DA:307,0
DA:309,0
DA:314,0
DA:315,0
DA:319,0
DA:320,0
DA:321,0
DA:322,0
DA:327,0
DA:328,0
DA:329,0
DA:339,0
DA:342,0
DA:344,0
DA:345,0
DA:346,0
DA:352,0
DA:354,0
DA:355,0
DA:356,0
DA:357,0
DA:359,0
DA:360,0
DA:365,0
DA:366,0
DA:367,0
DA:369,0
DA:373,0
DA:374,0
DA:376,0
DA:377,0
DA:387,0
DA:390,0
DA:391,0
DA:393,0
DA:394,0
DA:396,0
DA:397,0
DA:398,0
DA:400,0
DA:401,0
DA:404,0
DA:405,0
DA:408,0
DA:415,0
DA:417,0
DA:418,0
DA:427,0
DA:429,0
DA:430,0
DA:431,0
DA:432,0
DA:434,0
DA:435,0
DA:439,0
DA:440,0
DA:442,0
DA:444,0
DA:445,0
DA:450,0
DA:452,0
DA:453,0
DA:454,0
DA:456,0
DA:457,0
DA:462,0
DA:463,0
DA:465,0
DA:467,0
DA:468,0
DA:469,0
DA:475,0
DA:477,0
DA:478,0
DA:479,0
DA:480,0
DA:482,0
DA:483,0
DA:487,0
DA:488,0
DA:489,0
DA:491,0
DA:492,0
DA:494,0
DA:495,0
DA:496,0
DA:497,0
DA:499,0
DA:503,0
DA:505,0
DA:509,0
DA:510,0
DA:517,0
DA:519,0
DA:520,0
DA:521,0
DA:523,0
DA:524,0
DA:526,0
DA:530,0
DA:531,0
DA:533,0
DA:535,0
DA:536,0
DA:541,0
DA:543,0
DA:544,0
DA:545,0
DA:547,0
DA:548,0
DA:552,0
DA:554,0
DA:586,0
DA:610,0
DA:618,0
DA:620,0
LF:212
LH:1
BRDA:117,0,0,0
BRDA:117,0,1,0
BRDA:129,1,0,0
BRDA:129,1,1,0
BRDA:131,2,0,0
BRDA:131,2,1,0
BRDA:144,3,0,0
BRDA:144,3,1,0
BRDA:153,4,0,0
BRDA:153,4,1,0
BRDA:153,4,2,0
BRDA:155,5,0,0
BRDA:155,5,1,0
BRDA:172,6,0,0
BRDA:172,6,1,0
BRDA:174,7,0,0
BRDA:174,7,1,0
BRDA:188,8,0,0
BRDA:188,8,1,0
BRDA:189,9,0,0
BRDA:189,9,1,0
BRDA:197,10,0,0
BRDA:197,10,1,0
BRDA:198,11,0,0
BRDA:198,11,1,0
BRDA:207,12,0,0
BRDA:207,12,1,0
BRDA:208,13,0,0
BRDA:208,13,1,0
BRDA:219,14,0,0
BRDA:219,14,1,0
BRDA:225,15,0,0
BRDA:225,15,1,0
BRDA:235,16,0,0
BRDA:235,16,1,0
BRDA:238,17,0,0
BRDA:238,17,1,0
BRDA:246,18,0,0
BRDA:246,18,1,0
BRDA:247,19,0,0
BRDA:247,19,1,0
BRDA:248,20,0,0
BRDA:248,20,1,0
BRDA:261,21,0,0
BRDA:261,21,1,0
BRDA:275,22,0,0
BRDA:275,22,1,0
BRDA:300,23,0,0
BRDA:300,23,1,0
BRDA:304,24,0,0
BRDA:304,24,1,0
BRDA:305,25,0,0
BRDA:305,25,1,0
BRDA:309,26,0,0
BRDA:309,26,1,0
BRDA:320,27,0,0
BRDA:320,27,1,0
BRDA:328,28,0,0
BRDA:328,28,1,0
BRDA:352,29,0,0
BRDA:352,29,1,0
BRDA:366,30,0,0
BRDA:366,30,1,0
BRDA:366,31,0,0
BRDA:366,31,1,0
BRDA:376,32,0,0
BRDA:376,32,1,0
BRDA:376,33,0,0
BRDA:376,33,1,0
BRDA:391,34,0,0
BRDA:391,34,1,0
BRDA:396,35,0,0
BRDA:396,35,1,0
BRDA:427,36,0,0
BRDA:427,36,1,0
BRDA:440,37,0,0
BRDA:440,37,1,0
BRDA:450,38,0,0
BRDA:450,38,1,0
BRDA:463,39,0,0
BRDA:463,39,1,0
BRDA:475,40,0,0
BRDA:475,40,1,0
BRDA:489,41,0,0
BRDA:489,41,1,0
BRDA:503,42,0,0
BRDA:503,42,1,0
BRDA:517,43,0,0
BRDA:517,43,1,0
BRDA:531,44,0,0
BRDA:531,44,1,0
BRDA:541,45,0,0
BRDA:541,45,1,0
BRDA:552,46,0,0
BRDA:552,46,1,0
BRF:95
BRH:0
end_of_record
TN:
SF:src\crm\pages\budgetConstants.ts
FNF:0
FNH:0
DA:5,1
DA:13,1
LF:2
LH:2
BRF:0
BRH:0
end_of_record
TN:
SF:src\crm\pages\budgetUtils.ts
FN:4,(anonymous_0)
FN:11,(anonymous_1)
FNF:2
FNH:0
FNDA:0,(anonymous_0)
FNDA:0,(anonymous_1)
DA:4,1
DA:5,0
DA:11,1
DA:12,0
LF:4
LH:2
BRDA:12,0,0,0
BRDA:12,0,1,0
BRF:2
BRH:0
end_of_record
TN:
SF:src\crm\pages\constants.ts
FNF:0
FNH:0
DA:5,1
DA:13,1
LF:2
LH:2
BRF:0
BRH:0
end_of_record
TN:
SF:src\crm\pages\utils.ts
FN:2,(anonymous_0)
FN:9,(anonymous_1)
FNF:2
FNH:0
FNDA:0,(anonymous_0)
FNDA:0,(anonymous_1)
DA:2,1
DA:3,0
DA:9,1
DA:10,0
DA:13,0
DA:14,0
DA:15,0
DA:16,0
DA:18,0
DA:21,0
DA:22,0
LF:11
LH:2
BRDA:13,0,0,0
BRDA:13,0,1,0
BRDA:15,1,0,0
BRDA:15,1,1,0
BRDA:18,2,0,0
BRDA:18,2,1,0
BRF:6
BRH:0
end_of_record
TN:
SF:src\crm\shared\components\AttachmentsCard.tsx
FN:11,(anonymous_0)
FN:36,(anonymous_1)
FN:50,(anonymous_2)
FNF:3
FNH:0
FNDA:0,(anonymous_0)
FNDA:0,(anonymous_1)
FNDA:0,(anonymous_2)
DA:11,1
DA:17,0
DA:37,0
DA:50,0
LF:4
LH:1
BRDA:22,0,0,0
BRDA:22,0,1,0
BRDA:32,1,0,0
BRDA:32,1,1,0
BRF:4
BRH:0
end_of_record
TN:
SF:src\crm\shared\components\BudgetAttachmentsCard.tsx
FN:11,(anonymous_0)
FN:36,(anonymous_1)
FN:50,(anonymous_2)
FNF:3
FNH:0
FNDA:0,(anonymous_0)
FNDA:0,(anonymous_1)
FNDA:0,(anonymous_2)
DA:11,1
DA:17,0
DA:37,0
DA:50,0
LF:4
LH:1
BRDA:22,0,0,0
BRDA:22,0,1,0
BRDA:32,1,0,0
BRDA:32,1,1,0
BRF:4
BRH:0
end_of_record
TN:
SF:src\crm\shared\components\BudgetCatalogModal.tsx
FN:11,(anonymous_0)
FN:32,(anonymous_1)
FN:35,(anonymous_2)
FNF:3
FNH:0
FNDA:0,(anonymous_0)
FNDA:0,(anonymous_1)
FNDA:0,(anonymous_2)
DA:11,1
DA:16,0
DA:18,0
DA:33,0
DA:35,0
LF:5
LH:1
BRDA:16,0,0,0
BRDA:16,0,1,0
BRDA:40,1,0,0
BRDA:40,1,1,0
BRF:4
BRH:0
end_of_record
TN:
SF:src\crm\shared\components\BudgetChatPanel.tsx
FN:12,(anonymous_0)
FN:20,(anonymous_1)
FN:24,(anonymous_2)
FN:37,(anonymous_3)
FN:59,(anonymous_4)
FNF:5
FNH:0
FNDA:0,(anonymous_0)
FNDA:0,(anonymous_1)
FNDA:0,(anonymous_2)
FNDA:0,(anonymous_3)
FNDA:0,(anonymous_4)
DA:12,1
DA:18,0
DA:20,0
DA:21,0
DA:24,0
DA:25,0
DA:26,0
DA:30,0
DA:38,0
DA:39,0
DA:59,0
LF:11
LH:1
BRDA:25,0,0,0
BRDA:25,0,1,0
BRDA:43,1,0,0
BRDA:43,1,1,0
BRF:4
BRH:0
end_of_record
TN:
SF:src\crm\shared\components\BudgetHeader.tsx
FN:14,(anonymous_0)
FNF:1
FNH:0
FNDA:0,(anonymous_0)
DA:14,1
DA:25,0
LF:2
LH:1
BRDA:35,0,0,0
BRDA:35,0,1,0
BRDA:41,1,0,0
BRDA:41,1,1,0
BRDA:58,2,0,0
BRDA:58,2,1,0
BRDA:67,3,0,0
BRDA:67,3,1,0
BRF:8
BRH:0
end_of_record
TN:
SF:src\crm\shared\components\BudgetInfoCard.tsx
FN:14,(anonymous_0)
FN:44,(anonymous_1)
FNF:2
FNH:0
FNDA:0,(anonymous_0)
FNDA:0,(anonymous_1)
DA:14,1
DA:23,0
DA:44,0
LF:3
LH:1
BRDA:46,0,0,0
BRDA:46,0,1,0
BRDA:48,1,0,0
BRDA:48,1,1,0
BRDA:48,1,2,0
BRDA:65,2,0,0
BRDA:65,2,1,0
BRF:7
BRH:0
end_of_record
TN:
SF:src\crm\shared\components\BudgetMaterialsCard.tsx
FN:19,(anonymous_0)
FN:43,(anonymous_1)
FN:53,(anonymous_2)
FN:68,(anonymous_3)
FNF:4
FNH:0
FNDA:0,(anonymous_0)
FNDA:0,(anonymous_1)
FNDA:0,(anonymous_2)
FNDA:0,(anonymous_3)
DA:19,1
DA:27,0
DA:44,0
DA:54,0
DA:68,0
LF:5
LH:1
BRDA:31,0,0,0
BRDA:31,0,1,0
BRDA:66,1,0,0
BRDA:66,1,1,0
BRDA:81,2,0,0
BRDA:81,2,1,0
BRDA:90,3,0,0
BRDA:90,3,1,0
BRF:8
BRH:0
end_of_record
TN:
SF:src\crm\shared\components\BudgetObservationsCard.tsx
FN:13,(anonymous_0)
FN:35,(anonymous_1)
FN:63,(anonymous_2)
FNF:3
FNH:0
FNDA:0,(anonymous_0)
FNDA:0,(anonymous_1)
FNDA:0,(anonymous_2)
DA:13,1
DA:21,0
DA:36,0
DA:63,0
LF:4
LH:1
BRDA:29,0,0,0
BRDA:29,0,1,0
BRDA:39,1,0,0
BRDA:39,1,1,0
BRDA:44,2,0,0
BRDA:44,2,1,0
BRDA:58,3,0,0
BRDA:58,3,1,0
BRDA:58,4,0,0
BRDA:58,4,1,0
BRF:10
BRH:0
end_of_record
TN:
SF:src\crm\shared\components\BudgetParametricModal.tsx
FN:13,(anonymous_0)
FN:31,(anonymous_1)
FNF:2
FNH:0
FNDA:0,(anonymous_0)
FNDA:0,(anonymous_1)
DA:13,1
DA:21,0
DA:23,0
DA:31,0
LF:4
LH:1
BRDA:21,0,0,0
BRDA:21,0,1,0
BRF:2
BRH:0
end_of_record
TN:
SF:src\crm\shared\components\BudgetProjectCard.tsx
FN:8,(anonymous_0)
FN:11,(anonymous_1)
FNF:2
FNH:0
FNDA:0,(anonymous_0)
FNDA:0,(anonymous_1)
DA:8,1
DA:9,0
DA:11,0
DA:12,0
DA:15,0
LF:5
LH:1
BRDA:9,0,0,0
BRDA:9,0,1,0
BRDA:22,1,0,0
BRDA:22,1,1,0
BRF:4
BRH:0
end_of_record
TN:
SF:src\crm\shared\components\CatalogModal.tsx
FN:11,(anonymous_0)
FN:28,(anonymous_1)
FN:31,(anonymous_2)
FNF:3
FNH:0
FNDA:0,(anonymous_0)
FNDA:0,(anonymous_1)
FNDA:0,(anonymous_2)
DA:11,1
DA:12,0
DA:14,0
DA:29,0
DA:31,0
LF:5
LH:1
BRDA:12,0,0,0
BRDA:12,0,1,0
BRDA:36,1,0,0
BRDA:36,1,1,0
BRF:4
BRH:0
end_of_record
TN:
SF:src\crm\shared\components\ChatPanel.tsx
FN:12,(anonymous_0)
FN:20,(anonymous_1)
FN:24,(anonymous_2)
FN:26,(anonymous_3)
FN:37,(anonymous_4)
FN:59,(anonymous_5)
FNF:6
FNH:0
FNDA:0,(anonymous_0)
FNDA:0,(anonymous_1)
FNDA:0,(anonymous_2)
FNDA:0,(anonymous_3)
FNDA:0,(anonymous_4)
FNDA:0,(anonymous_5)
DA:12,1
DA:18,0
DA:20,0
DA:21,0
DA:24,0
DA:26,0
DA:27,0
DA:28,0
DA:32,0
DA:38,0
DA:39,0
DA:59,0
LF:12
LH:1
BRDA:24,0,0,0
BRDA:24,0,1,0
BRDA:27,1,0,0
BRDA:27,1,1,0
BRDA:38,2,0,0
BRDA:38,2,1,0
BRDA:43,3,0,0
BRDA:43,3,1,0
BRF:8
BRH:0
end_of_record
TN:
SF:src\crm\shared\components\MaterialsBreakdownCard.tsx
FN:14,(anonymous_0)
FN:22,(anonymous_1)
FN:59,(anonymous_2)
FN:72,(anonymous_3)
FN:84,(anonymous_4)
FNF:5
FNH:0
FNDA:0,(anonymous_0)
FNDA:0,(anonymous_1)
FNDA:0,(anonymous_2)
FNDA:0,(anonymous_3)
FNDA:0,(anonymous_4)
DA:14,1
DA:22,0
DA:23,0
DA:24,0
DA:28,0
DA:60,0
DA:73,0
DA:84,0
LF:8
LH:1
BRDA:23,0,0,0
BRDA:23,0,1,0
BRF:2
BRH:0
end_of_record
TN:
SF:src\crm\shared\components\ObservationsCard.tsx
FN:11,(anonymous_0)
FN:28,(anonymous_1)
FN:54,(anonymous_2)
FNF:3
FNH:0
FNDA:0,(anonymous_0)
FNDA:0,(anonymous_1)
FNDA:0,(anonymous_2)
DA:11,1
DA:17,0
DA:29,0
DA:54,0
LF:4
LH:1
BRDA:22,0,0,0
BRDA:22,0,1,0
BRDA:32,1,0,0
BRDA:32,1,1,0
BRDA:37,2,0,0
BRDA:37,2,1,0
BRF:6
BRH:0
end_of_record
TN:
SF:src\crm\shared\components\OrderControlCard.tsx
FN:19,(anonymous_0)
FN:45,(anonymous_1)
FN:57,(anonymous_2)
FN:60,(anonymous_3)
FN:72,(anonymous_4)
FN:96,(anonymous_5)
FNF:6
FNH:0
FNDA:0,(anonymous_0)
FNDA:0,(anonymous_1)
FNDA:0,(anonymous_2)
FNDA:0,(anonymous_3)
FNDA:0,(anonymous_4)
FNDA:0,(anonymous_5)
DA:19,1
DA:31,0
DA:45,0
DA:57,0
DA:61,0
DA:72,0
DA:96,0
LF:7
LH:1
BRDA:44,0,0,0
BRDA:44,0,1,0
BRDA:102,1,0,0
BRDA:102,1,1,0
BRDA:123,2,0,0
BRDA:123,2,1,0
BRDA:126,3,0,0
BRDA:126,3,1,0
BRF:8
BRH:0
end_of_record
TN:
SF:src\crm\shared\components\ParametricModal.tsx
FN:13,(anonymous_0)
FN:31,(anonymous_1)
FNF:2
FNH:0
FNDA:0,(anonymous_0)
FNDA:0,(anonymous_1)
DA:13,1
DA:21,0
DA:23,0
DA:31,0
LF:4
LH:1
BRDA:21,0,0,0
BRDA:21,0,1,0
BRF:2
BRH:0
end_of_record
TN:
SF:src\editor\data\fence_presets.ts
FNF:0
FNH:0
DA:29,8
LF:1
LH:1
BRF:0
BRH:0
end_of_record
TN:
SF:src\editor\engine\A42Engine.ts
FN:40,(anonymous_0)
FN:67,(anonymous_1)
FN:71,(anonymous_2)
FN:75,(anonymous_3)
FN:80,(anonymous_4)
FN:85,(anonymous_5)
FN:89,(anonymous_6)
FN:93,(anonymous_7)
FN:97,(anonymous_8)
FN:101,(anonymous_9)
FN:106,(anonymous_10)
FN:112,(anonymous_11)
FN:117,(anonymous_12)
FN:125,(anonymous_13)
FN:130,(anonymous_14)
FN:134,(anonymous_15)
FN:138,(anonymous_16)
FN:143,(anonymous_17)
FN:148,(anonymous_18)
FN:154,(anonymous_19)
FN:177,(anonymous_20)
FNF:21
FNH:11
FNDA:59,(anonymous_0)
FNDA:232,(anonymous_1)
FNDA:124,(anonymous_2)
FNDA:187,(anonymous_3)
FNDA:0,(anonymous_4)
FNDA:0,(anonymous_5)
FNDA:0,(anonymous_6)
FNDA:0,(anonymous_7)
FNDA:0,(anonymous_8)
FNDA:0,(anonymous_9)
FNDA:0,(anonymous_10)
FNDA:0,(anonymous_11)
FNDA:0,(anonymous_12)
FNDA:0,(anonymous_13)
FNDA:3,(anonymous_14)
FNDA:7,(anonymous_15)
FNDA:5,(anonymous_16)
FNDA:7,(anonymous_17)
FNDA:2,(anonymous_18)
FNDA:4,(anonymous_19)
FNDA:63,(anonymous_20)
DA:41,59
DA:44,59
DA:45,59
DA:47,59
DA:48,59
DA:49,59
DA:50,59
DA:51,59
DA:52,59
DA:53,59
DA:56,59
DA:57,59
DA:58,59
DA:59,59
DA:62,59
DA:63,59
DA:68,232
DA:72,124
DA:76,187
DA:80,0
DA:81,0
DA:86,0
DA:90,0
DA:94,0
DA:98,0
DA:102,0
DA:107,0
DA:108,0
DA:109,0
DA:113,0
DA:118,0
DA:119,0
DA:120,0
DA:121,0
DA:126,0
DA:131,3
DA:135,7
DA:139,5
DA:144,7
DA:149,2
DA:150,2
DA:154,4
DA:155,4
DA:156,4
DA:157,4
DA:159,4
DA:163,4
DA:164,4
DA:165,1
DA:166,1
DA:167,1
DA:170,4
DA:171,3
DA:173,4
DA:178,63
DA:179,63
DA:180,63
DA:181,63
LF:58
LH:42
BRDA:119,0,0,0
BRDA:119,0,1,0
BRDA:164,1,0,1
BRDA:164,1,1,3
BRDA:164,2,0,4
BRDA:164,2,1,4
BRDA:164,2,2,1
BRDA:170,3,0,3
BRDA:170,3,1,1
BRF:9
BRH:7
end_of_record
TN:
SF:src\editor\engine\interaction\AnimationController.ts
FN:13,(anonymous_0)
FN:21,(anonymous_1)
FN:28,(anonymous_2)
FNF:3
FNH:1
FNDA:59,(anonymous_0)
FNDA:0,(anonymous_1)
FNDA:0,(anonymous_2)
DA:14,59
DA:25,0
DA:26,0
DA:28,0
DA:29,0
DA:30,0
DA:31,0
DA:32,0
DA:33,0
DA:35,0
DA:36,0
DA:37,0
DA:40,0
LF:13
LH:1
BRDA:30,0,0,0
BRDA:30,0,1,0
BRF:2
BRH:0
end_of_record
TN:
SF:src\editor\engine\interaction\ModeHandlers.ts
FN:20,(anonymous_0)
FN:33,(anonymous_1)
FN:49,(anonymous_2)
FN:65,(anonymous_3)
FN:75,(anonymous_4)
FN:91,(anonymous_5)
FN:101,(anonymous_6)
FN:116,(anonymous_7)
FN:144,(anonymous_8)
FNF:9
FNH:1
FNDA:59,(anonymous_0)
FNDA:0,(anonymous_1)
FNDA:0,(anonymous_2)
FNDA:0,(anonymous_3)
FNDA:0,(anonymous_4)
FNDA:0,(anonymous_5)
FNDA:0,(anonymous_6)
FNDA:0,(anonymous_7)
FNDA:0,(anonymous_8)
DA:25,59
DA:26,59
DA:27,59
DA:34,0
DA:35,0
DA:37,0
DA:39,0
DA:40,0
DA:42,0
DA:50,0
DA:51,0
DA:53,0
DA:55,0
DA:56,0
DA:58,0
DA:66,0
DA:67,0
DA:69,0
DA:76,0
DA:78,0
DA:79,0
DA:80,0
DA:82,0
DA:84,0
DA:85,0
DA:87,0
DA:92,0
DA:93,0
DA:102,0
DA:105,0
DA:109,0
DA:110,0
DA:111,0
DA:115,0
DA:117,0
DA:120,0
DA:122,0
DA:123,0
DA:124,0
DA:125,0
DA:129,0
DA:130,0
DA:136,0
DA:148,0
DA:149,0
DA:150,0
DA:152,0
DA:154,0
DA:155,0
DA:156,0
DA:160,0
DA:161,0
DA:162,0
DA:163,0
DA:164,0
LF:55
LH:3
BRDA:35,0,0,0
BRDA:35,0,1,0
BRDA:37,1,0,0
BRDA:37,1,1,0
BRDA:40,2,0,0
BRDA:40,2,1,0
BRDA:51,3,0,0
BRDA:51,3,1,0
BRDA:53,4,0,0
BRDA:53,4,1,0
BRDA:56,5,0,0
BRDA:56,5,1,0
BRDA:67,6,0,0
BRDA:67,6,1,0
BRDA:76,7,0,0
BRDA:76,7,1,0
BRDA:82,8,0,0
BRDA:82,8,1,0
BRDA:85,9,0,0
BRDA:85,9,1,0
BRDA:102,10,0,0
BRDA:102,10,1,0
BRDA:109,11,0,0
BRDA:109,11,1,0
BRDA:117,12,0,0
BRDA:117,12,1,0
BRDA:122,13,0,0
BRDA:122,13,1,0
BRDA:124,14,0,0
BRDA:124,14,1,0
BRDA:124,15,0,0
BRDA:124,15,1,0
BRDA:130,16,0,0
BRDA:130,16,1,0
BRDA:131,17,0,0
BRDA:131,17,1,0
BRDA:152,18,0,0
BRDA:152,18,1,0
BRDA:152,19,0,0
BRDA:152,19,1,0
BRDA:161,20,0,0
BRDA:161,20,1,0
BRF:42
BRH:0
end_of_record
TN:
SF:src\editor\engine\interaction\RaycastHandler.ts
FN:15,(anonymous_0)
FN:24,(anonymous_1)
FN:34,(anonymous_2)
FN:44,(anonymous_3)
FN:55,(anonymous_4)
FNF:5
FNH:1
FNDA:59,(anonymous_0)
FNDA:0,(anonymous_1)
FNDA:0,(anonymous_2)
FNDA:0,(anonymous_3)
FNDA:0,(anonymous_4)
DA:16,59
DA:17,59
DA:18,59
DA:25,0
DA:26,0
DA:27,0
DA:28,0
DA:35,0
DA:38,0
DA:48,0
DA:56,0
DA:58,0
DA:64,0
DA:67,0
LF:14
LH:3
BRDA:38,0,0,0
BRDA:38,0,1,0
BRDA:46,1,0,0
BRDA:59,2,0,0
BRDA:59,2,1,0
BRDA:59,2,2,0
BRDA:59,2,3,0
BRDA:67,3,0,0
BRDA:67,3,1,0
BRDA:67,4,0,0
BRDA:67,4,1,0
BRF:11
BRH:0
end_of_record
TN:
SF:src\editor\engine\interaction\SelectionController.ts
FN:16,(anonymous_0)
FN:23,(anonymous_1)
FN:30,(anonymous_2)
FN:49,(anonymous_3)
FN:77,(anonymous_4)
FN:87,(anonymous_5)
FNF:6
FNH:5
FNDA:59,(anonymous_0)
FNDA:10,(anonymous_1)
FNDA:696,(anonymous_2)
FNDA:18,(anonymous_3)
FNDA:14,(anonymous_4)
FNDA:0,(anonymous_5)
DA:17,59
DA:24,10
DA:25,2
DA:26,2
DA:29,8
DA:30,8
DA:31,696
DA:32,6
DA:36,8
DA:37,6
DA:38,2
DA:40,4
DA:42,2
DA:50,18
DA:51,18
DA:52,18
DA:54,18
DA:56,18
DA:58,8
DA:59,8
DA:60,8
DA:61,8
DA:63,8
DA:64,8
DA:65,8
DA:69,10
DA:70,10
DA:71,10
DA:78,14
DA:79,14
DA:81,14
DA:82,14
DA:85,14
DA:87,0
DA:89,14
DA:90,0
DA:95,14
LF:37
LH:35
BRDA:24,0,0,2
BRDA:24,0,1,8
BRDA:31,1,0,6
BRDA:31,1,1,690
BRDA:31,2,0,696
BRDA:31,2,1,6
BRDA:36,3,0,6
BRDA:36,3,1,2
BRDA:37,4,0,2
BRDA:37,4,1,4
BRDA:54,5,0,0
BRDA:54,5,1,18
BRDA:56,6,0,8
BRDA:56,6,1,10
BRDA:79,7,0,0
BRDA:79,7,1,14
BRDA:89,8,0,0
BRDA:89,8,1,14
BRDA:89,9,0,14
BRDA:89,9,1,0
BRDA:89,9,2,0
BRF:21
BRH:16
end_of_record
TN:
SF:src\editor\engine\interaction\TransformController.ts
FN:19,(anonymous_0)
FN:27,(anonymous_1)
FN:50,(anonymous_2)
FN:72,(anonymous_3)
FN:103,(anonymous_4)
FN:123,(anonymous_5)
FN:137,(anonymous_6)
FN:152,(anonymous_7)
FN:161,(anonymous_8)
FNF:9
FNH:6
FNDA:59,(anonymous_0)
FNDA:59,(anonymous_1)
FNDA:59,(anonymous_2)
FNDA:0,(anonymous_3)
FNDA:27,(anonymous_4)
FNDA:0,(anonymous_5)
FNDA:0,(anonymous_6)
FNDA:1,(anonymous_7)
FNDA:3,(anonymous_8)
DA:16,59
DA:17,59
DA:20,59
DA:21,59
DA:28,59
DA:29,59
DA:34,59
DA:35,59
DA:37,59
DA:39,59
DA:40,59
DA:42,0
DA:43,0
DA:51,59
DA:54,59
DA:60,59
DA:63,59
DA:72,0
DA:73,0
DA:74,0
DA:76,0
DA:77,0
DA:79,0
DA:81,0
DA:83,0
DA:84,0
DA:87,0
DA:88,0
DA:90,0
DA:91,0
DA:92,0
DA:93,0
DA:94,0
DA:103,27
DA:104,27
DA:108,27
DA:111,0
DA:112,0
DA:116,0
DA:123,0
DA:124,0
DA:125,0
DA:130,0
DA:138,0
DA:139,0
DA:140,0
DA:153,1
DA:154,1
DA:162,3
DA:163,3
LF:50
LH:22
BRDA:51,0,0,0
BRDA:51,0,1,59
BRDA:79,1,0,0
BRDA:79,1,1,0
BRDA:81,2,0,0
BRDA:81,2,1,0
BRDA:87,3,0,0
BRDA:87,3,1,0
BRDA:90,4,0,0
BRDA:90,4,1,0
BRDA:92,5,0,0
BRDA:92,5,1,0
BRDA:104,6,0,27
BRDA:104,6,1,0
BRDA:105,7,0,27
BRDA:105,7,1,0
BRDA:112,8,0,0
BRDA:112,8,1,0
BRDA:113,9,0,0
BRDA:113,9,1,0
BRDA:113,9,2,0
BRDA:125,10,0,0
BRDA:125,10,1,0
BRDA:126,11,0,0
BRDA:126,11,1,0
BRDA:126,11,2,0
BRDA:139,12,0,0
BRDA:139,12,1,0
BRDA:153,13,0,1
BRDA:153,13,1,0
BRDA:162,14,0,3
BRDA:162,14,1,0
BRF:32
BRH:5
end_of_record
TN:
SF:src\editor\engine\managers\ExportManager.ts
FN:12,(anonymous_0)
FN:19,(anonymous_1)
FN:30,(anonymous_2)
FN:43,(anonymous_3)
FN:47,(anonymous_4)
FN:53,(anonymous_5)
FN:65,(anonymous_6)
FN:76,(anonymous_7)
FN:82,(anonymous_8)
FN:100,(anonymous_9)
FN:148,(anonymous_10)
FN:181,(anonymous_11)
FN:188,(anonymous_12)
FN:195,(anonymous_13)
FN:211,(anonymous_14)
FN:219,(anonymous_15)
FNF:16
FNH:1
FNDA:59,(anonymous_0)
FNDA:0,(anonymous_1)
FNDA:0,(anonymous_2)
FNDA:0,(anonymous_3)
FNDA:0,(anonymous_4)
FNDA:0,(anonymous_5)
FNDA:0,(anonymous_6)
FNDA:0,(anonymous_7)
FNDA:0,(anonymous_8)
FNDA:0,(anonymous_9)
FNDA:0,(anonymous_10)
FNDA:0,(anonymous_11)
FNDA:0,(anonymous_12)
FNDA:0,(anonymous_13)
FNDA:0,(anonymous_14)
FNDA:0,(anonymous_15)
DA:13,59
DA:20,0
DA:24,0
DA:26,0
DA:27,0
DA:30,0
DA:31,0
DA:32,0
DA:36,0
DA:37,0
DA:38,0
DA:42,0
DA:43,0
DA:45,0
DA:48,0
DA:51,0
DA:54,0
DA:55,0
DA:66,0
DA:70,0
DA:72,0
DA:73,0
DA:76,0
DA:77,0
DA:80,0
DA:81,0
DA:82,0
DA:83,0
DA:84,0
DA:85,0
DA:89,0
DA:90,0
DA:91,0
DA:92,0
DA:97,0
DA:98,0
DA:100,0
DA:101,0
DA:102,0
DA:103,0
DA:104,0
DA:107,0
DA:108,0
DA:109,0
DA:111,0
DA:112,0
DA:113,0
DA:114,0
DA:118,0
DA:127,0
DA:139,0
DA:141,0
DA:142,0
DA:154,0
DA:156,0
DA:157,0
DA:162,0
DA:168,0
DA:169,0
DA:172,0
DA:175,0
DA:182,0
DA:189,0
DA:203,0
DA:212,0
DA:213,0
DA:214,0
DA:215,0
DA:216,0
DA:217,0
DA:219,0
DA:220,0
DA:221,0
LF:73
LH:1
BRDA:24,0,0,0
BRDA:24,0,1,0
BRDA:31,1,0,0
BRDA:31,1,1,0
BRDA:36,2,0,0
BRDA:36,2,1,0
BRDA:70,3,0,0
BRDA:70,3,1,0
BRDA:77,4,0,0
BRDA:77,4,1,0
BRDA:80,5,0,0
BRDA:80,5,1,0
BRDA:80,6,0,0
BRDA:80,6,1,0
BRDA:97,7,0,0
BRDA:97,7,1,0
BRDA:98,8,0,0
BRDA:98,8,1,0
BRDA:101,9,0,0
BRDA:101,9,1,0
BRDA:107,10,0,0
BRDA:107,10,1,0
BRF:22
BRH:0
end_of_record
TN:
SF:src\editor\engine\managers\InteractionManager.ts
FN:29,(anonymous_0)
FN:36,(anonymous_1)
FN:69,(anonymous_2)
FN:76,(anonymous_3)
FN:83,(anonymous_4)
FN:90,(anonymous_5)
FN:127,(anonymous_6)
FN:134,(anonymous_7)
FNF:8
FNH:6
FNDA:84,(anonymous_0)
FNDA:59,(anonymous_1)
FNDA:1,(anonymous_2)
FNDA:10,(anonymous_3)
FNDA:0,(anonymous_4)
FNDA:0,(anonymous_5)
FNDA:14,(anonymous_6)
FNDA:3,(anonymous_7)
DA:30,84
DA:34,59
DA:37,59
DA:40,59
DA:44,59
DA:45,59
DA:46,59
DA:49,59
DA:50,59
DA:51,59
DA:52,59
DA:57,59
DA:63,59
DA:70,1
DA:77,10
DA:83,0
DA:84,0
DA:91,0
DA:94,0
DA:96,0
DA:97,0
DA:100,0
DA:102,0
DA:103,0
DA:106,0
DA:107,0
DA:110,0
DA:111,0
DA:114,0
DA:115,0
DA:119,0
DA:120,0
DA:128,14
DA:135,3
LF:34
LH:17
BRDA:91,0,0,0
BRDA:91,0,1,0
BRDA:91,1,0,0
BRDA:91,1,1,0
BRDA:100,2,0,0
BRDA:100,2,1,0
BRDA:100,2,2,0
BRDA:100,2,3,0
BRDA:100,2,4,0
BRDA:100,2,5,0
BRF:10
BRH:0
end_of_record
TN:
SF:src\editor\engine\managers\ObjectManager.ts
FN:21,(anonymous_0)
FN:30,(anonymous_1)
FN:37,(anonymous_2)
FN:44,(anonymous_3)
FN:51,(anonymous_4)
FN:58,(anonymous_5)
FN:70,(anonymous_6)
FNF:7
FNH:3
FNDA:59,(anonymous_0)
FNDA:0,(anonymous_1)
FNDA:0,(anonymous_2)
FNDA:5,(anonymous_3)
FNDA:1,(anonymous_4)
FNDA:0,(anonymous_5)
FNDA:0,(anonymous_6)
DA:22,59
DA:23,59
DA:24,59
DA:31,0
DA:38,0
DA:45,5
DA:52,1
DA:64,0
DA:71,0
LF:9
LH:5
BRF:0
BRH:0
end_of_record
TN:
SF:src\editor\engine\managers\RecorderManager.ts
FN:26,(anonymous_0)
FN:34,(anonymous_1)
FN:68,(anonymous_2)
FN:88,(anonymous_3)
FN:101,(anonymous_4)
FN:132,(anonymous_5)
FN:157,(anonymous_6)
FN:166,(anonymous_7)
FN:198,(anonymous_8)
FN:212,(anonymous_9)
FN:226,(anonymous_10)
FN:230,(anonymous_11)
FN:245,(anonymous_12)
FN:255,(anonymous_13)
FNF:14
FNH:3
FNDA:59,(anonymous_0)
FNDA:59,(anonymous_1)
FNDA:0,(anonymous_2)
FNDA:0,(anonymous_3)
FNDA:0,(anonymous_4)
FNDA:4,(anonymous_5)
FNDA:0,(anonymous_6)
FNDA:0,(anonymous_7)
FNDA:0,(anonymous_8)
FNDA:0,(anonymous_9)
FNDA:0,(anonymous_10)
FNDA:0,(anonymous_11)
FNDA:0,(anonymous_12)
FNDA:0,(anonymous_13)
DA:11,59
DA:12,59
DA:13,59
DA:14,59
DA:17,59
DA:18,59
DA:19,59
DA:20,59
DA:21,59
DA:22,59
DA:24,59
DA:27,59
DA:28,59
DA:35,59
DA:36,59
DA:37,59
DA:38,59
DA:39,59
DA:40,59
DA:41,59
DA:42,59
DA:43,59
DA:44,59
DA:45,59
DA:46,59
DA:47,59
DA:48,59
DA:49,59
DA:50,59
DA:53,59
DA:54,59
DA:61,59
DA:62,59
DA:69,0
DA:72,0
DA:74,0
DA:75,0
DA:77,0
DA:78,0
DA:79,0
DA:80,0
DA:81,0
DA:82,0
DA:89,0
DA:91,0
DA:94,0
DA:96,0
DA:99,0
DA:100,0
DA:101,0
DA:102,0
DA:103,0
DA:104,0
DA:108,0
DA:109,0
DA:110,0
DA:113,0
DA:114,0
DA:115,0
DA:117,0
DA:118,0
DA:119,0
DA:121,0
DA:122,0
DA:124,0
DA:125,0
DA:133,4
DA:135,0
DA:136,0
DA:137,0
DA:139,0
DA:140,0
DA:142,0
DA:147,0
DA:149,0
DA:150,0
DA:158,0
DA:159,0
DA:160,0
DA:167,0
DA:169,0
DA:170,0
DA:173,0
DA:174,0
DA:177,0
DA:178,0
DA:179,0
DA:182,0
DA:184,0
DA:185,0
DA:187,0
DA:188,0
DA:191,0
DA:192,0
DA:194,0
DA:195,0
DA:198,0
DA:199,0
DA:200,0
DA:204,0
DA:205,0
DA:206,0
DA:213,0
DA:215,0
DA:216,0
DA:217,0
DA:218,0
DA:220,0
DA:226,0
DA:227,0
DA:229,0
DA:230,0
DA:231,0
DA:234,0
DA:235,0
DA:238,0
DA:246,0
DA:247,0
DA:248,0
DA:249,0
DA:250,0
DA:251,0
DA:252,0
DA:253,0
DA:255,0
DA:256,0
DA:257,0
LF:127
LH:34
BRDA:72,0,0,0
BRDA:72,0,1,0
BRDA:89,1,0,0
BRDA:89,1,1,0
BRDA:89,2,0,0
BRDA:89,2,1,0
BRDA:94,3,0,0
BRDA:94,3,1,0
BRDA:102,4,0,0
BRDA:102,4,1,0
BRDA:108,5,0,0
BRDA:108,5,1,0
BRDA:133,6,0,4
BRDA:133,6,1,0
BRDA:149,7,0,0
BRDA:149,7,1,0
BRDA:167,8,0,0
BRDA:167,8,1,0
BRDA:169,9,0,0
BRDA:169,9,1,0
BRDA:178,10,0,0
BRDA:178,10,1,0
BRDA:194,11,0,0
BRDA:194,11,1,0
BRDA:199,12,0,0
BRDA:199,12,1,0
BRDA:213,13,0,0
BRDA:213,13,1,0
BRDA:213,14,0,0
BRDA:213,14,1,0
BRDA:217,15,0,0
BRDA:217,15,1,0
BRDA:229,16,0,0
BRDA:229,16,1,0
BRDA:234,17,0,0
BRDA:234,17,1,0
BRF:36
BRH:1
end_of_record
TN:
SF:src\editor\engine\managers\SceneManager.ts
FN:25,(anonymous_0)
FN:113,(anonymous_1)
FN:148,(anonymous_2)
FN:160,(anonymous_3)
FN:189,(anonymous_4)
FN:235,(anonymous_5)
FN:251,(anonymous_6)
FN:261,(anonymous_7)
FN:273,(anonymous_8)
FN:282,(anonymous_9)
FN:304,(anonymous_10)
FN:331,(anonymous_11)
FN:356,(anonymous_12)
FNF:13
FNH:5
FNDA:59,(anonymous_0)
FNDA:59,(anonymous_1)
FNDA:0,(anonymous_2)
FNDA:0,(anonymous_3)
FNDA:59,(anonymous_4)
FNDA:59,(anonymous_5)
FNDA:0,(anonymous_6)
FNDA:0,(anonymous_7)
FNDA:0,(anonymous_8)
FNDA:0,(anonymous_9)
FNDA:0,(anonymous_10)
FNDA:0,(anonymous_11)
FNDA:63,(anonymous_12)
DA:18,59
DA:19,59
DA:20,59
DA:23,59
DA:26,59
DA:27,59
DA:28,59
DA:29,59
DA:32,59
DA:33,59
DA:36,59
DA:42,59
DA:45,59
DA:46,59
DA:54,59
DA:55,59
DA:57,59
DA:60,59
DA:67,59
DA:68,59
DA:69,59
DA:70,59
DA:71,59
DA:72,59
DA:73,59
DA:75,59
DA:78,59
DA:82,59
DA:83,59
DA:84,59
DA:85,59
DA:86,59
DA:87,59
DA:89,59
DA:95,59
DA:96,59
DA:99,59
DA:103,59
DA:104,59
DA:105,59
DA:106,59
DA:107,59
DA:114,59
DA:116,59
DA:117,59
DA:118,59
DA:119,59
DA:120,59
DA:121,59
DA:122,59
DA:123,59
DA:124,59
DA:126,59
DA:127,59
DA:128,59
DA:129,59
DA:130,59
DA:131,59
DA:132,59
DA:133,59
DA:134,59
DA:136,59
DA:138,59
DA:139,0
DA:142,59
DA:149,0
DA:150,0
DA:151,0
DA:152,0
DA:161,0
DA:162,0
DA:165,0
DA:166,0
DA:168,0
DA:169,0
DA:174,0
DA:175,0
DA:176,0
DA:178,0
DA:179,0
DA:182,0
DA:183,0
DA:191,59
DA:192,59
DA:195,59
DA:196,59
DA:197,59
DA:198,59
DA:199,59
DA:201,59
DA:202,59
DA:203,59
DA:204,59
DA:205,59
DA:206,59
DA:208,59
DA:211,59
DA:212,59
DA:214,59
DA:215,59
DA:216,59
DA:217,59
DA:218,59
DA:220,59
DA:221,59
DA:224,59
DA:225,59
DA:226,59
DA:227,59
DA:236,59
DA:238,59
DA:239,59
DA:241,59
DA:242,59
DA:244,59
DA:245,59
DA:252,0
DA:253,0
DA:254,0
DA:262,0
DA:263,0
DA:264,0
DA:265,0
DA:274,0
DA:275,0
DA:283,0
DA:284,0
DA:286,0
DA:287,0
DA:288,0
DA:289,0
DA:291,0
DA:294,0
DA:295,0
DA:297,0
DA:298,0
DA:305,0
DA:306,0
DA:308,0
DA:310,0
DA:311,0
DA:312,0
DA:313,0
DA:314,0
DA:315,0
DA:318,0
DA:321,0
DA:322,0
DA:324,0
DA:325,0
DA:331,0
DA:332,0
DA:334,0
DA:335,0
DA:337,0
DA:338,0
DA:340,0
DA:341,0
DA:342,0
DA:343,0
DA:344,0
DA:345,0
DA:346,0
DA:348,0
DA:350,0
DA:357,63
DA:358,63
DA:359,63
DA:360,59
DA:365,63
DA:366,63
LF:171
LH:104
BRDA:138,0,0,0
BRDA:138,0,1,59
BRDA:149,1,0,0
BRDA:149,1,1,0
BRDA:150,2,0,0
BRDA:150,2,1,0
BRDA:151,3,0,0
BRDA:151,3,1,0
BRDA:161,4,0,0
BRDA:161,4,1,0
BRDA:161,5,0,0
BRDA:161,5,1,0
BRDA:174,6,0,0
BRDA:174,6,1,0
BRDA:236,7,0,0
BRDA:236,7,1,59
BRDA:236,8,0,59
BRDA:236,8,1,59
BRDA:253,9,0,0
BRDA:253,9,1,0
BRDA:262,10,0,0
BRDA:262,10,1,0
BRDA:264,11,0,0
BRDA:264,11,1,0
BRDA:274,12,0,0
BRDA:274,12,1,0
BRDA:286,13,0,0
BRDA:286,13,1,0
BRDA:310,14,0,0
BRDA:310,14,1,0
BRDA:312,15,0,0
BRDA:312,15,1,0
BRDA:314,16,0,0
BRDA:314,16,1,0
BRDA:332,17,0,0
BRDA:332,17,1,0
BRDA:359,18,0,59
BRDA:359,18,1,4
BRF:38
BRH:6
end_of_record
TN:
SF:src\editor\engine\managers\ToolsManager.ts
FN:42,(anonymous_0)
FN:61,(anonymous_1)
FN:69,(anonymous_2)
FN:77,(anonymous_3)
FN:85,(anonymous_4)
FN:96,(anonymous_5)
FN:119,(anonymous_6)
FN:131,(anonymous_7)
FN:138,(anonymous_8)
FN:155,(anonymous_9)
FN:162,(anonymous_10)
FN:180,(anonymous_11)
FN:188,(anonymous_12)
FN:196,(anonymous_13)
FN:209,(anonymous_14)
FN:216,(anonymous_15)
FN:226,(anonymous_16)
FN:242,(anonymous_17)
FN:254,(anonymous_18)
FNF:19
FNH:2
FNDA:59,(anonymous_0)
FNDA:0,(anonymous_1)
FNDA:0,(anonymous_2)
FNDA:0,(anonymous_3)
FNDA:0,(anonymous_4)
FNDA:0,(anonymous_5)
FNDA:22,(anonymous_6)
FNDA:0,(anonymous_7)
FNDA:0,(anonymous_8)
FNDA:0,(anonymous_9)
FNDA:0,(anonymous_10)
FNDA:0,(anonymous_11)
FNDA:0,(anonymous_12)
FNDA:0,(anonymous_13)
FNDA:0,(anonymous_14)
FNDA:0,(anonymous_15)
FNDA:0,(anonymous_16)
FNDA:0,(anonymous_17)
FNDA:0,(anonymous_18)
DA:46,59
DA:47,59
DA:48,59
DA:49,59
DA:50,59
DA:62,0
DA:70,0
DA:78,0
DA:86,0
DA:98,0
DA:101,0
DA:104,0
DA:107,0
DA:110,0
DA:111,0
DA:112,0
DA:120,22
DA:132,0
DA:139,0
DA:142,0
DA:143,0
DA:144,0
DA:156,0
DA:163,0
DA:166,0
DA:167,0
DA:168,0
DA:181,0
DA:189,0
DA:197,0
DA:210,0
DA:217,0
DA:231,0
DA:243,0
DA:255,0
LF:35
LH:6
BRDA:111,0,0,0
BRDA:111,0,1,0
BRF:2
BRH:0
end_of_record
TN:
SF:src\editor\engine\managers\WalkManager.ts
FN:79,(anonymous_0)
FN:106,(anonymous_1)
FN:116,(anonymous_2)
FN:127,(anonymous_3)
FN:144,(anonymous_4)
FN:168,(anonymous_5)
FN:172,(anonymous_6)
FN:176,(anonymous_7)
FN:180,(anonymous_8)
FN:193,(anonymous_9)
FN:199,(anonymous_10)
FN:210,(anonymous_11)
FN:258,(anonymous_12)
FN:294,(anonymous_13)
FN:300,(anonymous_14)
FN:316,(anonymous_15)
FN:324,(anonymous_16)
FN:332,(anonymous_17)
FN:350,(anonymous_18)
FN:358,(anonymous_19)
FN:368,(anonymous_20)
FN:384,(anonymous_21)
FNF:22
FNH:7
FNDA:59,(anonymous_0)
FNDA:59,(anonymous_1)
FNDA:59,(anonymous_2)
FNDA:59,(anonymous_3)
FNDA:59,(anonymous_4)
FNDA:0,(anonymous_5)
FNDA:0,(anonymous_6)
FNDA:2,(anonymous_7)
FNDA:4,(anonymous_8)
FNDA:0,(anonymous_9)
FNDA:0,(anonymous_10)
FNDA:0,(anonymous_11)
FNDA:0,(anonymous_12)
FNDA:0,(anonymous_13)
FNDA:0,(anonymous_14)
FNDA:0,(anonymous_15)
FNDA:0,(anonymous_16)
FNDA:0,(anonymous_17)
FNDA:0,(anonymous_18)
FNDA:0,(anonymous_19)
FNDA:0,(anonymous_20)
FNDA:0,(anonymous_21)
DA:54,59
DA:57,59
DA:72,59
DA:80,59
DA:82,59
DA:83,59
DA:86,59
DA:90,59
DA:93,59
DA:96,59
DA:99,59
DA:108,59
DA:109,59
DA:112,59
DA:113,59
DA:117,59
DA:118,59
DA:121,59
DA:122,59
DA:124,59
DA:128,59
DA:145,59
DA:169,0
DA:173,0
DA:177,2
DA:181,4
DA:183,0
DA:184,0
DA:185,0
DA:186,0
DA:193,0
DA:194,0
DA:195,0
DA:199,0
DA:200,0
DA:201,0
DA:202,0
DA:210,0
DA:212,0
DA:214,0
DA:218,0
DA:219,0
DA:223,0
DA:224,0
DA:229,0
DA:230,0
DA:234,0
DA:235,0
DA:239,0
DA:240,0
DA:243,0
DA:244,0
DA:248,0
DA:249,0
DA:253,0
DA:254,0
DA:258,0
DA:259,0
DA:262,0
DA:263,0
DA:267,0
DA:268,0
DA:272,0
DA:273,0
DA:277,0
DA:278,0
DA:281,0
DA:282,0
DA:285,0
DA:286,0
DA:289,0
DA:290,0
DA:295,0
DA:296,0
DA:301,0
DA:317,0
DA:319,0
DA:320,0
DA:321,0
DA:325,0
DA:326,0
DA:327,0
DA:329,0
DA:333,0
DA:336,0
DA:337,0
DA:340,0
DA:341,0
DA:345,0
DA:346,0
DA:351,0
DA:352,0
DA:354,0
DA:355,0
DA:359,0
DA:369,0
DA:371,0
DA:373,0
DA:374,0
DA:376,0
DA:386,0
DA:387,0
DA:388,0
DA:389,0
DA:392,0
DA:393,0
DA:394,0
DA:398,0
DA:399,0
LF:109
LH:24
BRDA:181,0,0,4
BRDA:181,0,1,0
BRDA:194,1,0,0
BRDA:194,1,1,0
BRDA:201,2,0,0
BRDA:201,2,1,0
BRDA:212,3,0,0
BRDA:212,3,1,0
BRDA:214,4,0,0
BRDA:214,4,1,0
BRDA:214,4,2,0
BRDA:214,4,3,0
BRDA:214,4,4,0
BRDA:214,4,5,0
BRDA:214,4,6,0
BRDA:214,4,7,0
BRDA:214,4,8,0
BRDA:214,4,9,0
BRDA:214,4,10,0
BRDA:214,4,11,0
BRDA:259,5,0,0
BRDA:259,5,1,0
BRDA:259,5,2,0
BRDA:259,5,3,0
BRDA:259,5,4,0
BRDA:259,5,5,0
BRDA:259,5,6,0
BRDA:259,5,7,0
BRDA:259,5,8,0
BRDA:259,5,9,0
BRDA:259,5,10,0
BRDA:296,6,0,0
BRDA:296,6,1,0
BRDA:336,7,0,0
BRDA:336,7,1,0
BRDA:336,8,0,0
BRDA:336,8,1,0
BRDA:340,9,0,0
BRDA:340,9,1,0
BRDA:340,10,0,0
BRDA:340,10,1,0
BRDA:345,11,0,0
BRDA:345,11,1,0
BRDA:345,12,0,0
BRDA:345,12,1,0
BRDA:359,13,0,0
BRDA:359,13,1,0
BRDA:369,14,0,0
BRDA:369,14,1,0
BRDA:373,15,0,0
BRDA:373,15,1,0
BRDA:392,16,0,0
BRDA:392,16,1,0
BRDA:392,17,0,0
BRDA:392,17,1,0
BRF:55
BRH:1
end_of_record
TN:
SF:src\editor\engine\managers\markers\EditMarkerController.ts
FN:29,(anonymous_0)
FN:40,(anonymous_1)
FN:51,(anonymous_2)
FN:80,(anonymous_3)
FN:84,(anonymous_4)
FN:87,(anonymous_5)
FN:105,(anonymous_6)
FN:116,(anonymous_7)
FN:124,(anonymous_8)
FN:142,(anonymous_9)
FN:148,(anonymous_10)
FN:167,(anonymous_11)
FN:179,(anonymous_12)
FN:180,(anonymous_13)
FN:201,(anonymous_14)
FN:240,(anonymous_15)
FN:241,(anonymous_16)
FN:253,(anonymous_17)
FN:282,(anonymous_18)
FN:318,(anonymous_19)
FN:319,(anonymous_20)
FN:330,(anonymous_21)
FNF:22
FNH:2
FNDA:59,(anonymous_0)
FNDA:0,(anonymous_1)
FNDA:0,(anonymous_2)
FNDA:0,(anonymous_3)
FNDA:0,(anonymous_4)
FNDA:0,(anonymous_5)
FNDA:0,(anonymous_6)
FNDA:0,(anonymous_7)
FNDA:0,(anonymous_8)
FNDA:0,(anonymous_9)
FNDA:0,(anonymous_10)
FNDA:0,(anonymous_11)
FNDA:0,(anonymous_12)
FNDA:0,(anonymous_13)
FNDA:0,(anonymous_14)
FNDA:0,(anonymous_15)
FNDA:0,(anonymous_16)
FNDA:0,(anonymous_17)
FNDA:0,(anonymous_18)
FNDA:22,(anonymous_19)
FNDA:0,(anonymous_20)
FNDA:0,(anonymous_21)
DA:25,59
DA:26,59
DA:27,59
DA:30,59
DA:41,0
DA:42,0
DA:44,0
DA:45,0
DA:46,0
DA:47,0
DA:51,0
DA:52,0
DA:53,0
DA:54,0
DA:57,0
DA:58,0
DA:59,0
DA:62,0
DA:67,0
DA:69,0
DA:70,0
DA:81,0
DA:83,0
DA:84,0
DA:85,0
DA:87,0
DA:88,0
DA:89,0
DA:90,0
DA:92,0
DA:93,0
DA:94,0
DA:95,0
DA:106,0
DA:107,0
DA:108,0
DA:110,0
DA:112,0
DA:113,0
DA:115,0
DA:116,0
DA:118,0
DA:120,0
DA:121,0
DA:122,0
DA:124,0
DA:125,0
DA:127,0
DA:128,0
DA:129,0
DA:130,0
DA:143,0
DA:144,0
DA:146,0
DA:148,0
DA:151,0
DA:153,0
DA:154,0
DA:159,0
DA:160,0
DA:168,0
DA:169,0
DA:170,0
DA:171,0
DA:180,0
DA:181,0
DA:182,0
DA:183,0
DA:185,0
DA:186,0
DA:188,0
DA:189,0
DA:190,0
DA:191,0
DA:193,0
DA:202,0
DA:203,0
DA:206,0
DA:207,0
DA:208,0
DA:209,0
DA:210,0
DA:215,0
DA:216,0
DA:217,0
DA:218,0
DA:220,0
DA:221,0
DA:222,0
DA:223,0
DA:224,0
DA:228,0
DA:241,0
DA:242,0
DA:243,0
DA:258,0
DA:259,0
DA:261,0
DA:263,0
DA:267,0
DA:271,0
DA:272,0
DA:273,0
DA:283,0
DA:285,0
DA:286,0
DA:287,0
DA:289,0
DA:290,0
DA:291,0
DA:293,0
DA:296,0
DA:300,0
DA:303,0
DA:304,0
DA:305,0
DA:307,0
DA:308,0
DA:310,0
DA:311,0
DA:312,0
DA:319,22
DA:320,22
DA:321,22
DA:322,22
DA:323,22
DA:331,0
LF:127
LH:9
BRDA:45,0,0,0
BRDA:45,0,1,0
BRDA:81,1,0,0
BRDA:81,1,1,0
BRDA:85,2,0,0
BRDA:85,2,1,0
BRDA:85,3,0,0
BRDA:85,3,1,0
BRDA:85,3,2,0
BRDA:90,4,0,0
BRDA:90,4,1,0
BRDA:110,5,0,0
BRDA:110,5,1,0
BRDA:110,6,0,0
BRDA:110,6,1,0
BRDA:113,7,0,0
BRDA:113,7,1,0
BRDA:118,8,0,0
BRDA:118,8,1,0
BRDA:118,9,0,0
BRDA:118,9,1,0
BRDA:118,9,2,0
BRDA:127,10,0,0
BRDA:127,10,1,0
BRDA:129,11,0,0
BRDA:129,11,1,0
BRDA:143,12,0,0
BRDA:143,12,1,0
BRDA:146,13,0,0
BRDA:146,13,1,0
BRDA:153,14,0,0
BRDA:153,14,1,0
BRDA:168,15,0,0
BRDA:168,15,1,0
BRDA:183,16,0,0
BRDA:183,16,1,0
BRDA:189,17,0,0
BRDA:189,17,1,0
BRDA:190,18,0,0
BRDA:190,18,1,0
BRDA:191,19,0,0
BRDA:191,19,1,0
BRDA:206,20,0,0
BRDA:206,20,1,0
BRDA:209,21,0,0
BRDA:209,21,1,0
BRDA:209,22,0,0
BRDA:209,22,1,0
BRDA:215,23,0,0
BRDA:215,23,1,0
BRDA:220,24,0,0
BRDA:220,24,1,0
BRDA:220,25,0,0
BRDA:220,25,1,0
BRDA:220,25,2,0
BRDA:261,26,0,0
BRDA:261,26,1,0
BRDA:261,27,0,0
BRDA:261,27,1,0
BRDA:283,28,0,0
BRDA:283,28,1,0
BRDA:293,29,0,0
BRDA:293,29,1,0
BRDA:293,30,0,0
BRDA:293,30,1,0
BRDA:293,30,2,0
BRF:66
BRH:0
end_of_record
TN:
SF:src\editor\engine\managers\objects\FenceBuilder.ts
FN:11,(anonymous_0)
FN:15,(anonymous_1)
FN:18,(anonymous_2)
FN:39,(anonymous_3)
FN:53,(anonymous_4)
FN:123,(anonymous_5)
FN:144,(anonymous_6)
FN:166,(anonymous_7)
FN:273,(anonymous_8)
FNF:9
FNH:9
FNDA:59,(anonymous_0)
FNDA:1,(anonymous_1)
FNDA:2,(anonymous_2)
FNDA:1,(anonymous_3)
FNDA:43,(anonymous_4)
FNDA:1,(anonymous_5)
FNDA:1,(anonymous_6)
FNDA:1,(anonymous_7)
FNDA:1,(anonymous_8)
DA:12,59
DA:16,1
DA:18,2
DA:19,1
DA:20,1
DA:22,1
DA:23,1
DA:24,1
DA:25,1
DA:27,1
DA:36,1
DA:43,1
DA:45,1
DA:46,1
DA:50,1
DA:51,1
DA:53,1
DA:61,43
DA:62,43
DA:63,43
DA:64,43
DA:65,43
DA:66,43
DA:67,43
DA:71,1
DA:72,1
DA:73,1
DA:79,1
DA:80,1
DA:81,1
DA:82,1
DA:83,1
DA:90,1
DA:91,1
DA:109,1
DA:110,1
DA:120,1
DA:125,1
DA:126,0
DA:132,0
DA:134,1
DA:139,1
DA:141,1
DA:145,1
DA:148,1
DA:149,1
DA:155,0
DA:161,0
DA:163,1
DA:188,1
DA:189,1
DA:192,1
DA:193,1
DA:194,1
DA:195,1
DA:197,1
DA:198,3
DA:199,3
DA:200,3
DA:201,3
DA:202,3
DA:205,3
DA:215,3
DA:216,3
DA:217,3
DA:225,3
DA:236,3
DA:237,0
DA:238,0
DA:247,3
DA:256,3
DA:257,33
DA:258,33
DA:259,33
DA:260,33
DA:277,1
DA:278,1
DA:279,3
DA:280,3
DA:281,3
DA:285,3
DA:287,3
DA:288,43
DA:289,43
DA:292,3
DA:293,3
DA:294,3
DA:295,3
DA:296,3
DA:299,1
LF:90
LH:84
BRDA:16,0,0,0
BRDA:16,0,1,1
BRDA:16,1,0,1
BRDA:16,1,1,1
BRDA:16,1,2,1
BRDA:20,2,0,0
BRDA:20,2,1,1
BRDA:23,3,0,1
BRDA:23,3,1,0
BRDA:24,4,0,1
BRDA:24,4,1,0
BRDA:25,5,0,1
BRDA:25,5,1,0
BRDA:43,6,0,0
BRDA:43,6,1,1
BRDA:43,7,0,1
BRDA:43,7,1,1
BRDA:45,8,0,1
BRDA:45,8,1,0
BRDA:61,9,0,3
BRDA:61,9,1,40
BRDA:85,10,0,1
BRDA:85,10,1,1
BRDA:86,11,0,1
BRDA:86,11,1,1
BRDA:125,12,0,0
BRDA:125,12,1,1
BRDA:145,13,0,0
BRDA:145,13,1,1
BRDA:148,14,0,1
BRDA:148,14,1,0
BRDA:215,15,0,3
BRDA:215,15,1,0
BRDA:236,16,0,0
BRDA:236,16,1,3
BRDA:247,17,0,0
BRDA:247,17,1,3
BRDA:252,18,0,3
BRDA:252,18,1,0
BRF:39
BRH:25
end_of_record
TN:
SF:src\editor\engine\managers\objects\FloorBuilder.ts
FN:12,(anonymous_0)
FN:38,(anonymous_1)
FN:87,(anonymous_2)
FN:102,(anonymous_3)
FNF:4
FNH:4
FNDA:59,(anonymous_0)
FNDA:5,(anonymous_1)
FNDA:5,(anonymous_2)
FNDA:5,(anonymous_3)
DA:13,59
DA:14,59
DA:17,59
DA:39,5
DA:40,0
DA:44,5
DA:47,5
DA:48,5
DA:49,5
DA:50,15
DA:52,5
DA:54,5
DA:58,5
DA:61,5
DA:64,5
DA:66,5
DA:67,5
DA:68,5
DA:69,5
DA:70,5
DA:71,5
DA:73,5
DA:84,5
DA:88,5
DA:89,5
DA:90,5
DA:91,5
DA:93,5
DA:94,180
DA:95,180
DA:96,180
DA:97,180
DA:98,180
DA:103,5
DA:104,0
DA:105,0
DA:106,0
DA:107,0
DA:113,5
DA:114,5
LF:40
LH:35
BRDA:39,0,0,0
BRDA:39,0,1,5
BRDA:39,1,0,5
BRDA:39,1,1,5
BRDA:39,1,2,5
BRDA:69,2,0,5
BRDA:69,2,1,0
BRDA:70,3,0,5
BRDA:70,3,1,0
BRDA:71,4,0,5
BRDA:71,4,1,0
BRDA:90,5,0,5
BRDA:90,5,1,5
BRDA:91,6,0,5
BRDA:91,6,1,5
BRDA:103,7,0,0
BRDA:103,7,1,5
BRDA:113,8,0,5
BRDA:113,8,1,0
BRF:19
BRH:13
end_of_record
TN:
SF:src\editor\engine\managers\objects\ModelLoader.ts
FN:18,(anonymous_0)
FN:23,(anonymous_1)
FN:33,(anonymous_2)
FN:58,(anonymous_3)
FN:87,(anonymous_4)
FN:149,(anonymous_5)
FN:174,(anonymous_6)
FN:180,(anonymous_7)
FN:191,(anonymous_8)
FNF:9
FNH:1
FNDA:59,(anonymous_0)
FNDA:0,(anonymous_1)
FNDA:0,(anonymous_2)
FNDA:0,(anonymous_3)
FNDA:0,(anonymous_4)
FNDA:0,(anonymous_5)
FNDA:0,(anonymous_6)
FNDA:0,(anonymous_7)
FNDA:0,(anonymous_8)
DA:16,59
DA:19,59
DA:20,59
DA:24,0
DA:25,0
DA:28,0
DA:29,0
DA:30,0
DA:34,0
DA:36,0
DA:37,0
DA:38,0
DA:39,0
DA:40,0
DA:41,0
DA:43,0
DA:51,0
DA:52,0
DA:54,0
DA:64,0
DA:66,0
DA:67,0
DA:68,0
DA:70,0
DA:73,0
DA:74,0
DA:75,0
DA:77,0
DA:78,0
DA:79,0
DA:87,0
DA:88,0
DA:89,0
DA:90,0
DA:91,0
DA:93,0
DA:95,0
DA:98,0
DA:105,0
DA:106,0
DA:107,0
DA:108,0
DA:109,0
DA:114,0
DA:115,0
DA:117,0
DA:118,0
DA:119,0
DA:127,0
DA:144,0
DA:145,0
DA:148,0
DA:149,0
DA:150,0
DA:151,0
DA:152,0
DA:153,0
DA:155,0
DA:158,0
DA:166,0
DA:168,0
DA:170,0
DA:175,0
DA:176,0
DA:177,0
DA:181,0
DA:182,0
DA:183,0
DA:191,0
DA:192,0
DA:193,0
DA:194,0
DA:195,0
DA:197,0
DA:199,0
DA:202,0
DA:209,0
DA:210,0
DA:211,0
DA:212,0
DA:213,0
DA:214,0
LF:82
LH:3
BRDA:24,0,0,0
BRDA:24,0,1,0
BRDA:34,1,0,0
BRDA:34,1,1,0
BRDA:34,2,0,0
BRDA:34,2,1,0
BRDA:64,3,0,0
BRDA:64,3,1,0
BRDA:70,4,0,0
BRDA:70,4,1,0
BRDA:88,5,0,0
BRDA:88,5,1,0
BRDA:95,6,0,0
BRDA:95,6,1,0
BRDA:98,7,0,0
BRDA:98,7,1,0
BRDA:98,7,2,0
BRDA:98,7,3,0
BRDA:98,7,4,0
BRDA:98,7,5,0
BRDA:105,8,0,0
BRDA:105,8,1,0
BRDA:151,9,0,0
BRDA:151,9,1,0
BRDA:192,10,0,0
BRDA:192,10,1,0
BRDA:199,11,0,0
BRDA:199,11,1,0
BRDA:202,12,0,0
BRDA:202,12,1,0
BRDA:202,12,2,0
BRDA:202,12,3,0
BRDA:202,12,4,0
BRDA:202,12,5,0
BRDA:209,13,0,0
BRDA:209,13,1,0
BRF:36
BRH:0
end_of_record
TN:
SF:src\editor\engine\managers\tools\CADTool.ts
FN:14,(anonymous_0)
FN:21,(anonymous_1)
FN:22,(anonymous_2)
FN:34,(anonymous_3)
FN:39,(anonymous_4)
FN:56,(anonymous_5)
FN:93,(anonymous_6)
FN:94,(anonymous_7)
FN:108,(anonymous_8)
FN:114,(anonymous_9)
FN:133,(anonymous_10)
FN:145,(anonymous_11)
FN:153,(anonymous_12)
FN:154,(anonymous_13)
FN:174,(anonymous_14)
FN:215,(anonymous_15)
FN:250,(anonymous_16)
FNF:17
FNH:1
FNDA:59,(anonymous_0)
FNDA:0,(anonymous_1)
FNDA:0,(anonymous_2)
FNDA:0,(anonymous_3)
FNDA:0,(anonymous_4)
FNDA:0,(anonymous_5)
FNDA:0,(anonymous_6)
FNDA:0,(anonymous_7)
FNDA:0,(anonymous_8)
FNDA:0,(anonymous_9)
FNDA:0,(anonymous_10)
FNDA:0,(anonymous_11)
FNDA:0,(anonymous_12)
FNDA:0,(anonymous_13)
FNDA:0,(anonymous_14)
FNDA:0,(anonymous_15)
FNDA:0,(anonymous_16)
DA:11,59
DA:12,59
DA:15,59
DA:22,0
DA:23,0
DA:24,0
DA:26,0
DA:35,0
DA:37,0
DA:39,0
DA:40,0
DA:44,0
DA:45,0
DA:46,0
DA:47,0
DA:57,0
DA:58,0
DA:60,0
DA:61,0
DA:64,0
DA:65,0
DA:66,0
DA:67,0
DA:68,0
DA:73,0
DA:74,0
DA:75,0
DA:76,0
DA:78,0
DA:79,0
DA:80,0
DA:81,0
DA:85,0
DA:94,0
DA:109,0
DA:110,0
DA:112,0
DA:114,0
DA:117,0
DA:119,0
DA:120,0
DA:125,0
DA:126,0
DA:134,0
DA:135,0
DA:136,0
DA:137,0
DA:146,0
DA:154,0
DA:155,0
DA:156,0
DA:158,0
DA:159,0
DA:161,0
DA:162,0
DA:163,0
DA:164,0
DA:166,0
DA:175,0
DA:176,0
DA:179,0
DA:180,0
DA:181,0
DA:182,0
DA:183,0
DA:188,0
DA:189,0
DA:190,0
DA:191,0
DA:193,0
DA:194,0
DA:195,0
DA:196,0
DA:197,0
DA:201,0
DA:221,0
DA:222,0
DA:224,0
DA:226,0
DA:230,0
DA:234,0
DA:236,0
DA:237,0
DA:240,0
DA:254,0
DA:256,0
DA:257,0
DA:258,0
DA:260,0
DA:261,0
DA:262,0
DA:264,0
DA:267,0
DA:271,0
DA:274,0
DA:275,0
DA:276,0
DA:278,0
DA:279,0
DA:281,0
DA:283,0
DA:284,0
DA:287,0
LF:103
LH:3
BRDA:64,0,0,0
BRDA:64,0,1,0
BRDA:67,1,0,0
BRDA:67,1,1,0
BRDA:67,2,0,0
BRDA:67,2,1,0
BRDA:73,3,0,0
BRDA:73,3,1,0
BRDA:78,4,0,0
BRDA:78,4,1,0
BRDA:78,5,0,0
BRDA:78,5,1,0
BRDA:78,5,2,0
BRDA:109,6,0,0
BRDA:109,6,1,0
BRDA:112,7,0,0
BRDA:112,7,1,0
BRDA:119,8,0,0
BRDA:119,8,1,0
BRDA:134,9,0,0
BRDA:134,9,1,0
BRDA:156,10,0,0
BRDA:156,10,1,0
BRDA:162,11,0,0
BRDA:162,11,1,0
BRDA:163,12,0,0
BRDA:163,12,1,0
BRDA:164,13,0,0
BRDA:164,13,1,0
BRDA:179,14,0,0
BRDA:179,14,1,0
BRDA:182,15,0,0
BRDA:182,15,1,0
BRDA:182,16,0,0
BRDA:182,16,1,0
BRDA:188,17,0,0
BRDA:188,17,1,0
BRDA:193,18,0,0
BRDA:193,18,1,0
BRDA:193,19,0,0
BRDA:193,19,1,0
BRDA:193,19,2,0
BRDA:224,20,0,0
BRDA:224,20,1,0
BRDA:224,21,0,0
BRDA:224,21,1,0
BRDA:236,22,0,0
BRDA:236,22,1,0
BRDA:254,23,0,0
BRDA:254,23,1,0
BRDA:264,24,0,0
BRDA:264,24,1,0
BRDA:264,25,0,0
BRDA:264,25,1,0
BRDA:264,25,2,0
BRDA:283,26,0,0
BRDA:283,26,1,0
BRF:57
BRH:0
end_of_record
TN:
SF:src\editor\engine\managers\tools\FenceTool.ts
FN:34,(anonymous_0)
FN:41,(anonymous_1)
FN:42,(anonymous_2)
FN:57,(anonymous_3)
FN:85,(anonymous_4)
FN:103,(anonymous_5)
FN:110,(anonymous_6)
FN:120,(anonymous_7)
FN:147,(anonymous_8)
FN:164,(anonymous_9)
FN:284,(anonymous_10)
FN:303,(anonymous_11)
FN:322,(anonymous_12)
FN:333,(anonymous_13)
FN:360,(anonymous_14)
FN:379,(anonymous_15)
FN:394,(anonymous_16)
FN:403,(anonymous_17)
FN:411,(anonymous_18)
FN:419,(anonymous_19)
FN:427,(anonymous_20)
FNF:21
FNH:7
FNDA:59,(anonymous_0)
FNDA:0,(anonymous_1)
FNDA:0,(anonymous_2)
FNDA:0,(anonymous_3)
FNDA:0,(anonymous_4)
FNDA:0,(anonymous_5)
FNDA:0,(anonymous_6)
FNDA:0,(anonymous_7)
FNDA:6,(anonymous_8)
FNDA:0,(anonymous_9)
FNDA:6,(anonymous_10)
FNDA:6,(anonymous_11)
FNDA:6,(anonymous_12)
FNDA:6,(anonymous_13)
FNDA:6,(anonymous_14)
FNDA:0,(anonymous_15)
FNDA:0,(anonymous_16)
FNDA:0,(anonymous_17)
FNDA:0,(anonymous_18)
FNDA:0,(anonymous_19)
FNDA:0,(anonymous_20)
DA:30,59
DA:31,59
DA:32,59
DA:35,59
DA:42,0
DA:43,0
DA:45,0
DA:46,0
DA:48,0
DA:50,0
DA:58,0
DA:59,0
DA:62,0
DA:66,0
DA:69,0
DA:71,0
DA:75,0
DA:76,0
DA:77,0
DA:79,0
DA:86,0
DA:87,0
DA:90,0
DA:91,0
DA:92,0
DA:96,0
DA:104,0
DA:111,0
DA:113,0
DA:114,0
DA:116,0
DA:117,0
DA:120,0
DA:125,0
DA:138,0
DA:139,0
DA:148,0
DA:151,0
DA:153,0
DA:155,0
DA:164,0
DA:165,0
DA:167,0
DA:168,0
DA:169,0
DA:171,0
DA:174,0
DA:175,0
DA:176,0
DA:178,0
DA:179,0
DA:181,0
DA:182,0
DA:185,0
DA:186,0
DA:187,0
DA:188,0
DA:191,0
DA:193,0
DA:196,0
DA:199,0
DA:201,0
DA:202,0
DA:205,0
DA:206,0
DA:207,0
DA:208,0
DA:215,0
DA:216,0
DA:223,0
DA:233,0
DA:234,0
DA:236,0
DA:240,0
DA:242,0
DA:243,0
DA:245,0
DA:246,0
DA:252,0
DA:268,0
DA:269,0
DA:272,0
DA:273,0
DA:274,0
DA:276,0
DA:278,0
DA:285,0
DA:287,0
DA:288,0
DA:289,0
DA:290,0
DA:291,0
DA:294,0
DA:295,0
DA:296,0
DA:297,0
DA:306,0
DA:308,0
DA:309,0
DA:310,0
DA:311,0
DA:312,0
DA:315,0
DA:316,0
DA:323,0
DA:324,0
DA:325,0
DA:327,0
DA:341,0
DA:347,0
DA:350,0
DA:351,0
DA:352,0
DA:353,0
DA:354,0
DA:366,0
DA:368,0
DA:373,0
DA:379,0
DA:380,0
DA:382,0
DA:395,0
DA:404,0
DA:412,0
DA:420,0
DA:428,0
LF:126
LH:4
BRDA:45,0,0,0
BRDA:45,0,1,0
BRDA:62,1,0,0
BRDA:62,1,1,0
BRDA:63,2,0,0
BRDA:63,2,1,0
BRDA:86,3,0,0
BRDA:86,3,1,0
BRDA:90,4,0,0
BRDA:90,4,1,0
BRDA:111,5,0,0
BRDA:111,5,1,0
BRDA:153,6,0,0
BRDA:153,6,1,0
BRDA:165,7,0,0
BRDA:165,7,1,0
BRDA:178,8,0,0
BRDA:178,8,1,0
BRDA:179,9,0,0
BRDA:179,9,1,0
BRDA:191,10,0,0
BRDA:191,10,1,0
BRDA:215,11,0,0
BRDA:215,11,1,0
BRDA:233,12,0,0
BRDA:233,12,1,0
BRDA:234,13,0,0
BRDA:234,13,1,0
BRDA:240,14,0,0
BRDA:240,14,1,0
BRDA:273,15,0,0
BRDA:273,15,1,0
BRDA:285,16,0,0
BRDA:285,16,1,0
BRDA:287,17,0,0
BRDA:287,17,1,0
BRDA:288,18,0,0
BRDA:288,18,1,0
BRDA:294,19,0,0
BRDA:294,19,1,0
BRDA:306,20,0,0
BRDA:306,20,1,0
BRDA:308,21,0,0
BRDA:308,21,1,0
BRDA:309,22,0,0
BRDA:309,22,1,0
BRDA:315,23,0,0
BRDA:315,23,1,0
BRDA:323,24,0,0
BRDA:323,24,1,0
BRDA:324,25,0,0
BRDA:324,25,1,0
BRDA:325,26,0,0
BRDA:325,26,1,0
BRDA:341,27,0,0
BRDA:341,27,1,0
BRDA:342,28,0,0
BRDA:342,28,1,0
BRDA:342,28,2,0
BRDA:342,28,3,0
BRDA:366,29,0,0
BRDA:366,29,1,0
BRDA:366,30,0,0
BRDA:366,30,1,0
BRF:64
BRH:0
end_of_record
TN:
SF:src\editor\engine\managers\tools\FloorTool.ts
FN:15,(anonymous_0)
FN:22,(anonymous_1)
FN:23,(anonymous_2)
FN:38,(anonymous_3)
FN:80,(anonymous_4)
FN:88,(anonymous_5)
FN:113,(anonymous_6)
FN:126,(anonymous_7)
FN:135,(anonymous_8)
FN:143,(anonymous_9)
FN:151,(anonymous_10)
FN:159,(anonymous_11)
FNF:12
FNH:1
FNDA:59,(anonymous_0)
FNDA:0,(anonymous_1)
FNDA:0,(anonymous_2)
FNDA:0,(anonymous_3)
FNDA:0,(anonymous_4)
FNDA:0,(anonymous_5)
FNDA:0,(anonymous_6)
FNDA:0,(anonymous_7)
FNDA:0,(anonymous_8)
FNDA:0,(anonymous_9)
FNDA:0,(anonymous_10)
FNDA:0,(anonymous_11)
DA:11,59
DA:12,59
DA:13,59
DA:16,59
DA:23,0
DA:24,0
DA:26,0
DA:27,0
DA:29,0
DA:31,0
DA:39,0
DA:40,0
DA:43,0
DA:47,0
DA:50,0
DA:53,0
DA:58,0
DA:59,0
DA:60,0
DA:63,0
DA:64,0
DA:67,0
DA:68,0
DA:69,0
DA:73,0
DA:81,0
DA:83,0
DA:84,0
DA:85,0
DA:88,0
DA:93,0
DA:106,0
DA:107,0
DA:114,0
DA:127,0
DA:136,0
DA:144,0
DA:152,0
DA:160,0
LF:39
LH:4
BRDA:26,0,0,0
BRDA:26,0,1,0
BRDA:43,1,0,0
BRDA:43,1,1,0
BRDA:44,2,0,0
BRDA:44,2,1,0
BRDA:63,3,0,0
BRDA:63,3,1,0
BRDA:67,4,0,0
BRDA:67,4,1,0
BRDA:81,5,0,0
BRDA:81,5,1,0
BRF:12
BRH:0
end_of_record
TN:
SF:src\editor\engine\managers\tools\MeasurementTool.ts
FN:15,(anonymous_0)
FN:27,(anonymous_1)
FN:74,(anonymous_2)
FN:76,(anonymous_3)
FN:97,(anonymous_4)
FN:105,(anonymous_5)
FN:113,(anonymous_6)
FNF:7
FNH:1
FNDA:59,(anonymous_0)
FNDA:0,(anonymous_1)
FNDA:0,(anonymous_2)
FNDA:0,(anonymous_3)
FNDA:0,(anonymous_4)
FNDA:0,(anonymous_5)
FNDA:0,(anonymous_6)
DA:11,59
DA:12,59
DA:13,59
DA:16,59
DA:28,0
DA:29,0
DA:31,0
DA:34,0
DA:35,0
DA:40,0
DA:41,0
DA:42,0
DA:43,0
DA:45,0
DA:47,0
DA:49,0
DA:51,0
DA:56,0
DA:59,0
DA:60,0
DA:62,0
DA:63,0
DA:65,0
DA:66,0
DA:76,0
DA:77,0
DA:80,0
DA:81,0
DA:82,0
DA:86,0
DA:89,0
DA:90,0
DA:98,0
DA:106,0
DA:114,0
DA:115,0
DA:117,0
LF:37
LH:4
BRDA:47,0,0,0
BRDA:47,0,1,0
BRDA:63,1,0,0
BRDA:63,1,1,0
BRDA:80,2,0,0
BRDA:80,2,1,0
BRDA:114,3,0,0
BRDA:114,3,1,0
BRF:8
BRH:0
end_of_record
TN:
SF:src\editor\engine\services\ARManager.ts
FN:18,(anonymous_0)
FN:25,(anonymous_1)
FN:43,(anonymous_2)
FN:48,(anonymous_3)
FN:59,(anonymous_4)
FN:77,(anonymous_5)
FN:91,(anonymous_6)
FN:112,(anonymous_7)
FN:113,(anonymous_8)
FN:124,(anonymous_9)
FNF:10
FNH:2
FNDA:59,(anonymous_0)
FNDA:2,(anonymous_1)
FNDA:0,(anonymous_2)
FNDA:0,(anonymous_3)
FNDA:0,(anonymous_4)
FNDA:0,(anonymous_5)
FNDA:0,(anonymous_6)
FNDA:0,(anonymous_7)
FNDA:0,(anonymous_8)
FNDA:0,(anonymous_9)
DA:14,59
DA:15,59
DA:16,59
DA:19,59
DA:26,2
DA:28,0
DA:30,0
DA:31,0
DA:33,0
DA:36,0
DA:43,0
DA:44,0
DA:48,0
DA:49,0
DA:53,0
DA:60,0
DA:61,0
DA:65,0
DA:66,0
DA:67,0
DA:68,0
DA:71,0
DA:78,0
DA:80,0
DA:81,0
DA:82,0
DA:85,0
DA:92,0
DA:93,0
DA:94,0
DA:95,0
DA:96,0
DA:97,0
DA:99,0
DA:101,0
DA:102,0
DA:113,0
DA:114,0
DA:115,0
DA:117,0
DA:118,0
DA:125,0
DA:126,0
DA:127,0
DA:128,0
DA:129,0
DA:130,0
DA:131,0
DA:132,0
DA:134,0
DA:135,0
DA:136,0
DA:137,0
DA:138,0
DA:139,0
DA:140,0
DA:141,0
DA:142,0
DA:143,0
DA:144,0
DA:145,0
DA:146,0
DA:147,0
DA:148,0
DA:150,0
DA:151,0
LF:66
LH:5
BRDA:26,0,0,2
BRDA:26,0,1,0
BRDA:31,1,0,0
BRDA:31,1,1,0
BRDA:61,2,0,0
BRDA:61,2,1,0
BRDA:80,3,0,0
BRDA:80,3,1,0
BRDA:81,4,0,0
BRDA:81,4,1,0
BRDA:95,5,0,0
BRDA:95,5,1,0
BRF:12
BRH:1
end_of_record
TN:
SF:src\editor\engine\services\EventHandlers.ts
FN:15,(anonymous_0)
FN:22,(anonymous_1)
FN:67,(anonymous_2)
FNF:3
FNH:1
FNDA:59,(anonymous_0)
FNDA:0,(anonymous_1)
FNDA:0,(anonymous_2)
DA:16,59
DA:22,0
DA:23,0
DA:25,0
DA:26,0
DA:27,0
DA:29,0
DA:32,0
DA:33,0
DA:34,0
DA:35,0
DA:38,0
DA:39,0
DA:42,0
DA:43,0
DA:44,0
DA:45,0
DA:46,0
DA:47,0
DA:48,0
DA:50,0
DA:51,0
DA:52,0
DA:53,0
DA:54,0
DA:55,0
DA:57,0
DA:58,0
DA:59,0
DA:67,0
DA:68,0
LF:31
LH:1
BRDA:23,0,0,0
BRDA:23,0,1,0
BRDA:29,1,0,0
BRDA:29,1,1,0
BRDA:32,2,0,0
BRDA:32,2,1,0
BRDA:32,3,0,0
BRDA:32,3,1,0
BRDA:32,3,2,0
BRDA:39,4,0,0
BRDA:39,4,1,0
BRDA:42,5,0,0
BRDA:42,5,1,0
BRDA:44,6,0,0
BRDA:44,6,1,0
BRDA:46,7,0,0
BRDA:46,7,1,0
BRDA:48,8,0,0
BRDA:48,8,1,0
BRDA:48,9,0,0
BRDA:48,9,1,0
BRDA:51,10,0,0
BRDA:51,10,1,0
BRDA:51,11,0,0
BRDA:51,11,1,0
BRF:25
BRH:0
end_of_record
TN:
SF:src\editor\engine\services\SafetyZoneManager.ts
FN:13,(anonymous_0)
FN:20,(anonymous_1)
FN:21,(anonymous_2)
FN:31,(anonymous_3)
FN:39,(anonymous_4)
FN:76,(anonymous_5)
FN:82,(anonymous_6)
FN:92,(anonymous_7)
FNF:8
FNH:8
FNDA:59,(anonymous_0)
FNDA:3,(anonymous_1)
FNDA:261,(anonymous_2)
FNDA:7,(anonymous_3)
FNDA:608,(anonymous_4)
FNDA:5,(anonymous_5)
FNDA:10,(anonymous_6)
FNDA:350,(anonymous_7)
DA:14,59
DA:21,3
DA:22,261
DA:23,2
DA:32,7
DA:33,7
DA:35,7
DA:36,7
DA:39,7
DA:40,608
DA:41,5
DA:42,5
DA:45,5
DA:56,7
DA:57,5
DA:58,2
DA:59,1
DA:66,1
DA:67,1
DA:77,5
DA:78,5
DA:81,5
DA:82,5
DA:83,10
DA:84,5
DA:88,5
DA:91,4
DA:92,4
DA:93,350
DA:94,4
DA:95,4
DA:96,4
DA:97,4
DA:98,2
DA:99,2
DA:101,2
DA:103,4
DA:104,2
DA:110,4
DA:111,5
DA:112,2
DA:113,1
DA:118,3
LF:43
LH:43
BRDA:22,0,0,2
BRDA:22,0,1,259
BRDA:33,1,0,0
BRDA:33,1,1,7
BRDA:40,2,0,5
BRDA:40,2,1,603
BRDA:40,3,0,608
BRDA:40,3,1,6
BRDA:58,4,0,1
BRDA:58,4,1,1
BRDA:78,5,0,0
BRDA:78,5,1,5
BRDA:83,6,0,5
BRDA:83,6,1,5
BRDA:88,7,0,1
BRDA:88,7,1,4
BRDA:93,8,0,4
BRDA:93,8,1,346
BRDA:93,9,0,350
BRDA:93,9,1,5
BRDA:97,10,0,2
BRDA:97,10,1,2
BRDA:103,11,0,2
BRDA:103,11,1,2
BRDA:112,12,0,1
BRDA:112,12,1,1
BRF:26
BRH:24
end_of_record
TN:
SF:src\editor\engine\services\SceneSynchronizer.ts
FN:15,(anonymous_0)
FN:23,(anonymous_1)
FN:27,(anonymous_2)
FN:54,(anonymous_3)
FN:116,(anonymous_4)
FN:129,(anonymous_5)
FNF:6
FNH:6
FNDA:59,(anonymous_0)
FNDA:7,(anonymous_1)
FNDA:58,(anonymous_2)
FNDA:2,(anonymous_3)
FNDA:4,(anonymous_4)
FNDA:7,(anonymous_5)
DA:16,59
DA:24,7
DA:27,7
DA:28,58
DA:29,2
DA:34,7
DA:35,6
DA:37,6
DA:39,2
DA:40,2
DA:43,4
DA:48,7
DA:59,2
DA:61,2
DA:68,2
DA:70,2
DA:71,0
DA:72,0
DA:75,2
DA:76,2
DA:77,2
DA:82,0
DA:84,0
DA:87,0
DA:90,0
DA:92,0
DA:93,0
DA:94,0
DA:97,0
DA:98,0
DA:99,0
DA:104,0
DA:105,0
DA:108,0
DA:109,0
DA:117,4
DA:118,0
DA:119,4
DA:120,3
DA:121,1
DA:122,1
DA:130,7
DA:132,0
DA:133,0
DA:134,0
DA:137,0
DA:140,0
DA:141,0
LF:48
LH:25
BRDA:28,0,0,2
BRDA:28,0,1,56
BRDA:28,1,0,58
BRDA:28,1,1,2
BRDA:37,2,0,2
BRDA:37,2,1,4
BRDA:59,3,0,2
BRDA:59,3,1,0
BRDA:61,4,0,2
BRDA:61,4,1,1
BRDA:61,4,2,0
BRDA:61,4,3,0
BRDA:61,4,4,0
BRDA:68,5,0,2
BRDA:68,5,1,0
BRDA:70,6,0,0
BRDA:70,6,1,2
BRDA:82,7,0,0
BRDA:82,7,1,0
BRDA:90,8,0,0
BRDA:90,8,1,0
BRDA:90,9,0,0
BRDA:90,9,1,0
BRDA:92,10,0,0
BRDA:92,10,1,0
BRDA:108,11,0,0
BRDA:108,11,1,0
BRDA:117,12,0,0
BRDA:117,12,1,4
BRDA:117,13,0,4
BRDA:117,13,1,0
BRDA:119,14,0,3
BRDA:119,14,1,1
BRDA:119,15,0,4
BRDA:119,15,1,3
BRDA:121,16,0,1
BRDA:121,16,1,0
BRDA:121,17,0,1
BRDA:121,17,1,1
BRDA:132,18,0,0
BRDA:132,18,1,0
BRDA:140,19,0,0
BRDA:140,19,1,0
BRF:43
BRH:20
end_of_record
TN:
SF:src\editor\stores\cad\useCADStore.ts
FN:18,(anonymous_0)
FN:23,(anonymous_1)
FN:30,(anonymous_2)
FNF:3
FNH:2
FNDA:6,(anonymous_0)
FNDA:22,(anonymous_1)
FNDA:0,(anonymous_2)
DA:18,6
DA:24,22
DA:31,0
LF:3
LH:2
BRF:0
BRH:0
end_of_record
TN:
SF:src\editor\stores\catalog\useCatalogStore.ts
FN:26,(anonymous_0)
FN:30,(anonymous_1)
FN:31,(anonymous_2)
FN:32,(anonymous_3)
FN:32,(anonymous_4)
FN:34,(anonymous_5)
FNF:6
FNH:1
FNDA:3,(anonymous_0)
FNDA:0,(anonymous_1)
FNDA:0,(anonymous_2)
FNDA:0,(anonymous_3)
FNDA:0,(anonymous_4)
FNDA:0,(anonymous_5)
DA:26,3
DA:30,0
DA:31,0
DA:32,0
DA:34,0
LF:5
LH:1
BRF:0
BRH:0
end_of_record
TN:
SF:src\editor\stores\editor\useEditorStore.ts
FN:67,(anonymous_0)
FN:92,(anonymous_1)
FN:96,(anonymous_2)
FN:96,(anonymous_3)
FN:97,(anonymous_4)
FN:98,(anonymous_5)
FN:99,(anonymous_6)
FN:100,(anonymous_7)
FN:101,(anonymous_8)
FN:102,(anonymous_9)
FN:104,(anonymous_10)
FN:107,(anonymous_11)
FN:109,(anonymous_12)
FN:111,(anonymous_13)
FN:112,(anonymous_14)
FN:113,(anonymous_15)
FN:115,(anonymous_16)
FN:116,(anonymous_17)
FN:127,(anonymous_18)
FNF:19
FNH:1
FNDA:1,(anonymous_0)
FNDA:0,(anonymous_1)
FNDA:0,(anonymous_2)
FNDA:0,(anonymous_3)
FNDA:0,(anonymous_4)
FNDA:0,(anonymous_5)
FNDA:0,(anonymous_6)
FNDA:0,(anonymous_7)
FNDA:0,(anonymous_8)
FNDA:0,(anonymous_9)
FNDA:0,(anonymous_10)
FNDA:0,(anonymous_11)
FNDA:0,(anonymous_12)
FNDA:0,(anonymous_13)
FNDA:0,(anonymous_14)
FNDA:0,(anonymous_15)
FNDA:0,(anonymous_16)
FNDA:0,(anonymous_17)
FNDA:0,(anonymous_18)
DA:67,1
DA:93,0
DA:96,0
DA:98,0
DA:100,0
DA:102,0
DA:105,0
DA:107,0
DA:109,0
DA:111,0
DA:112,0
DA:113,0
DA:116,0
DA:117,0
DA:128,0
DA:129,0
DA:131,0
LF:17
LH:1
BRDA:115,0,0,0
BRF:1
BRH:0
end_of_record
TN:
SF:src\editor\stores\fence\useFenceStore.ts
FN:29,(anonymous_0)
FN:32,(anonymous_1)
FN:33,(anonymous_2)
FNF:3
FNH:1
FNDA:6,(anonymous_0)
FNDA:0,(anonymous_1)
FNDA:0,(anonymous_2)
DA:15,6
DA:29,6
DA:33,0
LF:3
LH:2
BRDA:39,0,0,0
BRDA:39,0,1,0
BRF:2
BRH:0
end_of_record
TN:
SF:src\editor\stores\project\useProjectStore.ts
FN:31,(anonymous_0)
FN:40,(anonymous_1)
FN:45,(anonymous_2)
FN:55,(anonymous_3)
FN:73,(anonymous_4)
FN:108,(anonymous_5)
FNF:6
FNH:1
FNDA:1,(anonymous_0)
FNDA:0,(anonymous_1)
FNDA:0,(anonymous_2)
FNDA:0,(anonymous_3)
FNDA:0,(anonymous_4)
FNDA:0,(anonymous_5)
DA:31,1
DA:40,0
DA:46,0
DA:56,0
DA:57,0
DA:59,0
DA:65,0
DA:74,0
DA:75,0
DA:81,0
DA:83,0
DA:84,0
DA:94,0
DA:97,0
DA:102,0
DA:108,0
DA:111,0
DA:118,0
DA:123,0
DA:130,0
LF:20
LH:1
BRDA:81,0,0,0
BRDA:81,0,1,0
BRDA:83,1,0,0
BRDA:83,1,1,0
BRDA:94,2,0,0
BRDA:94,2,1,0
BRDA:97,3,0,0
BRDA:97,3,1,0
BRDA:102,4,0,0
BRDA:102,4,1,0
BRDA:108,5,0,0
BRDA:108,5,1,0
BRDA:119,6,0,0
BRDA:119,6,1,0
BRF:14
BRH:0
end_of_record
TN:
SF:src\editor\stores\scene\useSceneStore.ts
FN:63,(anonymous_0)
FN:78,(anonymous_1)
FN:80,(anonymous_2)
FN:89,(anonymous_3)
FN:91,(anonymous_4)
FN:100,(anonymous_5)
FN:102,(anonymous_6)
FN:103,(anonymous_7)
FN:106,(anonymous_8)
FN:114,(anonymous_9)
FN:115,(anonymous_10)
FN:116,(anonymous_11)
FN:131,(anonymous_12)
FN:132,(anonymous_13)
FN:133,(anonymous_14)
FN:143,(anonymous_15)
FN:144,(anonymous_16)
FN:145,(anonymous_17)
FN:161,(anonymous_18)
FN:162,(anonymous_19)
FN:163,(anonymous_20)
FN:172,(anonymous_21)
FN:173,(anonymous_22)
FN:174,(anonymous_23)
FN:183,(anonymous_24)
FN:184,(anonymous_25)
FN:191,(anonymous_26)
FN:193,(anonymous_27)
FN:194,(anonymous_28)
FN:209,(anonymous_29)
FN:218,(anonymous_30)
FN:225,(anonymous_31)
FN:234,(anonymous_32)
FN:241,(anonymous_33)
FN:252,(anonymous_34)
FN:255,(anonymous_35)
FNF:36
FNH:30
FNDA:2,(anonymous_0)
FNDA:58,(anonymous_1)
FNDA:58,(anonymous_2)
FNDA:48,(anonymous_3)
FNDA:48,(anonymous_4)
FNDA:4,(anonymous_5)
FNDA:4,(anonymous_6)
FNDA:4,(anonymous_7)
FNDA:1,(anonymous_8)
FNDA:4,(anonymous_9)
FNDA:4,(anonymous_10)
FNDA:5,(anonymous_11)
FNDA:2,(anonymous_12)
FNDA:2,(anonymous_13)
FNDA:2,(anonymous_14)
FNDA:8,(anonymous_15)
FNDA:8,(anonymous_16)
FNDA:8,(anonymous_17)
FNDA:0,(anonymous_18)
FNDA:0,(anonymous_19)
FNDA:0,(anonymous_20)
FNDA:0,(anonymous_21)
FNDA:0,(anonymous_22)
FNDA:0,(anonymous_23)
FNDA:2,(anonymous_24)
FNDA:2,(anonymous_25)
FNDA:6,(anonymous_26)
FNDA:6,(anonymous_27)
FNDA:6,(anonymous_28)
FNDA:7,(anonymous_29)
FNDA:2,(anonymous_30)
FNDA:4,(anonymous_31)
FNDA:3,(anonymous_32)
FNDA:70,(anonymous_33)
FNDA:2,(anonymous_34)
FNDA:2,(anonymous_35)
DA:63,2
DA:79,58
DA:80,58
DA:90,48
DA:91,48
DA:101,4
DA:102,4
DA:103,4
DA:104,4
DA:106,1
DA:115,4
DA:117,5
DA:132,2
DA:134,2
DA:144,8
DA:146,8
DA:162,0
DA:164,0
DA:173,0
DA:175,0
DA:184,2
DA:192,6
DA:193,6
DA:195,6
DA:196,4
DA:201,2
DA:210,7
DA:211,7
DA:213,6
DA:214,6
DA:218,2
DA:226,4
DA:227,4
DA:229,3
DA:230,3
DA:234,3
DA:242,70
DA:253,2
DA:255,2
LF:39
LH:35
BRDA:93,0,0,48
BRDA:93,0,1,1
BRDA:117,1,0,4
BRDA:117,1,1,1
BRDA:134,2,0,2
BRDA:134,2,1,0
BRDA:134,3,0,2
BRDA:134,3,1,2
BRDA:146,4,0,6
BRDA:146,4,1,2
BRDA:146,5,0,8
BRDA:146,5,1,8
BRDA:164,6,0,0
BRDA:164,6,1,0
BRDA:164,7,0,0
BRDA:164,7,1,0
BRDA:175,8,0,0
BRDA:175,8,1,0
BRDA:175,9,0,0
BRDA:175,9,1,0
BRDA:195,10,0,4
BRDA:195,10,1,2
BRDA:195,11,0,6
BRDA:195,11,1,6
BRDA:211,12,0,1
BRDA:211,12,1,6
BRDA:227,13,0,1
BRDA:227,13,1,3
BRF:28
BRH:19
end_of_record
TN:
SF:src\pdf\engine\managers\PDFDocumentBuilder.ts
FN:11,(anonymous_0)
FN:55,(anonymous_1)
FN:85,(anonymous_2)
FN:87,(anonymous_3)
FN:147,(anonymous_4)
FN:239,(anonymous_5)
FN:252,(anonymous_6)
FN:262,(anonymous_7)
FN:290,(anonymous_8)
FN:305,(anonymous_9)
FNF:10
FNH:0
FNDA:0,(anonymous_0)
FNDA:0,(anonymous_1)
FNDA:0,(anonymous_2)
FNDA:0,(anonymous_3)
FNDA:0,(anonymous_4)
FNDA:0,(anonymous_5)
FNDA:0,(anonymous_6)
FNDA:0,(anonymous_7)
FNDA:0,(anonymous_8)
FNDA:0,(anonymous_9)
DA:21,0
DA:22,0
DA:25,0
DA:26,0
DA:27,0
DA:29,0
DA:32,0
DA:33,0
DA:34,0
DA:35,0
DA:38,0
DA:39,0
DA:40,0
DA:41,0
DA:42,0
DA:46,0
DA:47,0
DA:48,0
DA:49,0
DA:52,0
DA:61,0
DA:62,0
DA:63,0
DA:64,0
DA:66,0
DA:67,0
DA:68,0
DA:69,0
DA:71,0
DA:72,0
DA:73,0
DA:75,0
DA:76,0
DA:77,0
DA:79,0
DA:80,0
DA:81,0
DA:86,0
DA:87,0
DA:88,0
DA:89,0
DA:90,0
DA:100,0
DA:102,0
DA:154,0
DA:156,0
DA:162,0
DA:163,0
DA:173,0
DA:174,0
DA:175,0
DA:176,0
DA:177,0
DA:178,0
DA:180,0
DA:186,0
DA:189,0
DA:193,0
DA:196,0
DA:197,0
DA:199,0
DA:204,0
DA:212,0
DA:217,0
DA:225,0
DA:230,0
DA:246,0
DA:247,0
DA:248,0
DA:249,0
DA:253,0
DA:254,0
DA:255,0
DA:256,0
DA:259,0
DA:270,0
DA:271,0
DA:272,0
DA:273,0
DA:274,0
DA:275,0
DA:276,0
DA:278,0
DA:279,0
DA:280,0
DA:281,0
DA:282,0
DA:283,0
DA:285,0
DA:286,0
DA:287,0
DA:291,0
DA:292,0
DA:293,0
DA:294,0
DA:295,0
DA:296,0
DA:297,0
DA:298,0
DA:299,0
DA:300,0
DA:302,0
DA:306,0
DA:307,0
DA:308,0
DA:309,0
DA:310,0
DA:311,0
DA:312,0
DA:313,0
LF:110
LH:0
BRDA:26,0,0,0
BRDA:26,0,1,0
BRDA:38,1,0,0
BRDA:38,1,1,0
BRDA:68,2,0,0
BRDA:68,2,1,0
BRDA:72,3,0,0
BRDA:72,3,1,0
BRDA:76,4,0,0
BRDA:76,4,1,0
BRDA:80,5,0,0
BRDA:80,5,1,0
BRDA:91,6,0,0
BRDA:91,6,1,0
BRDA:158,7,0,0
BRDA:158,7,1,0
BRDA:162,8,0,0
BRDA:162,8,1,0
BRDA:186,9,0,0
BRDA:186,9,1,0
BRDA:246,10,0,0
BRDA:246,10,1,0
BRDA:255,11,0,0
BRDA:255,11,1,0
BRDA:255,12,0,0
BRDA:255,12,1,0
BRDA:255,12,2,0
BRDA:274,13,0,0
BRDA:274,13,1,0
BRDA:274,14,0,0
BRDA:274,14,1,0
BRDA:281,15,0,0
BRDA:281,15,1,0
BRDA:297,16,0,0
BRDA:297,16,1,0
BRF:35
BRH:0
end_of_record
TN:
SF:src\pdf\engine\managers\PDFManager.ts
FN:26,(anonymous_0)
FN:36,(anonymous_1)
FN:83,(anonymous_2)
FN:95,(anonymous_3)
FN:123,(anonymous_4)
FN:129,(anonymous_5)
FNF:6
FNH:1
FNDA:59,(anonymous_0)
FNDA:0,(anonymous_1)
FNDA:0,(anonymous_2)
FNDA:0,(anonymous_3)
FNDA:0,(anonymous_4)
FNDA:0,(anonymous_5)
DA:27,59
DA:28,59
DA:29,59
DA:30,59
DA:37,0
DA:38,0
DA:39,0
DA:41,0
DA:43,0
DA:47,0
DA:49,0
DA:52,0
DA:53,0
DA:56,0
DA:59,0
DA:62,0
DA:65,0
DA:68,0
DA:84,0
DA:85,0
DA:86,0
DA:87,0
DA:88,0
DA:89,0
DA:96,0
DA:97,0
DA:98,0
DA:100,0
DA:101,0
DA:103,0
DA:105,0
DA:106,0
DA:113,0
DA:114,0
DA:117,0
DA:128,0
DA:129,0
DA:131,0
DA:132,0
DA:133,0
DA:138,0
DA:139,0
DA:140,0
DA:145,0
DA:148,0
DA:149,0
DA:150,0
DA:152,0
DA:153,0
DA:154,0
DA:155,0
DA:159,0
DA:167,0
LF:53
LH:4
BRDA:47,0,0,0
BRDA:47,0,1,0
BRDA:131,1,0,0
BRDA:131,1,1,0
BRDA:132,2,0,0
BRDA:132,2,1,0
BRDA:153,3,0,0
BRDA:153,3,1,0
BRF:8
BRH:0
end_of_record
TN:
SF:src\pdf\engine\managers\PDFRenderer.ts
FN:10,(anonymous_0)
FN:14,(anonymous_1)
FN:22,(anonymous_2)
FN:26,(anonymous_3)
FN:32,(anonymous_4)
FN:38,(anonymous_5)
FN:56,(anonymous_6)
FN:70,(anonymous_7)
FNF:8
FNH:1
FNDA:59,(anonymous_0)
FNDA:0,(anonymous_1)
FNDA:0,(anonymous_2)
FNDA:0,(anonymous_3)
FNDA:0,(anonymous_4)
FNDA:0,(anonymous_5)
FNDA:0,(anonymous_6)
FNDA:0,(anonymous_7)
DA:11,59
DA:15,0
DA:16,0
DA:17,0
DA:18,0
DA:23,0
DA:27,0
DA:28,0
DA:29,0
DA:33,0
DA:34,0
DA:35,0
DA:39,0
DA:40,0
DA:41,0
DA:43,0
DA:44,0
DA:45,0
DA:46,0
DA:47,0
DA:49,0
DA:50,0
DA:51,0
DA:52,0
DA:57,0
DA:58,0
DA:59,0
DA:61,0
DA:62,0
DA:63,0
DA:64,0
DA:65,0
DA:66,0
DA:67,0
DA:71,0
DA:72,0
DA:73,0
DA:74,0
DA:75,0
DA:76,0
DA:77,0
LF:41
LH:1
BRDA:16,0,0,0
BRDA:16,0,1,0
BRDA:22,1,0,0
BRDA:28,2,0,0
BRDA:28,2,1,0
BRDA:32,3,0,0
BRDA:34,4,0,0
BRDA:34,4,1,0
BRDA:43,5,0,0
BRDA:43,5,1,0
BRDA:47,6,0,0
BRDA:47,6,1,0
BRF:12
BRH:0
end_of_record
TN:
SF:src\pdf\engine\managers\PDFSceneController.ts
FN:22,(anonymous_0)
FN:26,(anonymous_1)
FN:37,(anonymous_2)
FN:62,(anonymous_3)
FN:67,(anonymous_4)
FN:76,(anonymous_5)
FN:77,(anonymous_6)
FN:80,(anonymous_7)
FN:87,(anonymous_8)
FN:91,(anonymous_9)
FN:99,(anonymous_10)
FN:100,(anonymous_11)
FN:107,(anonymous_12)
FN:111,(anonymous_13)
FN:113,(anonymous_14)
FN:126,(anonymous_15)
FN:128,(anonymous_16)
FNF:17
FNH:1
FNDA:59,(anonymous_0)
FNDA:0,(anonymous_1)
FNDA:0,(anonymous_2)
FNDA:0,(anonymous_3)
FNDA:0,(anonymous_4)
FNDA:0,(anonymous_5)
FNDA:0,(anonymous_6)
FNDA:0,(anonymous_7)
FNDA:0,(anonymous_8)
FNDA:0,(anonymous_9)
FNDA:0,(anonymous_10)
FNDA:0,(anonymous_11)
FNDA:0,(anonymous_12)
FNDA:0,(anonymous_13)
FNDA:0,(anonymous_14)
FNDA:0,(anonymous_15)
FNDA:0,(anonymous_16)
DA:13,59
DA:14,59
DA:15,59
DA:16,59
DA:17,59
DA:18,59
DA:19,59
DA:20,59
DA:23,59
DA:27,0
DA:28,0
DA:29,0
DA:30,0
DA:31,0
DA:32,0
DA:33,0
DA:34,0
DA:38,0
DA:42,0
DA:43,0
DA:44,0
DA:46,0
DA:47,0
DA:48,0
DA:49,0
DA:50,0
DA:52,0
DA:53,0
DA:54,0
DA:55,0
DA:56,0
DA:57,0
DA:59,0
DA:60,0
DA:61,0
DA:62,0
DA:63,0
DA:68,0
DA:69,0
DA:70,0
DA:71,0
DA:72,0
DA:73,0
DA:77,0
DA:78,0
DA:79,0
DA:80,0
DA:81,0
DA:88,0
DA:89,0
DA:90,0
DA:91,0
DA:92,0
DA:93,0
DA:100,0
DA:101,0
DA:102,0
DA:108,0
DA:112,0
DA:113,0
DA:114,0
DA:115,0
DA:116,0
DA:117,0
DA:118,0
DA:119,0
DA:123,0
DA:127,0
DA:128,0
DA:129,0
DA:130,0
DA:131,0
DA:132,0
DA:136,0
LF:74
LH:9
BRDA:34,0,0,0
BRDA:34,0,1,0
BRDA:78,1,0,0
BRDA:78,1,1,0
BRDA:81,2,0,0
BRDA:81,2,1,0
BRDA:89,3,0,0
BRDA:89,3,1,0
BRDA:92,4,0,0
BRDA:92,4,1,0
BRDA:92,5,0,0
BRDA:92,5,1,0
BRDA:101,6,0,0
BRDA:101,6,1,0
BRDA:114,7,0,0
BRDA:114,7,1,0
BRDA:114,8,0,0
BRDA:114,8,1,0
BRDA:116,9,0,0
BRDA:116,9,1,0
BRDA:129,10,0,0
BRDA:129,10,1,0
BRDA:129,11,0,0
BRDA:129,11,1,0
BRDA:131,12,0,0
BRDA:131,12,1,0
BRF:26
BRH:0
end_of_record
TN:
SF:src\pdf\utils\PriceCalculator.ts
FN:20,(anonymous_0)
FN:44,(anonymous_1)
FN:63,(anonymous_2)
FN:65,(anonymous_3)
FN:75,(anonymous_4)
FN:93,(anonymous_5)
FNF:6
FNH:6
FNDA:8,(anonymous_0)
FNDA:8,(anonymous_1)
FNDA:8,(anonymous_2)
FNDA:5,(anonymous_3)
FNDA:8,(anonymous_4)
FNDA:8,(anonymous_5)
DA:6,8
DA:22,14
DA:23,6
DA:24,6
DA:25,6
DA:29,8
DA:30,2
DA:31,2
DA:32,2
DA:36,6
DA:45,3
DA:46,1
DA:47,1
DA:50,2
DA:51,1
DA:52,1
DA:55,1
DA:64,3
DA:65,5
DA:76,7
DA:78,5
DA:79,5
DA:80,19
DA:81,19
DA:82,19
DA:85,5
DA:94,3
DA:96,2
DA:97,2
DA:98,3
DA:99,3
DA:100,3
DA:103,3
DA:106,2
LF:34
LH:34
BRDA:22,0,0,6
BRDA:22,0,1,8
BRDA:22,1,0,14
BRDA:22,1,1,6
BRDA:24,2,0,1
BRDA:24,2,1,5
BRDA:29,3,0,2
BRDA:29,3,1,6
BRDA:29,4,0,8
BRDA:29,4,1,2
BRDA:31,5,0,0
BRDA:31,5,1,2
BRDA:36,6,0,6
BRDA:36,6,1,1
BRDA:45,7,0,1
BRDA:45,7,1,2
BRDA:45,8,0,3
BRDA:45,8,1,1
BRDA:50,9,0,1
BRDA:50,9,1,1
BRDA:50,10,0,2
BRDA:50,10,1,1
BRDA:76,11,0,2
BRDA:76,11,1,5
BRDA:76,12,0,7
BRDA:76,12,1,7
BRDA:94,13,0,1
BRDA:94,13,1,2
BRDA:94,14,0,3
BRDA:94,14,1,3
BRF:30
BRH:29
end_of_record
TN:
SF:src\pdf\utils\budgetUtils.ts
FN:114,(anonymous_0)
FN:124,(anonymous_1)
FN:131,(anonymous_2)
FN:151,(anonymous_3)
FN:163,(anonymous_4)
FN:179,(anonymous_5)
FN:209,(anonymous_6)
FN:210,(anonymous_7)
FN:220,(anonymous_8)
FN:231,(anonymous_9)
FN:242,(anonymous_10)
FN:278,(anonymous_11)
FN:293,(anonymous_12)
FN:295,(anonymous_13)
FN:306,(anonymous_14)
FN:323,(anonymous_15)
FN:326,(anonymous_16)
FN:342,(anonymous_17)
FN:346,(anonymous_18)
FNF:19
FNH:19
FNDA:25,(anonymous_0)
FNDA:30,(anonymous_1)
FNDA:1,(anonymous_2)
FNDA:21,(anonymous_3)
FNDA:2,(anonymous_4)
FNDA:30,(anonymous_5)
FNDA:18,(anonymous_6)
FNDA:23,(anonymous_7)
FNDA:8,(anonymous_8)
FNDA:7,(anonymous_9)
FNDA:12,(anonymous_10)
FNDA:6,(anonymous_11)
FNDA:4,(anonymous_12)
FNDA:4,(anonymous_13)
FNDA:4,(anonymous_14)
FNDA:6,(anonymous_15)
FNDA:9,(anonymous_16)
FNDA:3,(anonymous_17)
FNDA:3,(anonymous_18)
DA:104,2
DA:105,2
DA:114,2
DA:115,25
DA:116,24
DA:118,1
DA:124,2
DA:125,30
DA:131,2
DA:132,1
DA:151,2
DA:159,21
DA:161,21
DA:163,2
DA:177,20
DA:179,20
DA:180,30
DA:182,30
DA:183,24
DA:196,30
DA:197,30
DA:200,20
DA:209,2
DA:210,23
DA:220,2
DA:221,8
DA:231,2
DA:232,7
DA:242,2
DA:250,12
DA:252,12
DA:253,12
DA:254,12
DA:255,12
DA:256,12
DA:257,12
DA:259,12
DA:278,2
DA:279,6
DA:293,2
DA:294,4
DA:295,4
DA:304,4
DA:306,4
DA:314,4
DA:323,2
DA:326,6
DA:327,9
DA:328,9
DA:329,6
DA:331,9
DA:332,9
DA:342,2
DA:345,3
DA:346,3
DA:347,3
DA:348,3
LF:57
LH:57
BRDA:115,0,0,24
BRDA:115,0,1,1
BRDA:125,1,0,30
BRDA:125,1,1,0
BRDA:153,2,0,21
BRDA:156,3,0,21
BRDA:157,4,0,21
BRDA:158,5,0,21
BRDA:161,6,0,1
BRDA:161,6,1,20
BRDA:164,7,0,2
BRDA:164,7,1,0
BRDA:165,8,0,2
BRDA:165,8,1,0
BRDA:168,9,0,2
BRDA:168,9,1,0
BRDA:169,10,0,2
BRDA:169,10,1,0
BRDA:170,11,0,2
BRDA:170,11,1,0
BRDA:172,12,0,0
BRDA:172,12,1,2
BRDA:182,13,0,24
BRDA:182,13,1,6
BRDA:184,14,0,24
BRDA:184,14,1,0
BRDA:185,15,0,24
BRDA:185,15,1,1
BRDA:188,16,0,24
BRDA:188,16,1,1
BRDA:190,17,0,23
BRDA:190,17,1,1
BRDA:192,18,0,1
BRDA:192,18,1,23
BRDA:220,19,0,8
BRDA:244,20,0,12
BRDA:247,21,0,12
BRDA:248,22,0,12
BRDA:249,23,0,12
BRDA:254,24,0,2
BRDA:254,24,1,10
BRDA:256,25,0,4
BRDA:256,25,1,8
BRDA:262,26,0,4
BRDA:262,26,1,8
BRDA:263,27,0,4
BRDA:263,27,1,8
BRDA:264,28,0,2
BRDA:264,28,1,10
BRDA:278,29,0,6
BRDA:309,30,0,1
BRDA:309,30,1,3
BRDA:310,31,0,1
BRDA:310,31,1,3
BRDA:327,32,0,9
BRDA:327,32,1,1
BRDA:328,33,0,6
BRDA:328,33,1,3
BRF:58
BRH:50
end_of_record
TN:
SF:src\pdf\utils\pdfGenerator.ts
FN:7,(anonymous_0)
FN:62,(anonymous_1)
FN:132,(anonymous_2)
FN:133,(anonymous_3)
FN:134,(anonymous_4)
FN:149,(anonymous_5)
FN:162,(anonymous_6)
FN:188,(anonymous_7)
FN:211,(anonymous_8)
FN:212,(anonymous_9)
FNF:10
FNH:0
FNDA:0,(anonymous_0)
FNDA:0,(anonymous_1)
FNDA:0,(anonymous_2)
FNDA:0,(anonymous_3)
FNDA:0,(anonymous_4)
FNDA:0,(anonymous_5)
FNDA:0,(anonymous_6)
FNDA:0,(anonymous_7)
FNDA:0,(anonymous_8)
FNDA:0,(anonymous_9)
DA:7,1
DA:8,0
DA:62,1
DA:67,0
DA:68,0
DA:69,0
DA:72,0
DA:73,0
DA:74,0
DA:76,0
DA:77,0
DA:78,0
DA:81,0
DA:84,0
DA:85,0
DA:91,0
DA:92,0
DA:93,0
DA:94,0
DA:95,0
DA:96,0
DA:97,0
DA:98,0
DA:101,0
DA:102,0
DA:105,0
DA:106,0
DA:107,0
DA:108,0
DA:109,0
DA:112,0
DA:113,0
DA:114,0
DA:115,0
DA:117,0
DA:118,0
DA:119,0
DA:120,0
DA:121,0
DA:125,0
DA:127,0
DA:128,0
DA:129,0
DA:130,0
DA:131,0
DA:132,0
DA:133,0
DA:134,0
DA:138,0
DA:139,0
DA:141,0
DA:146,0
DA:149,0
DA:150,0
DA:151,0
DA:153,0
DA:162,0
DA:163,0
DA:164,0
DA:168,0
DA:172,0
DA:190,0
DA:191,0
DA:198,0
DA:201,0
DA:202,0
DA:205,0
DA:206,0
DA:207,0
DA:208,0
DA:210,0
DA:211,0
DA:212,0
DA:216,0
DA:217,0
DA:218,0
DA:221,0
DA:222,0
DA:224,0
DA:225,0
DA:228,0
DA:229,0
DA:232,0
DA:233,0
DA:234,0
DA:235,0
DA:236,0
DA:237,0
DA:243,0
DA:244,0
DA:245,0
DA:246,0
DA:249,0
DA:250,0
DA:251,0
DA:254,0
DA:255,0
DA:256,0
DA:257,0
DA:258,0
DA:259,0
DA:262,0
DA:263,0
DA:264,0
DA:265,0
DA:266,0
DA:272,0
LF:107
LH:2
BRDA:84,0,0,0
BRDA:84,0,1,0
BRDA:112,1,0,0
BRDA:112,1,1,0
BRDA:112,1,2,0
BRDA:113,2,0,0
BRDA:113,2,1,0
BRDA:114,3,0,0
BRDA:114,3,1,0
BRDA:115,4,0,0
BRDA:115,4,1,0
BRDA:120,5,0,0
BRDA:120,5,1,0
BRDA:127,6,0,0
BRDA:127,6,1,0
BRDA:150,7,0,0
BRDA:150,7,1,0
BRDA:151,8,0,0
BRDA:151,8,1,0
BRDA:157,9,0,0
BRDA:157,9,1,0
BRDA:164,10,0,0
BRDA:164,10,1,0
BRDA:190,11,0,0
BRDA:190,11,1,0
BRDA:190,12,0,0
BRDA:190,12,1,0
BRDA:202,13,0,0
BRDA:202,13,1,0
BRDA:206,14,0,0
BRDA:206,14,1,0
BRDA:206,15,0,0
BRDA:206,15,1,0
BRDA:208,16,0,0
BRDA:208,16,1,0
BRDA:216,17,0,0
BRDA:216,17,1,0
BRDA:232,18,0,0
BRDA:232,18,1,0
BRF:39
BRH:0
end_of_record
