TN:
SF:src\editor\engine\managers\ObjectManager.ts
FN:21,(anonymous_0)
FN:30,(anonymous_1)
FN:37,(anonymous_2)
FN:44,(anonymous_3)
FN:51,(anonymous_4)
FN:58,(anonymous_5)
FN:70,(anonymous_6)
FNF:7
FNH:7
FNDA:7,(anonymous_0)
FNDA:1,(anonymous_1)
FNDA:2,(anonymous_2)
FNDA:2,(anonymous_3)
FNDA:1,(anonymous_4)
FNDA:1,(anonymous_5)
FNDA:1,(anonymous_6)
DA:22,7
DA:23,7
DA:24,7
DA:31,1
DA:38,2
DA:45,2
DA:52,1
DA:64,1
DA:71,1
LF:9
LH:9
BRF:0
BRH:0
end_of_record
TN:
SF:src\editor\engine\managers\ToolsManager.ts
FN:42,(anonymous_0)
FN:61,(anonymous_1)
FN:69,(anonymous_2)
FN:77,(anonymous_3)
FN:85,(anonymous_4)
FN:96,(anonymous_5)
FN:119,(anonymous_6)
FN:131,(anonymous_7)
FN:138,(anonymous_8)
FN:155,(anonymous_9)
FN:162,(anonymous_10)
FN:180,(anonymous_11)
FN:188,(anonymous_12)
FN:196,(anonymous_13)
FN:209,(anonymous_14)
FN:216,(anonymous_15)
FN:226,(anonymous_16)
FN:242,(anonymous_17)
FN:254,(anonymous_18)
FNF:19
FNH:18
FNDA:18,(anonymous_0)
FNDA:1,(anonymous_1)
FNDA:1,(anonymous_2)
FNDA:0,(anonymous_3)
FNDA:5,(anonymous_4)
FNDA:8,(anonymous_5)
FNDA:7,(anonymous_6)
FNDA:1,(anonymous_7)
FNDA:2,(anonymous_8)
FNDA:1,(anonymous_9)
FNDA:2,(anonymous_10)
FNDA:1,(anonymous_11)
FNDA:1,(anonymous_12)
FNDA:1,(anonymous_13)
FNDA:2,(anonymous_14)
FNDA:1,(anonymous_15)
FNDA:1,(anonymous_16)
FNDA:1,(anonymous_17)
FNDA:1,(anonymous_18)
DA:46,18
DA:47,18
DA:48,18
DA:49,18
DA:50,18
DA:62,1
DA:70,1
DA:78,0
DA:86,5
DA:98,8
DA:101,8
DA:104,8
DA:107,8
DA:110,8
DA:111,8
DA:112,7
DA:120,7
DA:132,1
DA:139,2
DA:142,2
DA:143,2
DA:144,2
DA:156,1
DA:163,2
DA:166,2
DA:167,2
DA:168,2
DA:181,1
DA:189,1
DA:197,1
DA:210,2
DA:217,1
DA:231,1
DA:243,1
DA:255,1
LF:35
LH:34
BRDA:111,0,0,7
BRDA:111,0,1,1
BRF:2
BRH:2
end_of_record
TN:
SF:src\editor\engine\managers\tools\FloorTool.ts
FN:15,(anonymous_0)
FN:22,(anonymous_1)
FN:23,(anonymous_2)
FN:38,(anonymous_3)
FN:80,(anonymous_4)
FN:88,(anonymous_5)
FN:113,(anonymous_6)
FN:126,(anonymous_7)
FN:135,(anonymous_8)
FN:143,(anonymous_9)
FN:151,(anonymous_10)
FN:159,(anonymous_11)
FNF:12
FNH:12
FNDA:22,(anonymous_0)
FNDA:9,(anonymous_1)
FNDA:25,(anonymous_2)
FNDA:46,(anonymous_3)
FNDA:9,(anonymous_4)
FNDA:19,(anonymous_5)
FNDA:2,(anonymous_6)
FNDA:1,(anonymous_7)
FNDA:1,(anonymous_8)
FNDA:2,(anonymous_9)
FNDA:10,(anonymous_10)
FNDA:5,(anonymous_11)
DA:11,22
DA:12,22
DA:13,22
DA:16,22
DA:23,25
DA:24,9
DA:26,9
DA:27,9
DA:29,9
DA:31,9
DA:39,46
DA:40,46
DA:43,46
DA:47,1
DA:50,45
DA:53,45
DA:58,45
DA:59,45
DA:60,45
DA:63,45
DA:64,10
DA:67,45
DA:68,25
DA:69,25
DA:73,25
DA:81,9
DA:83,6
DA:84,6
DA:85,6
DA:88,19
DA:93,6
DA:106,6
DA:107,6
DA:114,2
DA:127,1
DA:136,1
DA:144,2
DA:152,10
DA:160,5
LF:39
LH:39
BRDA:26,0,0,9
BRDA:26,0,1,0
BRDA:43,1,0,1
BRDA:43,1,1,45
BRDA:44,2,0,46
BRDA:44,2,1,26
BRDA:63,3,0,10
BRDA:63,3,1,35
BRDA:67,4,0,25
BRDA:67,4,1,20
BRDA:81,5,0,3
BRDA:81,5,1,6
BRF:12
BRH:11
end_of_record
